{"__ans__": 2.198675497, "question_key": "AAEAACoD29W+HelUgB32vNEdu0NGxqJi7SH91iH1FLvNDOj2"}
{"__ans__": 0.901574803, "question_key": "AAEAAIEmRDzBkZ9M9+ff9T/chVUceCbKUjDRUevvvu5qU7ix"}
{"__ans__": 0.871527778, "question_key": "AAEAADPyyYuxYuSes2G7E9LHLkxu9ZNU6E237WmY1YOe/x0E"}
{"__ans__": 0.282407407, "question_key": "AAEAAHZRcTcYkYH933/Cssn032ygfGEqeWYsmkQNDzoVGdA/"}
{"__ans__": 0.441717791, "question_key": "AAEAAD/FZeneJxjntn5ZNSVPrjE8H7zsPVePpjl6GjCgUVK2"}
{"__ans__": 2.12195122, "question_key": "AAEAAEaEgf32q+1yViJeHIJAuLQPZuAAv/Btejc3b/gSDgZc"}
{"__ans__": 3.352941176, "question_key": "AAEAALsqS9OhREC42UojcxGk0w0xJKukJ4AFRvNYSGgD34Bw"}
{"__ans__": 1.819444444, "question_key": "AAEAAHHRJ0BlvQiYaY4jFjupBH/rT+SSVQR7RA9VaqhLHaut"}
{"__ans__": 3.25, "question_key": "AAEAACWN2WzcacP0QeYb1R6i9/AwT14+CQxOYsGWuWSDyTbY"}
{"__ans__": 5.833333333, "question_key": "AAEAAL/9YN4leLj5G1q+OyqQ/vk+bm8gB29rsa4YC1uox4Vk"}
{"__ans__": 0.21875, "question_key": "AAEAABqTNMM5ooou6dc6goW1jlnSTKePQFtnj5mvXWen/Ipd"}
{"__ans__": 2.078431373, "question_key": "AAEAAFkVTXgpL1MeFPsD4PhGaftpGlEPcl5VWImjTM7bU3/W"}
{"__ans__": 0.081967213, "question_key": "AAEAABiOwguGI1lILAGwbkPVhGuHQpFn4WiPfa1o9U8RjFbb"}
{"__ans__": 19.64516129, "question_key": "AAEAAJo0yQjaLPZysmGuk7bgctmnO6v+3NxoBEpNYjPMb0B4"}
{"__ans__": 12.640350877, "question_key": "AAEAAB2v4935tdkYURjLB/iDeWvl45iTNYhFG1prQeFjzo4i"}
{"__ans__": 3.020408163, "question_key": "AAEAALJaYVbBydD/6e/xXXO7mJvH0/JVd9d4yHKU0Y06MUoQ"}
{"__ans__": 2.189189189, "question_key": "AAEAAHYlmr8+DzSL7h9p8a4RE2pnFaPnb3TETVHvEoZ11TmX"}
{"__ans__": 4.043478261, "question_key": "AAEAAPZSaoGHckv00smkoIAAUYCfden8K9ZudYK/eM9exU1T"}
{"__ans__": 2.112359551, "question_key": "AAEAAOrnDPcIl8r4dKNTds9OJELueKL6xZVOj/kCa7ampXyY"}
{"__ans__": 0.109090909, "question_key": "AAEAAGHq58yiEm4rfQ6mFtZUE2iN08E4KoTdu1CTagYuZ33p"}
{"__ans__": 1.607017544, "question_key": "AAEAAGMs/2HJgXjZ9tK9zqOR7Gh+7DdcKjqjlzniHlHnwflm"}
{"__ans__": 0.415841584, "question_key": "AAEAAJo8cflZCA3hcwCzV5yxXT9qe2viR3mZs7RwHpB40ncw"}
{"__ans__": 0.949685535, "question_key": "AAEAAIZV7jnw7LGFDGc/Ldse3CJl52+GCOkuiR8DM3nVG7jC"}
{"__ans__": 0.647058824, "question_key": "AAEAAFdnuShyaJ85KUXcjsJfiDXKbEqvxo0FxAjrt32tvFFQ"}
{"__ans__": 1.475524476, "question_key": "AAEAAGrWxL8SnVtVEG7tsu4JortfnuosAswBPKeymfrLYTiY"}
{"__ans__": 1.514563107, "question_key": "AAEAAMZG9G0/WGABkSj04y6igmOTzdxOHZfwkTdcgUqjLijN"}
{"__ans__": 71.0, "question_key": "AAEAAHH+Aquci2tRcdZGlJInuYdkHkMUz4RbChBnwGss1fhN"}
{"__ans__": 11.798850575, "question_key": "AAEAAAt9WYSIk+oxhUOG1hfxWq2RqBBi2JPUyRfGo0Am/g88"}
{"__ans__": 1.967320261, "question_key": "AAEAAJZa8tqrwo7AdudPrXTKAMF7eFcIzsA4zwVyTEA9qNf8"}
{"__ans__": 0.279503106, "question_key": "AAEAAFOkBI5LhzxTJ+iOcefXdpIgo3WnnqgDJk8gD61ffBnG"}
{"__ans__": 0.319526627, "question_key": "AAEAAFbRJiZfAy3Bfjs5su/L+ePbHySGesgXqxM1puM0VBfP"}
{"__ans__": 1.848684211, "question_key": "AAEAAG9l4aFLM2br6WvBvn23ULjtr0KnG+SExiSRuSvq4DS6"}
{"__ans__": 0.220496894, "question_key": "AAEAACFkr+Ah7DOmTO+EXCQ/ecXexg8LK0PTrwwuA15QnsNH"}
{"__ans__": 24.947368421, "question_key": "AAEAANXAi3sxgQZJTZtrGRkVhYxhHvWCwitcmCNmn7/P7R3a"}
{"__ans__": 2.185714286, "question_key": "AAEAAATE664SaIGKR/x1++QpCCUAVl+0d4aaZeNz3RZLL2Ka"}
{"__ans__": 0.146031746, "question_key": "AAEAAGKTciAeD9Y8gnF2mQ0TqKm8RzHvOxsk102+cFh4YNi0"}
{"__ans__": 6.545454545, "question_key": "AAEAAHDfBCcozlNdEpczyuaRzi5FK1E8ZeXycL0J8/0I/pKh"}
{"__ans__": 2.012345679, "question_key": "AAEAADvm2xpW69uBMuOufXUoFXOouWZNrIlxbgBnk0Tcv9ES"}
{"__ans__": 0.745098039, "question_key": "AAEAAK8T1RsSw62gqxj1l//C5LYhak7hPF9vOTBDctIQAEJm"}
{"__ans__": 1.102236422, "question_key": "AAEAAPxxdE8hWZlGSFLH1cwTvIcBzxkih0jMpjr3cnH/Q8Iu"}
{"__ans__": 1.573033708, "question_key": "AAEAAA7T3/9jDkOCthJfByDigRjz/ouUe9D0defssoV9mbRa"}
{"__ans__": 1.510204082, "question_key": "AAEAAA/kiMkPZVXvLGHM34vG/H19Qt/U5/w1xqSVnm0Iyy3a"}
{"__ans__": 3.951456311, "question_key": "AAEAAKb8jGWQiEb39BKw40zxiOeknByX8gYpg7c4a6ZrDQDj"}
{"__ans__": 2.506493506, "question_key": "AAEAAJXykGUcL8owPwiS2reulwJCM2irIqEE8yZIhcQkyFtK"}
{"__ans__": 0.324786325, "question_key": "AAEAAE8W4LJ64sMVD5E4Bta8Sq037DGb8Q47QukJW0M04Yux"}
{"__ans__": 2.680555556, "question_key": "AAEAAD8eaDEvaqwe8t6v3NopRz/B7xZx32YMwnyF8SbWrzoV"}
{"__ans__": 0.95398773, "question_key": "AAEAAMZ8SpzwUF9apCfRGI6Bn7w8u/3bY4Xqiv+1XYCAKA26"}
{"__ans__": 0.73, "question_key": "AAEAAAabb0iPSwlURfTvhMryWNsviQ2SIw+QUtpFWhuAeFoR"}
{"__ans__": 0.3, "question_key": "AAEAALxh1MAyynl4a5JgH8nzElrnWxwz+GEAc2v+Oa5+TuwW"}
{"__ans__": 1.968609865, "question_key": "AAEAAKnBMRfE1JgJmtoFqvC6VKgJHj7pa8oMlt5xgv9FchGU"}
{"__ans__": 1.375, "question_key": "AAEAAJPL4PVoc6EV2v0AdzTDAsI5QN51zSDGlDxx2VAJQtlq"}
{"__ans__": 0.811447811, "question_key": "AAEAAOqh7bl53XmmcVwsfF1A12FaEzeqVmqHrhb+lVUG8iLy"}
{"__ans__": 29.086956522, "question_key": "AAEAAOCo8/T9nnL0tvj6WsgRyliT9/ctoY7lwBsbq0GfChMM"}
{"__ans__": 0.832599119, "question_key": "AAEAAKP6+cSy/jn6oc1yczsuZa90JrcPLTaDa0pg8QufUNPr"}
{"__ans__": 9.307692308, "question_key": "AAEAAHQsajfGUQ9ivOdwMqmvrZkyGrAwLg3hokRw5Gdwchb8"}
{"__ans__": 1.053497942, "question_key": "AAEAAKVVlBF7rgx74GxGLCR5zlMQKtLdbDdueobO9T6+V1m8"}
{"__ans__": 1.403846154, "question_key": "AAEAAGO2CoD+jqal9kULPNlFxnO6F7lZYjv3ySO2ISLNv8eu"}
{"__ans__": 0.256493506, "question_key": "AAEAAHEtg5Cr6mpwHI+t7iRoHJaUr6iQGg1OT4WCOw46Pta+"}
{"__ans__": 0.867924528, "question_key": "AAEAAMAfPlI8S6hhahUZ9Eh/EG1pwW7CVIs7RisxD7/KS+h6"}
{"__ans__": 0.250773994, "question_key": "AAEAAAFBschduHSnedMweBQ9X7gBoEAvZ2d4yZf13vT9lIKw"}
{"__ans__": 2.614035088, "question_key": "AAEAAFTMTwKqjpDb6XeuXa6HBLtdNR4LSeyhtkfEGYfOR+2Z"}
{"__ans__": 1.75, "question_key": "AAEAANfOAvFHmu9c5h/kEnbdXaRa+DGKVPgdMRM4cbK1nXNS"}
{"__ans__": 45.533333333, "question_key": "AAEAAD1m8V4c99YUspWyI0mBFBi0u+mAuizPTCgwkMwTt0eR"}
{"__ans__": 12.37037037, "question_key": "AAEAALXdr1PKDm608LJG8rm29qJvDVoeYr+zAUjoaPp0k6Lt"}
{"__ans__": 3.991452991, "question_key": "AAEAAM5Y1NZQniQvtXp3dEQ+7LBWxYI7S5br9tHmwWCepNap"}
{"__ans__": 0.318681319, "question_key": "AAEAAKjUGCrwHCOQ+Y+wvVV2RdMb1DMnSffQ2WMx0QFcuahf"}
{"__ans__": 0.423728814, "question_key": "AAEAAEUdOOoo04duLy3S8xTvht8ntLg9sCplVLZl7WimyN9l"}
{"__ans__": 0.310469314, "question_key": "AAEAAIHgIci1Wh2/VRKnEEVwg4xelRsl/JwnZoHdIEPGd35j"}
{"__ans__": 2.462328767, "question_key": "AAEAAJX+3fRq4itYihdjiTrJ/JZg20J5VTcjhDF6Kl4NM+ue"}
{"__ans__": 0.501538462, "question_key": "AAEAAMCt9V+ZN8LmLSVtvaI+4n1nPuQ+X2Ebn2fvDVXC9AMl"}
{"__ans__": 21.294871795, "question_key": "AAEAAGZVndu8b1KKkpDStV1nsoDCuczCPWpYASF4yO2cxd4O"}
{"__ans__": 2.837837838, "question_key": "AAEAABa0QhaFwIq5o8CDvoBDefFZqI0oJXTRGBtPbRuTFbEG"}
{"__ans__": 0.521212121, "question_key": "AAEAAPfd/+dylXVbFD4U9uGJ7n1yuwRx2YhT+boq+8bBU3ZZ"}
{"__ans__": 1.402061856, "question_key": "AAEAAFs5V/C2ms0dm43awx5nWAaNHDHgQTKVNk/SC5Ze6lHV"}
{"__ans__": 5.5, "question_key": "AAEAAAxQP3c3PKwiOF98usmz5u50n4yKQPp4GAwr6hggN51P"}
{"__ans__": 21.78, "question_key": "AAEAAHvhtUoUdYY0mJiPo/OgXjvzSHfexVA7qIXDZft4Qrl3"}
{"__ans__": 2.832740214, "question_key": "AAEAAKwxOtRMJGVXcpd687ivY05Rr3YOkyAlummnDmXlIBPQ"}
{"__ans__": 2.34375, "question_key": "AAEAANVY9CjrX5Y8OFYzvqHRc+NPZL0HLmHwXBPAGABuTXds"}
{"__ans__": 3.815789474, "question_key": "AAEAAMZhmXhtDncNkRRFYp8yISkE9qOEBFpf1C7KldYcdJuN"}
{"__ans__": 0.168498168, "question_key": "AAEAAGFcBOg2ZHqCXrZgn33lbkWjdZ38xScPTLJGgtP7V+iI"}
{"__ans__": 4.795454545, "question_key": "AAEAAIeiuzgWJjyjikvkmyxx93+gwdqAg84uaqoW5XIiiB6A"}
{"__ans__": 21.479452055, "question_key": "AAEAAIhgN4QEGI0CrQ7j6hRqq604hXg3NTcOh+ppD62UJf4G"}
{"__ans__": 0.533333333, "question_key": "AAEAACKVe4RDuvOJ/ogLYglJqBegC0Ksf/TMtL8LnZJ2sjM+"}
{"__ans__": 3.269230769, "question_key": "AAEAANYJj473EFucqnODZBjc/iHeHmqyfMcbD6wQ7y85Gimi"}
{"__ans__": 0.125523013, "question_key": "AAEAAI3EUgkjDZ9AO66HJ8T+YRCI99E3GLGSWeJC9U+78IYr"}
{"__ans__": 0.803827751, "question_key": "AAEAAH4i4CvQdsuhG83IEzcT8JdkLUhb+HG0TUrWykTw7AGL"}
{"__ans__": 1.422145329, "question_key": "AAEAAA3ljsgynnrw8q3PRhwY2r+y9dz8FmCiYOIdCdIyotkd"}
{"__ans__": 2.631578947, "question_key": "AAEAAES2rfh4KD7kuhyFrosWKAd+D5xvPcYjJCEobk1qnHFw"}
{"__ans__": 0.636363636, "question_key": "AAEAAGN+SxpWxE+Ig+tUPdGObhmKMDEBq8NowPcq5QtrP6U0"}
{"__ans__": 5.636363636, "question_key": "AAEAAPHjuqPjfH0DjuUyeR+M30m24ky6PCFkB/bfgvoooEuQ"}
{"__ans__": 374.0, "question_key": "AAEAAOGLW2VsBU4CldHSM/joCXJ2hPQuPupYbjOf8CmiZxng"}
{"__ans__": 0.26146789, "question_key": "AAEAABAAUJaALoME71pCY68papAAUz87UczF4BHEvkhbzJ4F"}
{"__ans__": 0.905405405, "question_key": "AAEAAPd+dmAEMEp3McvgzhVGxFhfbEklNWKc3GDalGagisNP"}
{"__ans__": 0.041899441, "question_key": "AAEAAA2zyOo6zr2rtRswdNOpIEPtY/yLF78YWt3eYDfblHUR"}
{"__ans__": 4.675925926, "question_key": "AAEAADx4xMBBsoEb9aipkNQeFrIaIbAlcaUWHY285uVP2f9G"}
{"__ans__": 0.07165109, "question_key": "AAEAABJzwe4uORfkWSfJkkX7DVdeMuPoyVQ8Ykipspn/wv09"}
{"__ans__": 1.218623482, "question_key": "AAEAAJm0wKKWxWBxsRZqjyVUjcyJz0jxlLIMhKV83HqUIkgf"}
{"__ans__": 0.93852459, "question_key": "AAEAAKiwGIj/FQJU5jaE509CxNFkJxY7fE31PE6xEEGEtoCT"}
{"__ans__": 5.4, "question_key": "AAEAAKMYcWXQTd+vABP2vmInBD+iMuNYrcc+0Iedgdqp8s9a"}
{"__ans__": 3.197860963, "question_key": "AAEAAGzaCxjpQSFEVLSVaR7wKQngiq/lVGtExb+1BVfTygIH"}
{"__ans__": 24.776061776, "question_key": "AAEAAO4vtTBsbx6+tLzOrqc7jQYw52GqLVY4B1/IU2MsXcsZ"}
{"__ans__": 0.378504673, "question_key": "AAEAAPEiK3X8R9TQDj1u37Hy4FE45OHFJ6tmiqTpk3vPpQ/0"}
{"__ans__": 18.549019608, "question_key": "AAEAAEJ6J8zpMiRs91aTGPspI/ygFRnVrROoox08S4Eqimna"}
{"__ans__": 2.913043478, "question_key": "AAEAAGmuIkqsb8V7/88cpQt8CUKajwUHB8dZKLV2spW+j9ac"}
{"__ans__": 0.462809917, "question_key": "AAEAAK/oJOyR3WcSREVpD1QtVElhu2/T/WZ6+hsDdzvplMS9"}
{"__ans__": 0.537848606, "question_key": "AAEAAPNsXKkfQkCZCmUaZtejtWG1XAAo6Zsea2r959ldZV3S"}
{"__ans__": 2.678571429, "question_key": "AAEAAAwaAOVopRMy3ss9Fj/BRc3S61gZ8B3ygDo4CHztNmog"}
{"__ans__": 1.797468354, "question_key": "AAEAAEdJ6jbG8qZHUllDXiGVHnw5rU5OQcnM08uwbOMDpByc"}
{"__ans__": 0.137681159, "question_key": "AAEAABc1T4qm8jdIzISTpS3WD27TRBMCF1V7kYdTnZVw+STW"}
{"__ans__": 153.9, "question_key": "AAEAAOLHgSYMRDul4W2CFP2l+3fNAYNd4ExPjmeIJ1JVAEnO"}
{"__ans__": 3.188679245, "question_key": "AAEAALWq6kM+rRBcAck7mSNVdx+fLDMspoyHKUGPAx3YgDrJ"}
{"__ans__": 7.478723404, "question_key": "AAEAAAg/9yxqeYKWg2XurUNkAC6v+xrBe5AOgMvOEFk6Rk3C"}
{"__ans__": 2.375, "question_key": "AAEAAIVzDeyHs1lmGyDAtANJIWnwHTA4bpW+VPAFutDa41a+"}
{"__ans__": 133.29, "question_key": "AAEAAH4llMCAdtQ8Oes827XaIW2otBbgn1ivXPz5s2TRXfxL"}
{"__ans__": 2.844827586, "question_key": "AAEAAANphmNuCbLddazJxIh4q8/Mx8rS+ldezG1OMIizhS9q"}
{"__ans__": 3.245454545, "question_key": "AAEAANFl5RITiPuQCV4DyiyqOyMN91b+MZlfIMHuF1rNXI4x"}
{"__ans__": 1.658402204, "question_key": "AAEAAFcjYpQrExwq7XvDxoKlNTgkzZ5XL75S+UTXmpEaj5AW"}
{"__ans__": 1.855855856, "question_key": "AAEAAOx//M6XySUVIkNmdWJ6Tw8bIrEl2xHFrtE/ZpVuGuQV"}
{"__ans__": 4.107526882, "question_key": "AAEAAITYHih6roXHaEqjDyHwvqp3rlLiK5qxVk84awFBxAlQ"}
{"__ans__": 313.586592179, "question_key": "AAEAAN0eW4aWBbT/yMMHiS6h0n4YAtozF7TFZRW7/CPMmQyY"}
{"__ans__": 0.385026738, "question_key": "AAEAAPtg8APL+kfouXwgWBcP5W7U3BgUkSEZiNsnqTt5jy/2"}
{"__ans__": 1.939597315, "question_key": "AAEAAAifwZAhk1MPnXhrqGVzWdtzwvHYhtqBlG+1M6EN1nmW"}
{"__ans__": 4.78313253, "question_key": "AAEAAEcg+EHA+CTPHzZDcKlOdQkRRjp6c5iLoXSJ+FhAvDz1"}
{"__ans__": 0.190751445, "question_key": "AAEAAOD+49J4dezIZK8NjhDdzBpuBlpXBFn+bm9FzEOEiI1k"}
{"__ans__": 0.51372549, "question_key": "AAEAAKM8+21l3DRfZK4JTEMucgKictHx83GH41vznFLtz+Il"}
{"__ans__": 65.4, "question_key": "AAEAAFUlE8/Z8v/yKNAtryHPFHU1fYvTh5G82IJZq1p5oIWy"}
{"__ans__": 0.296875, "question_key": "AAEAAFZh63ldmUOX1zAIPMVUIz0fkEj1gK5UppPdR2mlFqq7"}
{"__ans__": 0.76119403, "question_key": "AAEAAIvxtMEwtQ8Ib+czBAw4YybbH40+KhMNjGpo1j2RFYZz"}
{"__ans__": 94.333333333, "question_key": "AAEAAFk2CIEM1JcVWgHZyVEybtjPOimv25HjK2So2Juhd0J7"}
{"__ans__": 1.407407407, "question_key": "AAEAAOhfpzU1BBFNWNjMOoxTqimsfuW+rQ4wsnhmVwguUmiH"}
{"__ans__": 3.684210526, "question_key": "AAEAAGbzV1cSfTauBVd8FtbTMZ/376fNfedRP4JiMF8cY8ms"}
{"__ans__": 1.039215686, "question_key": "AAEAAF/TBiEtkl+n53hLQoxjup1ZEc9rnIa96cJ/CAOMIflq"}
{"__ans__": 2.6, "question_key": "AAEAAJpgSiylYfwBQO86tEJRkf3b/AT307qx7dbuFfTX/lBn"}
{"__ans__": 88.083333333, "question_key": "AAEAAPhcQgRu4pX6ixZVMqb2UcV6/s34738qJ+yyPHxPIaWq"}
{"__ans__": 1.467479675, "question_key": "AAEAAFL0XmXmBf7v7+K5COv8Foh15T5OEcauu/O8Qoktao49"}
{"__ans__": 5.688888889, "question_key": "AAEAAJU8D4VXESVvWWQxBeSZ8KKdESQtCM4wB7xFLErF0tjM"}
{"__ans__": 2.538461538, "question_key": "AAEAAN66iRahXaoPzrdxIxWcCPlHaSTq+Tkjy12j0YvK8FhI"}
{"__ans__": 1.72972973, "question_key": "AAEAAKdV2I5x3PonaGXsVJuxlyjWR7JPWQzqxo0kpxt9QFfq"}
{"__ans__": 3.352, "question_key": "AAEAAMw1Z7wmhMFmz0d4EZXpVRKHsfN5QVH8htgWBeXuronG"}
{"__ans__": 0.041533546, "question_key": "AAEAAK5aljpR2IjX86VAbxmF6l27OqI6Ib7+ccy5ocLCG4tU"}
{"__ans__": 21.016949153, "question_key": "AAEAAP9C60kMRmwD/kgGcqZ15mYe0pPV1Xss+UsEkm3GrWwm"}
{"__ans__": 17.642857143, "question_key": "AAEAALQCQVa+wtjZl3BnR72Jser7FJWOZ3CZyKELFy3+i/am"}
{"__ans__": 2.103658537, "question_key": "AAEAAOGfZe8i+80qrd2L7OUuwCBILA9bv5aXhi/pmkfW8ksw"}
{"__ans__": 0.766233766, "question_key": "AAEAAIQ/Qn4JsqKhYFuusH/B8C2lq1PCaEoS+FIiRqVTL5yA"}
{"__ans__": 1.961290323, "question_key": "AAEAABtgGZYbheGpwBJjhonHbTdfxQ6pJLVmj406yT1RTCba"}
{"__ans__": 0.84375, "question_key": "AAEAAEXb5ingnyaMmy+7bmDpOU0k183z7EkFsPZ5R3e7VWj6"}
{"__ans__": 0.682310469, "question_key": "AAEAALdbp+Kx2L7io0cCTH3ObGEzDnVAArlN/M8YiNGljMvN"}
{"__ans__": 1.087719298, "question_key": "AAEAACp3HYcFijLqMuRxyBwFLxCSnFcs81VTdQk/rtUS2Smh"}
{"__ans__": 0.105263158, "question_key": "AAEAAGM7w/OofTxafnUiIPEa4K40/oFDpV0lSjgmx9TO8/fo"}
{"__ans__": 0.595041322, "question_key": "AAEAAGX9RGdRlkrjFXBVlK7CtEyY4CgXmE2q02kGO2nCjPbh"}
{"__ans__": 0.583333333, "question_key": "AAEAANPuxa9Nfl3Vo4Ay1UdlXI+b+mvC7VuNfnVLkPPRB3mY"}
{"__ans__": 5.5, "question_key": "AAEAAASbPvl7aRibWkyqrnCchKbAlpO8tCVNHzXX50KqSDCt"}
{"__ans__": 1.275, "question_key": "AAEAAC4cTtYSemecIP5nMxRasTfmO8c0IPZfttdbEmp8kNE8"}
{"__ans__": 0.088757396, "question_key": "AAEAAAdvbsV/VmLNQTVfNU9NHlhlRYq0i8Hv28xacklSMeGB"}
{"__ans__": 51.537815126, "question_key": "AAEAAHrQ/kCBPkJJIn72a5BPh1UpoT7HhEts/uPGpKLLxkQ3"}
{"__ans__": 9.9453125, "question_key": "AAEAAHOHkN0rKf7yCYZ28M9y7S6gS8eInzImLACV6SKjeyMQ"}
{"__ans__": 3.2, "question_key": "AAEAALorMhQp+GsluEo1xy92Cs7cDIu90tDKTY+RkPOxbu4v"}
{"__ans__": 1.92, "question_key": "AAEAAMioohuf1ZP7RyDSdYT6pWxtTK7dSDU/eQ7JJg4XX0Ff"}
{"__ans__": 11.097938144, "question_key": "AAEAAJRJcu04X7b9VNDHXUjvXHWsuqUuusr/NiTUycJb8wkG"}
{"__ans__": 2.436, "question_key": "AAEAAIY/1CP9aopRmRhoWD+5s+qfkFSA6/hDm6AZawlDh40U"}
{"__ans__": 0.857142857, "question_key": "AAEAADFQxSEK7Go5OQpclQm4AqbXWDQgfsZHx1RvwZi+hqw4"}
{"__ans__": 1.557823129, "question_key": "AAEAAE/jUNC8dmAEP6Q2uovwoI+dCKGNMOJOYG7im+BRAFpD"}
{"__ans__": 1.006920415, "question_key": "AAEAAISRPDidzKBgDE+BEH4YSHqLZ/m7Q4w2U+smAO6R9HAV"}
{"__ans__": 11.033057851, "question_key": "AAEAAJVeNhdFY6vkrhpSxNr/GA2e/28VQsuwyOAnAltkXttk"}
{"__ans__": 0.703971119, "question_key": "AAEAAISotWPt7s5afSTvSsYXTlIdvwRjq493iDKsfg2QyiDx"}
{"__ans__": 0.351351351, "question_key": "AAEAAJNKhuW8bOKE6kyZdA4TbjQYnKi966tGgXHCXDAq3dBm"}
{"__ans__": 0.176100629, "question_key": "AAEAANgeja+eTORBeGS2bZufo0KS/RWUzoQUmglQlwqY32JK"}
{"__ans__": 2.127777778, "question_key": "AAEAABJ0A61qXtXINDWtlSEx28EIJELYAIlRs/gaBR+jtpuN"}
{"__ans__": 246.0, "question_key": "AAEAAHyC3RpeweI7T3XLRJb0nQSnXh0NFhL2qXxeB9sMXDFR"}
{"__ans__": 12.244094488, "question_key": "AAEAANoLg2CRocWWD3hmi5g32D1Ey+VgjKD//PHN8WZHLNHW"}
{"__ans__": 0.886363636, "question_key": "AAEAAMyUUD1gF33F2fvnQUTdlKIalpzYsSzDw97Q4oFCBjj1"}
{"__ans__": 6.266666667, "question_key": "AAEAAAliqNhd0BeNZW9iurHQPpkGTNubEnZJyYzjvxV1dXWJ"}
{"__ans__": 2.731182796, "question_key": "AAEAAN3/RSoiPGt71+aasjoCgHbga39EvYpHiRmHG1l/zDkd"}
{"__ans__": 0.221014493, "question_key": "AAEAAIKo0fO8xwuueOjuWQyOjMyaz8q4QdIE9eSLD/je3eby"}
{"__ans__": 0.969230769, "question_key": "AAEAAMJ8juLqmfO5ZthayCzKGsselhp+cU5JPDo4OSTl6LVv"}
{"__ans__": 4.924731183, "question_key": "AAEAAN0n1hj1zrM/6snE99iJvflzjwHSmOfZVJemn1Q5dtkb"}
{"__ans__": 0.413461538, "question_key": "AAEAAMdAhToHYniYwoXbi/ToRPUfzZE7XQAZCSXc83sVLNnq"}
{"__ans__": 0.128404669, "question_key": "AAEAAJWZ3gJ+uGUKe8/K0jXlbpesgHVBdEPVoU6lFV5+KixO"}
{"__ans__": 0.511111111, "question_key": "AAEAAAO4pZ3qIe7lYuVawzFpbc3dK+enFEz3ZL0zr39rpDno"}
{"__ans__": 0.529411765, "question_key": "AAEAAAnUzd1evEPaqhVNl+0PfjHDamQY9/wJ5yPZAdZo6J7f"}
{"__ans__": 0.268656716, "question_key": "AAEAAEB4dGAX2HaIs6zoOz7tlNd7PwhL6j4qhWOwJmsN8oA7"}
{"__ans__": 0.669527897, "question_key": "AAEAAE+wnCMrU8elc9EaGhcJqo6BudtRzsqIC+pkJ5mKeXbk"}
{"__ans__": 3.797202797, "question_key": "AAEAACGYDPrDHPE8pKHnZzSo58IVJ0KjkQs9CssJsWNT6TKb"}
{"__ans__": 3.390804598, "question_key": "AAEAAN4KiA0gDLylx35dra6bv5ird9MUn+wZm3gPVnpa9RHd"}
{"__ans__": 0.573333333, "question_key": "AAEAAEPORuXXcqrpYofgUsZj4KUFwatt2n7lZzh+wmOFdYOl"}
{"__ans__": 0.376996805, "question_key": "AAEAABtKfmAX+277KX/H7V9qiBAgf4D6oJEtEuvhfIlFpPWs"}
{"__ans__": 0.87755102, "question_key": "AAEAAFMWUtKQymyyUwrZNKKw3PsYzX/tHfZudnVFY2ny2I/c"}
{"__ans__": 2.781818182, "question_key": "AAEAAAZ/ZRb7xajq5TlCALu2XxFrEw8ZKZemek/41YIIWt4T"}
{"__ans__": 7.795031056, "question_key": "AAEAACKYnML6M3+pfAXPFFFEXLEfIyjY9XOFIIUgEPXNpfKn"}
{"__ans__": 0.398809524, "question_key": "AAEAADyYYhUYyzfyW3FjAmSoDZM8ZJnZIggg1jL62WL96Z8U"}
{"__ans__": 5.539130435, "question_key": "AAEAAJ4iCW1WEGNbuvoNNV20qETErkPw6FKINVCwn2Oy7u3W"}
{"__ans__": 0.195652174, "question_key": "AAEAAPBsQ+MIG6kT/iE9GHSZsduGjJEc2fRGdEppfRpfrLdy"}
{"__ans__": 0.751879699, "question_key": "AAEAAP+cGyej56TJBcVZyAZEYkn854e6+lrJQCNDvbP1eGU7"}
{"__ans__": 0.922818792, "question_key": "AAEAAOkLOSk5gpunN+2kyZv9CI1bKkKeNvuLgD+tyxIfq77d"}
{"__ans__": 14.142857143, "question_key": "AAEAALPacoOFEFy38oTQBWr5XigQ5PR5zsFBFWmxjEu+OXmX"}
{"__ans__": 3.643356643, "question_key": "AAEAAN0rIhFKIdX2KPyGqJ3auSjfkb03HV++sZGajHGtmpXW"}
{"__ans__": 10.717391304, "question_key": "AAEAAFvTo+h+SbJqeOew+oQlk1iNK7t7QHUtvOayd4cP87t3"}
{"__ans__": 1.592885375, "question_key": "AAEAAJBmCq6l3QArPjJJnGZOOO89Y51xZRbsXVcbndNmaG9R"}
{"__ans__": 1.571428571, "question_key": "AAEAALoXKUEU7J2pf1dNUqp9kUo+cgEkp+CG/FuG0lvPFVNi"}
{"__ans__": 0.487309645, "question_key": "AAEAAFK2k33pGLcnpSFs+Xvgyy/XkpuNzOnM2jS6Pexm019W"}
{"__ans__": 67.071428571, "question_key": "AAEAAJdOktA5a746g78v3Iwne62Cqq2Y2+LhCCJBaY8Ckpds"}
{"__ans__": 1.269736842, "question_key": "AAEAADImy2oUCZrkgm3bw6eMViNv15DqfvrvvYdf8QyzpTxQ"}
{"__ans__": 0.389671362, "question_key": "AAEAAFqC94S2Rw0NZmwZUV3e3DVfyK62wkU58GDFgYW97gER"}
{"__ans__": 0.174657534, "question_key": "AAEAAGHmDCGNxbjJjfiVkDou15ROo+OhDuMLnpR/6k6NEsck"}
{"__ans__": 0.395061728, "question_key": "AAEAABqkEcGyqyKmuwHdKPUijrFmDl0uq9Rv4WDgrrXBTJ5V"}
{"__ans__": 5.357142857, "question_key": "AAEAADEugKac3Zsl8lykLgVQHTbb5TuOq6w9vP+di8CpEOzM"}
{"__ans__": 1.615384615, "question_key": "AAEAAD5XTcZ/U0qtdRxrhvQtkBn0MK8Ba4gPVjTNUObkqEa8"}
{"__ans__": 2.512345679, "question_key": "AAEAADbwQ265KsJLe7AJzEZZ6gewmSSZ3zogmPCmU6Pq1E7W"}
{"__ans__": 0.5625, "question_key": "AAEAAJVvruZtceHo+E580kIyO5OSUH8uYdgB521O5eAnZaSD"}
{"__ans__": 0.078431373, "question_key": "AAEAAI7+mE9LF0aGitq7k/AeEq0iHxiL2dqnybozU9sDFfXy"}
{"__ans__": 0.931677019, "question_key": "AAEAADHF47yQRdGRypbnpXc5Yq2HR4Bm333hroQ9vZYfbnd7"}
{"__ans__": 0.06185567, "question_key": "AAEAAGQpcndlhTzbsLH1S2+OlO++hpthSWmljSC1yL8l11W0"}
{"__ans__": 0.988023952, "question_key": "AAEAAIfMvTs9C9YWHdQo8tJCtkACClbKJ2oWVaOGbl1w9CfO"}
{"__ans__": 2.536585366, "question_key": "AAEAAMlVUivFkFRijFc9HZr4vu9prE0E2jip8QkE2Kfac3WS"}
{"__ans__": 1.18226601, "question_key": "AAEAAKQkmlu+vRqogy9Bgg0OyQ/DfMdDmz0ssDbFzwx3BCic"}
{"__ans__": 43.285714286, "question_key": "AAEAALwXrrLKjlGwifGiZxflPl/RlyrOR5ZH7txsXVZF2VWM"}
{"__ans__": 0.388489209, "question_key": "AAEAANl+Ha5q4IFVWszp2qTqri5nXRQAqHKK5KbbLk4ZHpVn"}
{"__ans__": 0.381818182, "question_key": "AAEAALlzIVNznlJ/4F4EtOuxXlSjYYIwKAdvFGNRMMpgsdzL"}
{"__ans__": 5.128205128, "question_key": "AAEAAEXcJm+YGuK1aRLcz+ZzFmyHUKi0narkAZhIqYnsaTae"}
{"__ans__": 0.156156156, "question_key": "AAEAAHHxogA9wRuovDzcZR0IDPcwswxKCoJJsJC6dv8oYRfW"}
{"__ans__": 3.956521739, "question_key": "AAEAABIk29McLqvKxuEuKYzqPE327Gur7hBcp9C6aTu0JD5j"}
{"__ans__": 0.388888889, "question_key": "AAEAAOevB9lC2w/BtV2INwpXESF8+PRxWrjinHLl97oHh0Mc"}
{"__ans__": 0.987951807, "question_key": "AAEAAOcJ20SEUXp0l5oUOpHRHcANDmwxv2N+TiRIrwOS4i5D"}
{"__ans__": 6.506097561, "question_key": "AAEAACUfKW27hQJHZIIh1CQwswEtZBuyL7NKLqI3kWEatVQd"}
{"__ans__": 5.652173913, "question_key": "AAEAAHZoTobp06/xzLnBta6uEgT8DuciFXe+/IVf9cXD0qug"}
{"__ans__": 0.294642857, "question_key": "AAEAADuDeK9yxRE/BTCgdhvxoWpP6fVMrMRzKTcYdicCbMEb"}
{"__ans__": 1.810810811, "question_key": "AAEAAEku/qWdQj7kGXZcVSt8l1c1E+9VI819YIjNDBZL+bdy"}
{"__ans__": 9.7, "question_key": "AAEAAEG286DSW3c4naZ+YZj5LyOm0YMLfC7lrQRkjxj0RBRD"}
{"__ans__": 1.527131783, "question_key": "AAEAAExMTqzTy/S0AmlofCgY9J93TYX626bqZbq6rubMlZmm"}
{"__ans__": 0.276315789, "question_key": "AAEAAFxXZ5bZldlS1WNi6nMqN5fud6EzBQrH5+ORcI+8QjBE"}
{"__ans__": 3.142857143, "question_key": "AAEAAI6YbQCOaHDs4BezNkNhKibZAQfEicgbqxxevfcaHjO/"}
{"__ans__": 0.532894737, "question_key": "AAEAAI/bkBB7g9oiBLjOeSKcl6wkydEuWldWi8bjdYYsdf03"}
{"__ans__": 1.933333333, "question_key": "AAEAAI/n1U2hTaH7zrLo8YtDqIk+PliQGGeIE0I10S+tHpPQ"}
{"__ans__": 0.67816092, "question_key": "AAEAAGrligjszjNyaLVQz5CR/1MVVwCX9w/Z3AW9flzMD/EB"}
{"__ans__": 2.358333333, "question_key": "AAEAAKDlGpUk1VQyOj1lnBrk3jq1LV2K0QclQvm1n+i6MyfS"}
{"__ans__": 2.867768595, "question_key": "AAEAANaVRTGG+qJfp1PjyMF4KOZBniu5Z7mfsJ0TYD0RWDqa"}
{"__ans__": 0.592592593, "question_key": "AAEAAD46HcWtdST4TN9Gp8IsfBB+ZN6dCLEijeTHThk2bowA"}
{"__ans__": 10.049261084, "question_key": "AAEAANd3HlEyG8HsM2xqntF7Yq1LAgxKrH94CwWc9Lp6Zv96"}
{"__ans__": 0.579268293, "question_key": "AAEAAOtYy1DY4r9fy3ckmyJkKRkBCSTWE+QllkYr7W1uxxg7"}
{"__ans__": 0.527472527, "question_key": "AAEAAEfrsYEIlwzoq+9u351iiQAyRmFTPQiYLINzKGFtWza0"}
{"__ans__": 0.716923077, "question_key": "AAEAAGBTUCBzzOnNDa6I067mch2BYOGyfh0WfZQl2iIKRjR+"}
{"__ans__": 1.208588957, "question_key": "AAEAAL4l97yYr1F9gHEjYAS+KuaUrtYQY3feHcnIzM2DWZDF"}
{"__ans__": 1.711267606, "question_key": "AAEAABgYLJfRUTw3G3nHEoWMJf4YhehVH4R7rCfooCQBx/PX"}
{"__ans__": 0.337349398, "question_key": "AAEAANwr4U0Sl9lQJO+GSClbvL0oqc82FLHW7KBmAlpuqw6I"}
{"__ans__": 24.611111111, "question_key": "AAEAACIOcWHrNa5RGpqIAkcmRnkRIW7lujVQxpSTBIm/TL+z"}
{"__ans__": 0.374100719, "question_key": "AAEAAO07J72dKxxtqJz+948M8er4ubMWPoG113PtZ97KZ54Q"}
{"__ans__": 0.35620915, "question_key": "AAEAAGzYe2ONPZJp37dMjEXtSH+fREv4bdSe1WCFIGphZrgI"}
{"__ans__": 1.984732824, "question_key": "AAEAAFd4JuS+HEnm/qfNrz+RxmXGP7cUagpwDMCJIXofSDpU"}
{"__ans__": 0.048128342, "question_key": "AAEAAJXypMkmZcyJXPzNE+X+AQgGxp7PrQEXa9zk/h8wyAbI"}
{"__ans__": 1.916129032, "question_key": "AAEAAEvkyXWlczKWFQnL4hEY4cnPuEvBnZCsNcrZrVhJDwS8"}
{"__ans__": 26.974789916, "question_key": "AAEAAAGMZbDSfaYRrt47E65R1wdPEM+/kP8pZUuKJWLSxuEC"}
{"__ans__": 0.050445104, "question_key": "AAEAAEd4HjrKUFLstpV5xHkLiPIt/ld7PRrbYxvsRF1f5zA/"}
{"__ans__": 1.05, "question_key": "AAEAAOP0zLm0E1TOSWJaXuMYUbklt5W43H+WftjpY6NbdJhA"}
{"__ans__": 0.048076923, "question_key": "AAEAAJRMB8pIVeLLj1c+0Kxrsg6mLRT/VA05PAi+8qToIlzV"}
{"__ans__": 0.661016949, "question_key": "AAEAACRFhxyZ/n/foZvQQyEZkiIweNhR+GJwhsJwLnnaudFR"}
{"__ans__": 0.21761658, "question_key": "AAEAABav1IOUB5bD8IBatzrgWZOsIzK+tN3B8BTx/8KPud1C"}
{"__ans__": 0.064846416, "question_key": "AAEAAFrEfnd9U2N8CnhKJA7F4X+HhYO/BQcoa7AFm9lF2m5o"}
{"__ans__": 0.418032787, "question_key": "AAEAAJjXbyOEmwhwn8RLWLCG4KsVz20t2U6LNKWRQiTi6Jn4"}
{"__ans__": 35.208333333, "question_key": "AAEAAFbDGl43abFuBbqLwyQ2G1MOQ1/GdYgpQdd5TkRd6o5Z"}
{"__ans__": 3.381642512, "question_key": "AAEAAGIE3+jRXIno3lgOqUjtrXLxpmF/W3itR3J0Ai36BRau"}
{"__ans__": 0.686868687, "question_key": "AAEAAAnKVTucXJrV6ov9e9zk5rd7mFUAt2r1D/ng97zhE74W"}
{"__ans__": 308.823529412, "question_key": "AAEAALrGoLfu1HRYU2HjXrLxIwjWejq+g+iQi975MXHOONgI"}
{"__ans__": 4.928571429, "question_key": "AAEAAGQLnMrSG88vLLQVmCprAhDE0aC+gzuOcmkk3/cFQgeU"}
{"__ans__": 1.168604651, "question_key": "AAEAAKvg2RZXDBCaWHKQhsqW9OUCnsyHmfdLZJGozID9sd59"}
{"__ans__": 1.815668203, "question_key": "AAEAACfByw3ChVOCj4e1WtSjtkQdtDdj+yy8FtdUFjFeP7BV"}
{"__ans__": 0.155279503, "question_key": "AAEAAIxr8+ariey/3EKyDbwX3RpL4u0P0DE3xr2BI1b5XHRN"}
{"__ans__": 0.927272727, "question_key": "AAEAAEG1ckV45qfNgJGUsxV4Ki1YwefN2B2yiH3XuJ/Wz3ke"}
{"__ans__": 1.769585253, "question_key": "AAEAACgXHuhpW0MHaNrZvbQk3Ds34TAaRAX0J9UJUw6L3G32"}
{"__ans__": 1.425, "question_key": "AAEAAC2KUxY3yHlK2Nny47MQlHIHglqiE4kJJeMeI2+CRtNQ"}
{"__ans__": 6.363636364, "question_key": "AAEAAF9qb365zwycOO8iPEJkeTGv9NxUh+g7GFI3o662tO39"}
{"__ans__": 2.64556962, "question_key": "AAEAANO6Y82pMek8l2A2M7iWRWqlH3FOWYgz8d6pZh4B1QhS"}
{"__ans__": 3.183486239, "question_key": "AAEAALfARKfl9o1rDLSHC+LsnlKQH7iRXid1H4Jt3co818z0"}
{"__ans__": 0.796460177, "question_key": "AAEAAPLz5cmp6gkpZccYjnmas9Kl27LAa7l27ecDJVkw5m4c"}
{"__ans__": 1.795918367, "question_key": "AAEAADDuV32m/bOsNZVEDy+BJtu5TQtkq4ZlzdrlL4y6zPK0"}
{"__ans__": 0.139130435, "question_key": "AAEAALdy7LWYqvNwhEMhIRqhPh8ic4V5VI7BKqatra3P3vDs"}
{"__ans__": 1.089285714, "question_key": "AAEAAApAEaINa0jlk8SB4o+j00tU/tsY6R02ia/UcZshh7Xc"}
{"__ans__": 3.223463687, "question_key": "AAEAAC35kuZZoC9x4g5ykqmwHFuYQIgSytscWj16SrGfPD4b"}
{"__ans__": 3.918604651, "question_key": "AAEAAC4TuUWfyhbb+JFUOo2uQDBnqcHMC1L8pLM+g844TrMM"}
{"__ans__": 0.097378277, "question_key": "AAEAAENxv3/LSlPtvFWXBqgNnd+ThuThDFNpl9fDldFH5J4t"}
{"__ans__": 10.117647059, "question_key": "AAEAAEhHZ39uqYWRd5RrCEBGfvK7Fqp5OvC4yapnbr5O8vc2"}
{"__ans__": 3.909090909, "question_key": "AAEAAKrDo+CN1hG8Wo3yVpLVNbdwzFPY5IJRmDRCfGLvm2EI"}
{"__ans__": 1.638709677, "question_key": "AAEAABo2qEsgTmLqzxRrYRskLPXdXfpv4snZnNVrlGTlj4b5"}
{"__ans__": 0.944099379, "question_key": "AAEAAPLRohJbLc2//qy83lc89VcBc2hVvjFdBcF/BDQ2ipQY"}
{"__ans__": 0.72826087, "question_key": "AAEAAAFvVenYD8t/GPM+2Y6ysBp8dXo3HSHDHCHz2w7kD2JU"}
{"__ans__": 0.220125786, "question_key": "AAEAAFlUEOxfPdv3iHXwk0+xgajW8Xi22GPdln7eqDNs1E7P"}
{"__ans__": 0.769230769, "question_key": "AAEAAD9/RTz3xJnhzQUj25HrQabAn8gVHcM3GwbrFgCm1VL2"}
{"__ans__": 0.478991597, "question_key": "AAEAAG1BZfClmuRwwXQJWgTuKpl5cLAy1kSxoSYSH3MJZV+d"}
{"__ans__": 1.955156951, "question_key": "AAEAAMvrtvYlAHs4TRM639UZUa2FWuiCZ3vLBFlYhm0pAO8d"}
{"__ans__": 0.391975309, "question_key": "AAEAAHJXOehS3mrf3NORZG4capvF8DSBHNuYogD1bP7Gzbf7"}
{"__ans__": 3.206896552, "question_key": "AAEAAFJuno1Ti9C0XA35GQScU9WVcPY/1m/WC/4Z+Uk3eID5"}
{"__ans__": 0.408866995, "question_key": "AAEAAOEwpNhUDwoz4TAwPocPXknrK6Cg0OQ2NwCjYKC0zA5G"}
{"__ans__": 1.52892562, "question_key": "AAEAAAcEWF4UXw7rqlBr5gcCNkpCUHu990Si1J0NAmuWhZVP"}
{"__ans__": 10.681034483, "question_key": "AAEAAGyQpYS9WN9DOfxNFXmnOIMIAZBkp87DQOynfFEf4u5l"}
{"__ans__": 1.017241379, "question_key": "AAEAAL9yJOLmqPztFHA5fOL0uOcbLkjqPMfuYz/H6zkqBVA3"}
{"__ans__": 1.222972973, "question_key": "AAEAAPTRsrBgn2oLN2e5B1EuYwlrMaQAeNBmK5u610dx2hfP"}
{"__ans__": 1.986842105, "question_key": "AAEAAGvvDH3n3oWnU+xH1XTuePIgVBxnFIS2Yb9YI0V37ijL"}
{"__ans__": 2.639175258, "question_key": "AAEAAH/AOep5WlW1JHSqJ+eBYulnkwBNYDwXQEM+sgz4qXzq"}
{"__ans__": 0.99719888, "question_key": "AAEAAKwmpj1NWwUrWA4dnBvCybLo6y8Tv8rAL3S9d24j0dj4"}
{"__ans__": 5.5, "question_key": "AAEAAKC6Q5B9nnektuEtN8xYEJPPRfO+KvWOeVoBMDBwLTAf"}
{"__ans__": 17.995215311, "question_key": "AAEAAOreCmB4aJkvEyGtLLM0gnu+e/g7v615xKKTBxpW80bb"}
{"__ans__": 8.963636364, "question_key": "AAEAAGEv5wh2roxK6HgNhT4tp0TruShrBYDZk/eGQfBXgYq4"}
{"__ans__": 0.927536232, "question_key": "AAEAAI6Gq7z5oOrMGJL9tAmLaOEX9hpT2jYgGKdL1uvg3Mpc"}
{"__ans__": 16.629032258, "question_key": "AAEAABV2Owmm7tUeAskmgeL+EsyLNmTP5Nm3dV9oUvYkYDt5"}
{"__ans__": 4.16, "question_key": "AAEAAAhiHrincmJFFgrLKYH5qYaeutmqVM6B00ncaBdhDr2G"}
{"__ans__": 9.092592593, "question_key": "AAEAAKmQIzM4/UJQVRP+I/MbCO2XbZQJR6PBy8j2gWwHZjbO"}
{"__ans__": 1.153846154, "question_key": "AAEAAFyU1RzWpKVDa2OYqT0jj80KxCQtH2JqT5HGYpb/8H3u"}
{"__ans__": 0.126482213, "question_key": "AAEAAKBSnzrHYuVQOnOnmfvMZoivrlLe3Y8Bu2r2YlwR5CU7"}
{"__ans__": 0.480519481, "question_key": "AAEAAGND6FxvrwXDV7Je0OtaBybeE4jOh2pQBkBzuw2GxsLX"}
{"__ans__": 5.289017341, "question_key": "AAEAAD5D18Cq3Hqv53dFw/lrYvICNoN/MQK32uW8FuyjuLsS"}
{"__ans__": 0.387755102, "question_key": "AAEAAC3wAU0BBSywglsTJyKRo8H96Ck7tc9HyBtMe7cJsQIW"}
{"__ans__": 5.714285714, "question_key": "AAEAACDdQ4lg0OZtM3FVTSgqRng8pUwP85N1ALHuDI9FS+je"}
{"__ans__": 1.894230769, "question_key": "AAEAAEUd9K/9CyEPW9vseMNRxuZuNurGCfLX3w+V1E3c8wtv"}
{"__ans__": 3.053571429, "question_key": "AAEAADQysBtyzuEd1+U95YEN12unW+sHEeUe3AHeHIGZTycK"}
{"__ans__": 0.464516129, "question_key": "AAEAAAhKVsj7zO+PDtw33vB3JWbCGVlcJi1omXKUm9Wr5Ir+"}
{"__ans__": 0.393548387, "question_key": "AAEAAMnXC2ZTk8VXdnBMBwGWwMKN0g1dIBbOxZHICx8QMLZc"}
{"__ans__": 3.940438871, "question_key": "AAEAAHvJN8YthQk3xfRglTnfD3STAzTZqmGSBBZ+N+9fy/GO"}
{"__ans__": 18.045454545, "question_key": "AAEAAO9Vth7uRjlOuS9In5YWI1XFFpUwRn49FVF1ERA0ELQe"}
{"__ans__": 0.17032967, "question_key": "AAEAAKpOhDuW77qkFBEh1yNeSiAZOuQlfLLiYzelDzpWHWZB"}
{"__ans__": 0.13015873, "question_key": "AAEAAMB7GZhxGuV9amZEryX9jIuOYNFAKqsy5Slgoz9yTbps"}
{"__ans__": 0.983122363, "question_key": "AAEAAKb6qtFOJzZwhZkKQEr6GKym2GUh7QL8IVbmg2TajnF0"}
{"__ans__": 208.142857143, "question_key": "AAEAAJm7p39R8oVnHIuJj6hq4fCHFGws5QfuIAz0KYi4eAUf"}
{"__ans__": 1.442857143, "question_key": "AAEAAA388ToeBIE3Z7JYGVG6eF00hZQVJmFJZ4akWwGF4bcM"}
{"__ans__": 0.412955466, "question_key": "AAEAAOulVbma94IprpNeziB73zMJuCBhaxC/5Ook3vBYk6aX"}
{"__ans__": 0.8875, "question_key": "AAEAAMWJkbWDbPyh4IOgvPR93wDZD27DRjkRIxb1sVr1b2Nj"}
{"__ans__": 0.203883495, "question_key": "AAEAAN2MZ+Qtn/MoOb9UBqsZ1SocWUK44DBjnePHRpJILyJ7"}
{"__ans__": 20.1875, "question_key": "AAEAAJS0EwWZ4rN74p49A2d7/PA3FYjbfxLGEukpEUFmtvfR"}
{"__ans__": 2.205555556, "question_key": "AAEAABQdL4Use4X3WF3wPrQHMwOoWe7XOPrw665UWOnGCQk6"}
{"__ans__": 0.451754386, "question_key": "AAEAAJCeDXUOil9OidwJg1uu0nxAAGb5/I0e1VPfvRtwhI2k"}
{"__ans__": 1.661764706, "question_key": "AAEAAIqOPqUmy/LgoQ9BHmunrtMjKqhvptupTxmp9dNnb9AX"}
{"__ans__": 4.296875, "question_key": "AAEAAKF/nuny0eDXBZB/rcMfl2FH47DcpzWyWlGNxpAss8vw"}
{"__ans__": 1.837423313, "question_key": "AAEAANHCYB4mIefcnRhMEcsPJZaDfPtjiBGDrSkhvZsU3u9a"}
{"__ans__": 0.717201166, "question_key": "AAEAAEyNzrBOBzT1q+p+4dl6YdO8Ek02knr1G95VzBEnH+vG"}
{"__ans__": 2.768421053, "question_key": "AAEAADhmeTKk4cJEv36Is6O933tVNN1nPu1nN7I0/Ja4qexo"}
{"__ans__": 0.105263158, "question_key": "AAEAAG5k34sC4ILFDboIY2sqK4JRrELlkf7z69fTTL54DwDv"}
{"__ans__": 0.310344828, "question_key": "AAEAANTWC16zaUgLgi/yc3admLlEJfJWDoAVhJ5kWtj6t2dH"}
{"__ans__": 0.66, "question_key": "AAEAADPY4Mx/G6gqGf+MqozKyAjS9pIvg2pD9PKzg4gtUVgl"}
{"__ans__": 5.545454545, "question_key": "AAEAAHPMjXfFBmKoSEiNNKBwFiAr47DSlBkVQJHWqIJNxEbj"}
{"__ans__": 1.530864198, "question_key": "AAEAAMlMn9Q8xx8HMb1z2wB+AM31Z+mzJuz9PQTVxwosuqrP"}
{"__ans__": 5.821428571, "question_key": "AAEAAEwYO8RJFeEtHtSjq3Wlgp91lp+cmN+JwAlxmP7+wMKI"}
{"__ans__": 3.465838509, "question_key": "AAEAAIQmTTNOV/wWPHZHNHqMewqHtqOenxTcv1Ca9TMhfYga"}
{"__ans__": 0.345794393, "question_key": "AAEAAExKaSsFUa9bpPWXuvBLGlZYYJ0KlE83c9Ql0dX5LKO8"}
{"__ans__": 0.642405063, "question_key": "AAEAAIWZQCcixqBVoXuzR4ZAczISsHle2RwokEsi0PhQnx7V"}
{"__ans__": 1.368421053, "question_key": "AAEAAB5I4RjPs/L9fnGPkBsgM8AakxMtpkDbm/7ZnK1xFL+x"}
{"__ans__": 0.029850746, "question_key": "AAEAACKE+c27L54ec4OfyF6VZGDCxtn964lfIEU/TpGJKE76"}
{"__ans__": 2.219047619, "question_key": "AAEAADJK17UXvhRzGPksCyEH9s8Ou8Kooe+7fH86k0CDykMQ"}
{"__ans__": 0.405405405, "question_key": "AAEAAABvvbK8KCBtakbp0ykPdBGMfbu+sCPTHR+6A/huPmmK"}
{"__ans__": 0.604651163, "question_key": "AAEAALCzT1cQC4Lmv2PYNYoZb4wMo6HQChHVuaZ2xsFwKdxr"}
{"__ans__": 19.363636364, "question_key": "AAEAALtwA8lozVPCNMt6vugRZHplepsQSK1qPAXqioLa1iK1"}
{"__ans__": 0.79338843, "question_key": "AAEAAIZoCdIZE76F4Roda7gK8ur3FTIw93ZCIHv1Uf/2qlVi"}
{"__ans__": 0.545454545, "question_key": "AAEAANCdCBJiUME5+bmQdJVGqQQYaffvAZRZrUGCqXhuXeEt"}
{"__ans__": 0.451428571, "question_key": "AAEAACbhUc1lBgV+p0w3tdht9xmyP00/dgX54DH+83rw3v4i"}
{"__ans__": 1.739130435, "question_key": "AAEAADibNLvNfMUTcT6ZEBKdcVCBFdX1QUFiRF/wJd1CxumV"}
{"__ans__": 0.438247012, "question_key": "AAEAACzF9FfpYrtqiHUm7j0SNRcpuSh9T/8Y4WIAeiXqJ6N7"}
{"__ans__": 1.215447154, "question_key": "AAEAAJKeUle13vwEp8w0RNAONTSANt7qQ5D37a9SsLdC/CVs"}
{"__ans__": 0.923809524, "question_key": "AAEAABGMNitBfe0VRbNi48edL0aFFM42MwYG0JGEGT6Mx+ZY"}
{"__ans__": 4.083333333, "question_key": "AAEAAN5J7edATiO1eOj9wGP8ywIS9raoDbnVY9mBEMy8TNFN"}
{"__ans__": 180.0, "question_key": "AAEAALIY5FnhAovkDNJUppdasOKPrSzrvhgMNkl9w00KIY1T"}
{"__ans__": 0.973333333, "question_key": "AAEAAK/Iur454ekenYbsr16aOXVR9CSNEVzcEBsTcu1gxwDs"}
{"__ans__": 7.28, "question_key": "AAEAAMeLLGBvsww0AZS+uhwZ6ikyufWrve1zq6TbIDnX+xez"}
{"__ans__": 0.55033557, "question_key": "AAEAAOord0RSOlTLEgqZf+lE8uYTDEzYMOWOk8BkZpZJwn0X"}
{"__ans__": 2.5, "question_key": "AAEAAKdPioKimhZmlsFvsh1R2Vx42A0UzXEATuMMqIwxvRBG"}
{"__ans__": 2.140794224, "question_key": "AAEAAIA8uCr6Axa88wjHpFqcRjG7GANTVr6lzPfh+hz4ORrA"}
{"__ans__": 0.086538462, "question_key": "AAEAAGPm65E+/HAhaYJTkNbdYUeCVSgE9zxuJqywbXprXnJX"}
{"__ans__": 3.623076923, "question_key": "AAEAAB2kui3HKVLw1SFzfzE0NJAITHcqRmRqhYg92MCtGeZz"}
{"__ans__": 1.401069519, "question_key": "AAEAAJdizCK4vbJNPTFwH5vIoCWUZR2PDvPTYEDvIP2iD3GO"}
{"__ans__": 1.391129032, "question_key": "AAEAAB1sO/A+9Nzo2r4xuGTR9Jc2r0wgjWcxCqM2GmPCZRTJ"}
{"__ans__": 12.804347826, "question_key": "AAEAAAA84HDYHTPHMyvDSz13ZZBqt2ax4VlEltGVIxO/Pae/"}
{"__ans__": 9.45, "question_key": "AAEAAMtRuHi+uJnk9TGeKjo6Kbin07uNSM0cUBXUQxw9dgU7"}
{"__ans__": 8.401639344, "question_key": "AAEAAOpVDYx2sfkxzmUBI/+I+Mm4ycgUKojpnO/hDTD90QD9"}
{"__ans__": 3.904059041, "question_key": "AAEAAOOIrbBIolEXhFbMN8E0JGz17ZoL1KtLCpfOBLZFEBGA"}
{"__ans__": 1.924050633, "question_key": "AAEAADkFqmeiSePO3SAyvPMCW3zpieDd9zI59Qnz3qg9o4D9"}
{"__ans__": 0.56097561, "question_key": "AAEAAMc+Vcvoe7OkKaATwJY2ASE+Ua5lgWucfkZ8Sg07Mhrq"}
{"__ans__": 2.978873239, "question_key": "AAEAAM8sgBzKF/WwLDHKJMYhND96aP8YUXCXC7JCT55QBjSz"}
{"__ans__": 0.578947368, "question_key": "AAEAAFUuXphFngbspOaWExqI77dgQzCIVUKqDPwo4IL5mbHB"}
{"__ans__": 0.263157895, "question_key": "AAEAALAMJASWDS8wsmTIoeDLxSZ95nlwcmrR7LLus8OdOaF4"}
{"__ans__": 100.752808989, "question_key": "AAEAAPhI3WSxIQQvnewmds6YmiaXtzGpeeuAQM6t6h8S10GK"}
{"__ans__": 0.555891239, "question_key": "AAEAAGcpeFvoQ4KKwrmngTol1M4JBs2rAeKEByvvKG/39em/"}
{"__ans__": 4.823529412, "question_key": "AAEAAKcChmtq2okJQ23zt41Mkr7HmDkiZiMShHdNQAlY0oA/"}
{"__ans__": 10.111111111, "question_key": "AAEAAPKqUbBRB+9vVcDEbNtEfo7x78Ex+ZJsIFWeh8JDe63D"}
{"__ans__": 311.75, "question_key": "AAEAAOUNn/mwMXtBx7/cOPgEW3CpF3F1JBxYG+CAof7FYGW9"}
{"__ans__": 0.548746518, "question_key": "AAEAAGL/e3EVSlklS6Sn3nMtddO0tyWdB9F7HIphm7y5TxdZ"}
{"__ans__": 40.333333333, "question_key": "AAEAAHSyNWQsF/UZ8M/fPTKksSW65cnKs9KV5n6d2wiwUrPu"}
{"__ans__": 2.12195122, "question_key": "AAEAABbkoSzehoa/vcxGfBDCcDUSn+ggsy06kN8H/8pxyLGO"}
{"__ans__": 0.882352941, "question_key": "AAEAAIpGIIu+5eEqoS7o5LaKlN2jL1rQQUFEgmv5y2yru6S/"}
{"__ans__": 1.170731707, "question_key": "AAEAAH72ILAXG14Q2msvlvL5ZMhH7OsWz1bP46aRA4PkNv6h"}
{"__ans__": 0.53030303, "question_key": "AAEAADWilEZyL/MgJj4RDg7o8i1rh9AO/XvZ58zyZBnbaPEn"}
{"__ans__": 0.60952381, "question_key": "AAEAAA33VwfwhkjFeGo5xZI6QR9VrRdJOkwU3SMbZ+YaqLc/"}
{"__ans__": 1.321428571, "question_key": "AAEAAOwWPnk9sbcqR6mF8bNYVCH8qUC0p3nl4d5hp3USJ1Xr"}
{"__ans__": 8.785714286, "question_key": "AAEAAOe6CJLuZZppmuAIz5oRKBA0pedseXFitg0GGn+S2+8X"}
{"__ans__": 0.501492537, "question_key": "AAEAAEDVNaI2bJNXDtP6hw76O5AjoQCnPLSuCr8nTURTQisQ"}
{"__ans__": 1.554404145, "question_key": "AAEAAPVS24NnDDWyggnxW+u4CPcIjcIBtoNXGdfC+tURIXJ+"}
{"__ans__": 9.766666667, "question_key": "AAEAAAxYg34A9zAsd/SBVH4ZFcfISIlx9d1vFFLbL1DGIRFm"}
{"__ans__": 0.17721519, "question_key": "AAEAALUhK7d0gQk9a64QxPTx9bFj7akgR5/uc9PEDg+DQezq"}
{"__ans__": 1.035714286, "question_key": "AAEAAO/02XGBeBfhVgXfABHuQ+HYR0b5RiqGBqxBCRs2CIh3"}
{"__ans__": 0.637037037, "question_key": "AAEAAGhEjfEoIHgxvdwHef186EDSFuM810izNm7iruyQZxdW"}
{"__ans__": 8.29787234, "question_key": "AAEAAFoxRSeHMeXAM7okS5gJasWswyZg1ZIPLur8uAwV6t/P"}
{"__ans__": 0.063122924, "question_key": "AAEAAHCAAi5DPQRNyaKP2D8JQ2cbHUSCqStZOczHkTD0R5Z3"}
{"__ans__": 0.785714286, "question_key": "AAEAACSPGbpYuCemSgX2WFEwkMgCKGQLRLMplpCTCxt6D0m0"}
{"__ans__": 0.011320755, "question_key": "AAEAAL1QAV4EjwFYZCp05CsBIsn/5CVjbSli3PHZzlp/bRD9"}
{"__ans__": 0.97260274, "question_key": "AAEAAJopTUbK5uw4kWNsI5DQiEVSMx9WhDNeIleq0+q342xZ"}
{"__ans__": 1.430051813, "question_key": "AAEAAFwcyeTSrr8pD4lXs9Xrp8sKRHUZ7OZChiYJm/QT+0A5"}
{"__ans__": 4.846846847, "question_key": "AAEAAAQvqhJ72yJBpYJa6rbRqqQIZGvzf1bVbZxs/Uf4tK4k"}
{"__ans__": 1.536423841, "question_key": "AAEAALgRKGfDXa/M8WPIJRUJA1AuHVxLfNya886lGf2zkof8"}
{"__ans__": 3.647058824, "question_key": "AAEAABf1vJVBHXQz9xKDtu+UVumTdknnqn/479E5Z2iYgWV7"}
{"__ans__": 1.156794425, "question_key": "AAEAAKTuRk50+quliz8ofI/SjHLv763O+mlBabFxuQIHYT3J"}
{"__ans__": 6.104651163, "question_key": "AAEAAGFq2QKac1NzIzKdpgjJNaGEVJblmb6m9+UXSC0+qShG"}
{"__ans__": 2.429906542, "question_key": "AAEAAEoJ9fLJb9H/+gWdwcxxueB9pNSNFc+jZKLpbCX8gniz"}
{"__ans__": 12.916666667, "question_key": "AAEAAKCMwpLAEbuf6rO7mu4CdtNYGS8z9H/hySfhf4hWCiX+"}
{"__ans__": 1.058823529, "question_key": "AAEAAKUr/OWQ6W6ThwPp/3z9yDpewXUgaLbNWmuDEQssptOs"}
{"__ans__": 7.361702128, "question_key": "AAEAAFEEFCfAiWXIADHCxjlJA3NAKl51wkyVJFdVsYNuvt+r"}
{"__ans__": 0.320113314, "question_key": "AAEAANBXufYNnjFJ3GlnyKaDWd3ifTiPv+GUtQMvTWPBfMAE"}
{"__ans__": 0.032738095, "question_key": "AAEAABvrwk3T23yJ33a/GUana4J2VA89S0Sd/+8BBYloSwSD"}
{"__ans__": 0.162629758, "question_key": "AAEAAOyrtlalsLx+hbY1cUPDwbprzyDcNYFHgboZ8f16uXdH"}
{"__ans__": 2.37037037, "question_key": "AAEAAHQCutL0kK00n0CwnoMuCfvwSMkI7kuT3zbHVwwGf0E4"}
{"__ans__": 7.5625, "question_key": "AAEAANjzehjJSSay+9KCJ4GP8F9OeqBU8+E9sxVnQW4lVAoi"}
{"__ans__": 0.580645161, "question_key": "AAEAAGFsgYG5JKHGLJPbnxNGofivYTTkRWc69fc1KFTYgy/+"}
{"__ans__": 2.056338028, "question_key": "AAEAALEQ+aziaHwtS1l2rRrbWaaC/6FsheP2eiCFJtqVjWWt"}
{"__ans__": 0.080188679, "question_key": "AAEAAFhA2kXzFx3lGTcxqxUAXAVQw+t1ibRIOu46N9gfrz4S"}
{"__ans__": 9.472222222, "question_key": "AAEAANFoEtJ3gnKacVx0w4b9Mp7HGk5TGQKfLtrOkbMAkUsF"}
{"__ans__": 0.720930233, "question_key": "AAEAABNmQxE84k77P7S5YI0duEK0G9bMxs7JGHRtY/+YxdTV"}
{"__ans__": 0.923076923, "question_key": "AAEAAGJjYSfcLj2Jy+5zGL/tlfLSj1YK8Dfu6OBNafj6MI2H"}
{"__ans__": 0.166180758, "question_key": "AAEAAGHsi4ec81Sukx3WrFBrojJMZXHBKKjfh+3Wg2uqZ+Rk"}
{"__ans__": 1.255319149, "question_key": "AAEAALdV2C7GXl+pr/gC33a1Gr8pLqmBpFkvo2nWEBgGzI8j"}
{"__ans__": 0.716981132, "question_key": "AAEAAHBdER5CgY0iz1LvxfYC9N2nMJPJ4T760I/76f4i/j5k"}
{"__ans__": 9.943005181, "question_key": "AAEAAFHuwAadjXYYH0s/jSgmmygw09WUkfZhlmdp/SZ8sxlq"}
{"__ans__": 0.253012048, "question_key": "AAEAAIkn5Bffs3FGa7btpBMCWaLuipETqo4FJBuM43P2bbHh"}
{"__ans__": 1.115942029, "question_key": "AAEAAOMG6ItN4m1sEQBXPQb60y9Mk7+tWgJlfQMMpt6f2UkC"}
{"__ans__": 2.076923077, "question_key": "AAEAAGDodbb0SJIsMBjT3blTJGzUIGoZkpe0dtcNGlxc7xqD"}
{"__ans__": 4.363636364, "question_key": "AAEAAM/fSRW7ZfxFUBWpI8sFKUTGSsUZ1y4wwd8+N9weGQYh"}
{"__ans__": 0.790123457, "question_key": "AAEAAEvtApP4IeK2nqXQydZr2GluOhm0mUuMvUKUUhgtCR5B"}
{"__ans__": 0.473684211, "question_key": "AAEAAA+luvDACa5wB8mrjdwnrHi3uscZHpvEUo4bO+nxDlw1"}
{"__ans__": 4.513513514, "question_key": "AAEAAADAQNstTEsvnWk05d1OkVu81esStDa2tEdJV0w14yvj"}
{"__ans__": 0.688022284, "question_key": "AAEAAIEiN9rrZY0Mm4xaqQUhA3S/Oj2aQWOLu9vVlQEyOcvl"}
{"__ans__": 1.078571429, "question_key": "AAEAACILW1y2uUSwhFr3bYJ5+PKwx9vdZ3ONI/wzCxiVLV7+"}
{"__ans__": 0.25, "question_key": "AAEAAJ4kqyyzyaFv7Uw/+5rKWY/jHW5jVReejXSF8VwZ/4Wm"}
{"__ans__": 12.684684685, "question_key": "AAEAAFKYLtw2jeUMrK9jTsVQN4l4ThqhMclPepcTdBVqNUMq"}
{"__ans__": 3.220779221, "question_key": "AAEAAH3daqS0fnFOA4bp3YxmLMxmVc+hPb074LwKoylFkBGC"}
{"__ans__": 1.144927536, "question_key": "AAEAAEDM6+XGYX4wZPvJ+Wgxy/lMIWtQ7j5uOzAx2uQgRW9y"}
{"__ans__": 0.110367893, "question_key": "AAEAABGE9XTKagrqfld2K+Dl7CaBTc0ujny8QLdDFlL6GAIV"}
{"__ans__": 0.141176471, "question_key": "AAEAACuoxU8P8qxLNx2325oiOYwUUp4UYikmetv//yOJI13z"}
{"__ans__": 10.75, "question_key": "AAEAALYibC1swr6DzxBrhMXCQIoTIOZsTh3tU6H05DDVhWxs"}
{"__ans__": 0.642857143, "question_key": "AAEAAEJxUdcHBWOznIopbXgKKb+9aNOseL76Vt9h7ywyQKEN"}
{"__ans__": 2.19, "question_key": "AAEAAOKzYEjiXZ0VzOcKMIkfz9gURqtP7XKjt5le/MSEboVh"}
{"__ans__": 0.323529412, "question_key": "AAEAAPqgT1KFMccYDp+Oxw5NJra9+WdVthXmLaQy6LfTkmSe"}
{"__ans__": 1.245487365, "question_key": "AAEAAFY0m5sCS5sb4XCuuI3UlOlPszh0scy44pkDUgT7QU8T"}
{"__ans__": 0.93852459, "question_key": "AAEAACVnGv3ZFWaxuamhGXMwY09gvEFB9JZam41hyjjCbMad"}
{"__ans__": 9.55, "question_key": "AAEAAAgSoN903xzPVrYTCqJ2dzWaVAeUU63YNdg2cUJbsaO9"}
{"__ans__": 18.105263158, "question_key": "AAEAAJTQ6s3QevIig7DvGA6mB5b6vCqKm5WN5jpLTD5xsK/P"}
{"__ans__": 4.881118881, "question_key": "AAEAANOuMKL3ksatr3Ta3viWt6TVNBUxtb3riQBhFNuCp2q3"}
{"__ans__": 6.424489796, "question_key": "AAEAAIkrVP21mnT5Tyw98Yr1Lutmn52cqgZIBtdKy80QpTuM"}
{"__ans__": 1.080808081, "question_key": "AAEAANiRREDxBMxa//iAlwb6ttM1aM86mvr3z4V42HnZMko5"}
{"__ans__": 10.135416667, "question_key": "AAEAAHdVWT6l/hNbV5QBs1VCR7xpYKcaa64WI4yPB/oxYjX/"}
{"__ans__": 0.43902439, "question_key": "AAEAAGnk0/mNogd+XrKlwFIxguVZO07nDTPp4oIKYJnUZWTH"}
{"__ans__": 0.956140351, "question_key": "AAEAAATMM5Z6vOVqc0yWCsxirVpI9k83uj8s+x58HUSxjMV9"}
{"__ans__": 0.045454545, "question_key": "AAEAAMxizNC0DKYOYlHq1piv77ouU5l4Iww3Z5gB5q3O+A22"}
{"__ans__": 1.214285714, "question_key": "AAEAANAocmZJGdyQduhwOU+Mg9rD9y6rB1UXJ9PFIJcSii5W"}
{"__ans__": 1.984126984, "question_key": "AAEAAN2chGaplnSKXtT0VTiRnT4AF05dmJ1zcfZA6kVD8QJU"}
{"__ans__": 1.639344262, "question_key": "AAEAACMslyiouzd4Uy6kwKmcnKzT9wA9/LGEz4PpYbabdIff"}
{"__ans__": 12.4, "question_key": "AAEAAFONiblf4feL2yLLlg6fFm+KRB2hS/DfPKmWqi7i1IY8"}
{"__ans__": 159.428571429, "question_key": "AAEAAAwmBij255aT9dEjpyEzqNiT4UIHKDf2Rv1QbEW7zmS7"}
{"__ans__": 3.954954955, "question_key": "AAEAANBsMBY1POOoAbq1ly/4zpmW4zTUCr5JaqTU+pBW9VQf"}
{"__ans__": 0.457894737, "question_key": "AAEAAHcssJakgwj4ihcxoDzdbMJlXncIavZXY8ENTQAh1UjV"}
{"__ans__": 0.008333333, "question_key": "AAEAAAb8SMWqk8YpdayI+CYb0GjdPjAKSeaRylZuqSj9cl3C"}
{"__ans__": 0.153203343, "question_key": "AAEAAJ4k/ed+kBo2F9S0RhHg0K7sdJeSlMuAnQ/wsqGMa8Zf"}
{"__ans__": 7.35, "question_key": "AAEAAKYICNDw5gLu6tAHhgdYXsMXTZI1iMQLzXx1bclC+DIX"}
{"__ans__": 1.933333333, "question_key": "AAEAAPVfnmfHxTI38AGiesXhfBy0Ii+W8yIcfVmsHASkJBB3"}
{"__ans__": 4.977777778, "question_key": "AAEAAEv/bzXL/B8ovvBKM7o5JzqM/bLUROAsP7sH7IVAoMv4"}
{"__ans__": 4.46961326, "question_key": "AAEAAHUcVYKpiAFDmhepug43Ov7tKsh1g468IcVS5pQS6Ffv"}
{"__ans__": 6.65, "question_key": "AAEAAGKDCwkyf3ZiMkM7zqy/gd3DJZ+JCj9IwjqItNM96Gpf"}
{"__ans__": 2.275167785, "question_key": "AAEAAC8B8TDmO06n3HVU7iZUPFo257EB8q784szJuPvoZqaf"}
{"__ans__": 22.388663968, "question_key": "AAEAADH1flSfHrV3MJUj0nlGeIeTj4EbSgVi6MUu6mF6cngz"}
{"__ans__": 5.076530612, "question_key": "AAEAADWWweHDE8N8oUqNFBvkb6KNXBvM0CrrFbVDXsURjcdp"}
{"__ans__": 0.128205128, "question_key": "AAEAAPJ+W8UkNUBjLoXJ9WmRgIgjFlpHR98PKZAra/ulAytz"}
{"__ans__": 7.454545455, "question_key": "AAEAAMPkfhKHcODW/phGoX19SkoFbZuW9fiulQOTN/8qX3Eh"}
{"__ans__": 2.690721649, "question_key": "AAEAAGNmGO+UCaho7pLWXFucY4lZqEmfCH4ltP3fFB+EUphT"}
{"__ans__": 0.143478261, "question_key": "AAEAAFbguFMuHGuPnrrKjGXyfBV8XAl7TlocHqdXugv5tPe7"}
{"__ans__": 1.930555556, "question_key": "AAEAADD8N70n5ycXZxBlclrL7a1qtxlOuXYT3qqDU3eoSke0"}
{"__ans__": 0.756756757, "question_key": "AAEAAEutgmqURiEoIce7VUXZl7UDvwDRp57Y42fY39tpIYwR"}
{"__ans__": 1.8125, "question_key": "AAEAAGspaBMx6/W2sRu7548ANhxyeHJAL7gDK0aQxaZhXADg"}
{"__ans__": 0.076923077, "question_key": "AAEAAKuAc/xhlj5X5Hw7lIu+aeWMx7QvcrvVQOnf8OTOdt6U"}
{"__ans__": 0.081920904, "question_key": "AAEAAAH71+BH7a5bP0qxQ6MJOHuEciHLvQbCEhXl9WgooOeF"}
{"__ans__": 6.5, "question_key": "AAEAAGREKP+Bl58bPQJ7Y1fFHABlfh12Gq7xtcrF21JFpnzu"}
{"__ans__": 0.930232558, "question_key": "AAEAANu70Ayb3n94sNvbidMns54/TTH/90sMT+Kt8yU8nwZi"}
{"__ans__": 8.696969697, "question_key": "AAEAANzWm5j3y+Z7LIWQ4mk5Vg3AUUCUO6eg0kaVVDYXnbGs"}
{"__ans__": 1.059701493, "question_key": "AAEAAKLnGA2bJ8n/KdRoFentn2GsNgCbV1ldSi4KPXS3ueVb"}
{"__ans__": 1.916666667, "question_key": "AAEAAFO5PQ/3mN+0iqkt45ecIpy/t/qGnM1Q2kWo6r1y219e"}
{"__ans__": 0.341726619, "question_key": "AAEAAOfiXGhNh7r2Np0MYpEsVTTnepq1hFOYB1pHaEOv6f4+"}
{"__ans__": 2.75, "question_key": "AAEAAAmcVuDk0FKTWKpylxLnB6QaEZxB+wPqcSUW+YMFnyvf"}
{"__ans__": 5.183098592, "question_key": "AAEAADeh+OiP4on8pE5xHi2Bk4pCejNJySXMfdf+YyKw6EYt"}
{"__ans__": 0.27852349, "question_key": "AAEAALJ6Dqb5CrDBQIA0aSW40UnJ09aFS1w/0pk65op4eLF2"}
{"__ans__": 0.143266476, "question_key": "AAEAAADvrIRcX375XH79L50AUgmyNFW+d7H5grylrd+gWQxl"}
{"__ans__": 5.090909091, "question_key": "AAEAAFJmlogQzEccbsaByRBXqrYInhOY6sxTavqFCgIUOuuz"}
{"__ans__": 0.555147059, "question_key": "AAEAAKRHGof7SiC6xWbJ/1CVzxOm8ZRoGLzAzJUnKA4mZdfO"}
{"__ans__": 1.603448276, "question_key": "AAEAANG8MrfWUif8fKB8lrddNo+afaaQScuuJRHVoAnE97GB"}
{"__ans__": 0.059375, "question_key": "AAEAALlOjvZSZ3961B4qrTzqpvL5J7jtIbJESC6ij6Hl3ZB1"}
{"__ans__": 2.101123596, "question_key": "AAEAAHOmCQtbB5Rx4SGV45SchUO3BT60b8XrA197sfA/7QvU"}
{"__ans__": 13.215384615, "question_key": "AAEAABSUHWXhWB6xlDJtxsm31nXb7w13lJsulonObSrsQHVA"}
{"__ans__": 2.867403315, "question_key": "AAEAAOEct7Y1wjn/yz6wMTH1yg2f165HuxAp3SeFYyn+q26A"}
{"__ans__": 2.318518519, "question_key": "AAEAAGvQxgrA41Yn1bRQgdcn2dSH8WaG4k0hiPJi+YJMp0po"}
{"__ans__": 0.653521127, "question_key": "AAEAALRUJQOf4etLnd6qcXsIAGUhvGSPC657Aho3p11PS+9m"}
{"__ans__": 0.688888889, "question_key": "AAEAANa6aA3t/HCHKis3K9INDi6SDfZwStKZ3tPfOEtGEIto"}
{"__ans__": 1.155555556, "question_key": "AAEAACE+HhX4DMuizCeJjpDjwm+3MH5gqLqSIk+eGeBASsyN"}
{"__ans__": 1.629090909, "question_key": "AAEAADq+C333gWN+TEDoXMen4UQzVpEuWQwyoky1AoC/KKer"}
{"__ans__": 9.0, "question_key": "AAEAACnb/LGFubW9kEdO7MRPaCk0+Yg6iqoz7sbGhlV+m5FQ"}
{"__ans__": 0.105072464, "question_key": "AAEAAG1prr5ubAtJzRIuJ6JSoRsG+jM6yRFYXTWpVZRFievo"}
{"__ans__": 0.097560976, "question_key": "AAEAADIVuvOnzvgsEJBmmDL8csINjw0v+dj+cH/M364AMBaM"}
{"__ans__": 0.452991453, "question_key": "AAEAAAmv39L7EUnNLE2OLwB4CHKf0EOL5ZRF26YjP78/cM5c"}
{"__ans__": 15.625, "question_key": "AAEAADrsuUElYqDPrA2LPkddcOdTr16nXiqml7CEz2BK9u9x"}
{"__ans__": 0.422360248, "question_key": "AAEAAMnWNInBYse9CDCAXlI0hHipMwS+oZUipLPN0PTrAJbe"}
{"__ans__": 1.947368421, "question_key": "AAEAANxFc9xKc2ZRmQucZ5asiHkf1suv4nGrhDTaA9pFbSjo"}
{"__ans__": 0.49, "question_key": "AAEAAPsdi8htuRTh11eM0ZWElUY3Hw0Ch2J3RwM+0KyipCV7"}
{"__ans__": 1.085365854, "question_key": "AAEAAMTYl6hOAAR+iWgUn/V1+3icb1p2A0yojlGxObr1zQGX"}
{"__ans__": 0.289473684, "question_key": "AAEAADOCLtS4k83cDLCl4/RnTBGLEJ4dLO0qI3QqTIJWsavG"}
{"__ans__": 2.306122449, "question_key": "AAEAAJc+pzki/fk0sk/sk2qvRlB/MTd50gao8u2/ZzrGQZQ6"}
{"__ans__": 2.507142857, "question_key": "AAEAAJMPdQ6qGJ9I1kUGTRAsuS5uBwGkyaoc3gjhbcKwgHo2"}
{"__ans__": 0.902222222, "question_key": "AAEAAOcVPcQYyNsHdg3Oq5NNYhE0V76FUweYvVh48SNfAaPT"}
{"__ans__": 1.355932203, "question_key": "AAEAAG67/FJy+tHUwUTEAN6GWfVdIQ7QOIh99tHToRJGF/uY"}
{"__ans__": 2.432432432, "question_key": "AAEAALJ/i3fW1zvqtPteGsVZcApnipO9JCuQmLAtie9XQAZP"}
{"__ans__": 1.111888112, "question_key": "AAEAAAaqAYVRwE8/IOahfMwQGX509WRNiLGy7ofnoJwwC7XK"}
{"__ans__": 0.361111111, "question_key": "AAEAAPBMZ2ebIKhhCrqsq6B7N4Jt1FZA/+7VAXUVNuVjwH8m"}
{"__ans__": 2.036516854, "question_key": "AAEAAAUVNkpZMDD9C1se/0lBxrYyaqSH4Yjou7LbIxNW6V4h"}
{"__ans__": 1.156462585, "question_key": "AAEAAEL9cxdMpi2ZeDIMDwNRyHhbwoGiCzoFZLub8gStX6/A"}
{"__ans__": 1.311764706, "question_key": "AAEAAPbIRncru0H17FqTpfoZAXS53mlb+KrPpAYgaFZLdaVL"}
{"__ans__": 23.796875, "question_key": "AAEAACMwUQEiCKVCZO2yT05CHa+UwIhttEagWVZKhzzykJ22"}
{"__ans__": 0.338912134, "question_key": "AAEAACcsk6mCT2BIe/Qg/tMcOB0XgnbGL6L1S/IM72C5ZZ/q"}
{"__ans__": 1.668367347, "question_key": "AAEAAPKRcq08QJDRcf9g2mi8V78r0g5A21OVhqlnMmU+F/Ib"}
{"__ans__": 0.62295082, "question_key": "AAEAAEWbEdT/LwsqmFkPTiQdIwUZ1BF3cJZm1IcmISTM9vIy"}
{"__ans__": 5.935483871, "question_key": "AAEAAJgCQIreanTCO7u64p40/FjO7c+QAASwYPfZyrPa5yhP"}
{"__ans__": 0.455696203, "question_key": "AAEAAOMX6xfT0TGm7VTxMaKPHLc2K74wTGqgTFJhr8qQuJfT"}
{"__ans__": 3.957528958, "question_key": "AAEAAM1m6TGXnr04zrqhq2vKBewAzG7zxmze6UbwyiVuYSvJ"}
{"__ans__": 9.359550562, "question_key": "AAEAANL+eiU1E8E/LpfvXy6RdV/dNOUVhVuc3SxBkQagUJEn"}
{"__ans__": 0.5, "question_key": "AAEAAI2pVjyGxPI9hTQqsCwd7CHypCGA8SRSfjDyP7uQlVKM"}
{"__ans__": 4.034482759, "question_key": "AAEAAH0O00ri0Gbmof7znbGCnMMznBR+vDF4Q1EkZiQcMLSR"}
{"__ans__": 8.614035088, "question_key": "AAEAAArdngGBlWo/HjRY1TkXImTVtwV0kXaKnKSzEyIxOTk7"}
{"__ans__": 1.08411215, "question_key": "AAEAAEG6w6Ff1m3409xGwixw/1oIaLZJRIwkTKLnMbd+mONb"}
{"__ans__": 0.549707602, "question_key": "AAEAAH7EIn+lXSGtrFTWOn3oz+86mAy+wVLlkhUl82QLr8UG"}
{"__ans__": 3.843373494, "question_key": "AAEAAGQvDCvVP+DN3gRYQomndn/FVl/kvTWaWCk7LTwadxH4"}
{"__ans__": 1.557312253, "question_key": "AAEAANz7KdMriLGaauXcPwoCOwO2p+HoVDOOpNlw5D5lgfBi"}
{"__ans__": 1.25, "question_key": "AAEAACrz/Itd2bet5svJpkkh+ewNdSoXIpVhk5WLuAx/E5f9"}
{"__ans__": 18.94, "question_key": "AAEAAHpBXvZ5TG1qwEHEArAT1e0+1HmOusCVabsDIozjbetW"}
{"__ans__": 5.222222222, "question_key": "AAEAAG0N7MdIt+gLaa58kgrAcceGP83aDL2BLMZIzWmFrrVf"}
{"__ans__": 5.284122563, "question_key": "AAEAADaTj2dKPb0NgjGYI6sps1X/rbqiOUAisCysM4YA9ZiY"}
{"__ans__": 0.002849003, "question_key": "AAEAAMOUxzLPxn9RsXCSdZ3YyLTL3RDMw1n4ELMERHZm2ANe"}
{"__ans__": 3.272131148, "question_key": "AAEAALovcSxMoa9ZwBwK2keAP80tvP6LXQUeUepH0i9hBrsM"}
{"__ans__": 7.529850746, "question_key": "AAEAAOIGxXabKhM4j/x8tAqvkUigQtwxjuWPbg2vBzqA/h7q"}
{"__ans__": 0.885964912, "question_key": "AAEAACzIrXlGJjMHyXs+aJgPjp+3juVtyMwUOfBfgI46yXEc"}
{"__ans__": 0.762820513, "question_key": "AAEAAECFKTisKLcPD/Z9K+b4NXp7KcgfMgFtMV7DInrZzqb3"}
{"__ans__": 7.666666667, "question_key": "AAEAAJcTGy94JATCyUdIEOMxfYX/aWyxKApKmAtGm812+iFz"}
{"__ans__": 5.430107527, "question_key": "AAEAAEtkT6G7yskj4JTu0TICafZtC6GD9yhAqTFT7Z9pTdhS"}
{"__ans__": 0.333333333, "question_key": "AAEAAPU8wKU6/SgX964l62I27b5a7po2phil0Xojg8xIAfvF"}
{"__ans__": 0.77027027, "question_key": "AAEAAMLXys0aK3nN3gnridbEqe177XAkq8dCLDjnQg7VTn65"}
{"__ans__": 0.776223776, "question_key": "AAEAACUIc7NmsEKVPR1UPmB5OlqbQ4SBRqtTbC+7KeeI13oa"}
{"__ans__": 0.539823009, "question_key": "AAEAAIF3rch0i7Ry1pPcMgci3IYHQDI6nuJ6WKQC6Ci8VsMA"}
{"__ans__": 2.304347826, "question_key": "AAEAAL9jByKbrVyMLEalfNjuZ70BozK2rT4ywrCNCGVUPMjw"}
{"__ans__": 5.5, "question_key": "AAEAAF3X0/LE3tC+T9EUwN1K+bQPh4HH4Y/MbcbB+MvLDGX2"}
{"__ans__": 2.470588235, "question_key": "AAEAAK39tCyndPTIT5JSAaogGnk4ziVN7aqLWEXSnNpoVIUL"}
{"__ans__": 2.08988764, "question_key": "AAEAAC3tZOoi63+/EjkgHu8pnKlcb4uLo2ZrNKt07b0t3nw6"}
{"__ans__": 0.765100671, "question_key": "AAEAAKUOu4UspFaBWJZb1kkzBbEOLmtugZ8nYxUCystZZcTv"}
{"__ans__": 6.777777778, "question_key": "AAEAAFogdf4/zvhwHZc3uayoxVDASd4SDQIRgNPnJZiUyyMY"}
{"__ans__": 2.245614035, "question_key": "AAEAAIYZXGCWYiSpw9CFJg+TLjQmRp3TzW1Bf7vsDee0mOJE"}
{"__ans__": 0.136150235, "question_key": "AAEAAOaTB2eZZTYIWdLwePbDwGgQlp+JaElU4WKx88eKxr34"}
{"__ans__": 0.223255814, "question_key": "AAEAAE2EX2VpOBOl9H1oyRHi6EfY4PhHocgt4CsRRVSWgxpp"}
{"__ans__": 0.167938931, "question_key": "AAEAADhgPVlD8WHXu2duLqSme+4Zb1R+29PsFARf+qJ+MhY9"}
{"__ans__": 7.854609929, "question_key": "AAEAAIUm9r0VfPImsRj0n9GpaU52LBfS+T2rk5F3N3HrfQHS"}
{"__ans__": 3.758333333, "question_key": "AAEAAGb2IB5QxYxmwdKZuQ4crG7vNVPisDbQUBDuNtKk8BcQ"}
{"__ans__": 0.7890625, "question_key": "AAEAANBb2H4U0NliantlvmgSw8QtYl067bTHzK63I3QGqLvA"}
{"__ans__": 175.170212766, "question_key": "AAEAAPMw9iuRKX95fMyqfNywWCBTiVd0oLqMiyhpswcLmJUL"}
{"__ans__": 2.492647059, "question_key": "AAEAAEtgjfgpcr5KudpZLBalWfkwLGZzI69NX/s0K6iq3o4r"}
{"__ans__": 0.426294821, "question_key": "AAEAAAd0y5BWddBLonjJOwLU2iISx+o+t9w84i972FK0sJtP"}
{"__ans__": 2.454545455, "question_key": "AAEAANmZAZUPNguuXCAeRQvourf8EIXU8qcYKGSQl8O9uKmS"}
{"__ans__": 4.404761905, "question_key": "AAEAAM7GPM+jWPiaS/j5HK2yqVvLaszf7m2LYojTYBi71ydy"}
{"__ans__": 4.95112782, "question_key": "AAEAAAUB3Ok7V9pNQCRj0UE/jcyDpD57TyDh6Kb4+5OkgheP"}
{"__ans__": 0.341935484, "question_key": "AAEAANc/r4j0p3ezYp//dDGj5SfeOvH0iew3hL2iExRTOZ7g"}
{"__ans__": 0.411949686, "question_key": "AAEAALzIanX0x46QEoVJ8wips8ZDmTZ5xaW/5+OF/Q9hH6wi"}
{"__ans__": 0.759259259, "question_key": "AAEAAN0MAz7lssewiGRbI7e6UZv4HD85aULiU+kVaaf0EGG0"}
{"__ans__": 1.343283582, "question_key": "AAEAAApF+H5CaHeEtyQU1ohC+I8Zfb2VeVNr6SgJTnE5s1gB"}
{"__ans__": 0.307984791, "question_key": "AAEAAOQpRFwnJK80zZkCVEu07zIZ8dd2SFDuiJWOb2Kidt14"}
{"__ans__": 0.040816327, "question_key": "AAEAAGPlZLf/TDh59J2oKiW63cxWYa4Sx0cLY874ABuNcygG"}
{"__ans__": 0.042613636, "question_key": "AAEAAGuv/kW1N3/KF2UUlg1A0Bx7H4u69LhQm2U0XQaG55eT"}
{"__ans__": 0.647727273, "question_key": "AAEAAF78QBglf2iSclHEiVQoOB7ktNbyVeaGSg59bRhvbkHL"}
{"__ans__": 0.557603687, "question_key": "AAEAAE1WvoPC0a9XvQ1rVruXC1wcVVZR9TmWUUZU0/BOKfOF"}
{"__ans__": 3.526315789, "question_key": "AAEAAMr1Mtnm9BHvEf6g78nvz69U/kOku7L5XVGIuef62cyL"}
{"__ans__": 1.883333333, "question_key": "AAEAAExc76Sh6jBIySUQAr3ogoMckvv1EJc5WfJJMr07tSM+"}
{"__ans__": 0.436842105, "question_key": "AAEAAFMnt2lHb+/+uqyZBxuoZ5Sbe+FqndFrbWZL2CdHGq87"}
{"__ans__": 9.68, "question_key": "AAEAAD2bH4tew0oJaijlc32UcO/OutijH4SBh3/sQ6mVq4HS"}
{"__ans__": 40.375, "question_key": "AAEAALAmJjSDav7JQwSEn/IYOJ2d8bucm4jojSKmH9ONYxRy"}
{"__ans__": 8.6, "question_key": "AAEAAOytijjEA4rHvHZ79DnJVhtHdGVE4obm/I5n/RjMD1jT"}
{"__ans__": 0.3, "question_key": "AAEAANkT4vRQbujDJTxFLg7WMObUYnbdJuO1MpdT/3H5BxX0"}
{"__ans__": 4.133333333, "question_key": "AAEAACn4PBeFa3DuPMeUULGWz5kOs5/cfY2GE7CxZFMRAyHI"}
{"__ans__": 3.540372671, "question_key": "AAEAAPaQmPL3ALsqenRblKUmuGsP7fQZ1BZkM7X4So7Wqq9/"}
{"__ans__": 1.988679245, "question_key": "AAEAACf96/NgGotG5geprjkcR8vjOfApqiZ2M/SnSPxusa8E"}
{"__ans__": 0.152941176, "question_key": "AAEAAMykT9lvGD2CJFMLbSieLnrfsWfgh/bDYGgdfuUUolpQ"}
{"__ans__": 0.263157895, "question_key": "AAEAALnFLHsTcBgMb5SAM6i9HXp/f2VBIK9IxUj2DaJiPP6x"}
{"__ans__": 1.335329341, "question_key": "AAEAAFllhQj7iPuMadzil26bkCP2uTkjfBqWR322Acrt6rxP"}
{"__ans__": 6.162790698, "question_key": "AAEAAIz8HfaXNR2+8/130gkOReDWAHbrvpoJhDv3W8N1ltrF"}
{"__ans__": 3.117021277, "question_key": "AAEAAEr2FqGWVh52AXKY9Wq7N3GRiSCZhhk7ZqqNACl6Axca"}
{"__ans__": 0.183168317, "question_key": "AAEAAO2pCGVFhMvnExf24CvIB5r4QPr4yHl0RhOV21fN9Kl8"}
{"__ans__": 0.536231884, "question_key": "AAEAABprCSfPaqLZvWxFgjv+p5DkGP169tC/Jhsk97xfRmCi"}
{"__ans__": 0.142361111, "question_key": "AAEAANwWsTSUp+i6JTQfPhyN2aYwegKrXxGiVx+yPQUVgo3f"}
{"__ans__": 0.755725191, "question_key": "AAEAAB039eoRF1pvJ2jWuXlN0pB1V2fWsYBixnWwn21TH0Fo"}
{"__ans__": 0.875, "question_key": "AAEAAI+JNQ5fmCId/bmU5PklVp7X4iYb4Zl76X/JrzM4uqY+"}
{"__ans__": 10.285714286, "question_key": "AAEAAJchLlJr92+P8ltugAHXmKmwn+IonWPQRV2gjpyurUdB"}
{"__ans__": 0.431893688, "question_key": "AAEAAJ+IaVY2HtcOnmtcEztRuQzfa+bnL7y7qLb+FgAOfziL"}
{"__ans__": 15.068965517, "question_key": "AAEAABFJFNGU7W6vPViI9xzJqF5xMPXR1a/DmwBsr5Xf/kb6"}
{"__ans__": 5.391304348, "question_key": "AAEAAAOj4ryFFWB6kbbh5AVzgi5sPaAGY6ilZI+qrmPFYN9U"}
{"__ans__": 4.0, "question_key": "AAEAAK14+eByvekYIbOQqEMjO0q5+ToefoVd70MKzl5pW+kF"}
{"__ans__": 2.984210526, "question_key": "AAEAAG18oXQuAEzA1lpAfzcMkVibpeDh5ciUN9dJlF4Y52Cm"}
{"__ans__": 31.666666667, "question_key": "AAEAALlNLlbs8HQ6MbSyfiogT50Z0lm/QyZ3cnuppT4jPGBG"}
{"__ans__": 0.51459854, "question_key": "AAEAAMUlb354c4wrIHTIv2lxeq331rzozfLPmFlQyFuappem"}
{"__ans__": 0.26119403, "question_key": "AAEAAL16W8Ax/ehsrC/LdPSymptXa6fS3V3Jq8vfdcAzEpYw"}
{"__ans__": 0.580291971, "question_key": "AAEAAKotLdXYJjCeqHb+CwbRirv4tmo5fDbsPDMQqewSZHyI"}
{"__ans__": 1.465277778, "question_key": "AAEAAEZnt07ikPZJUmwfoGEAt/1xLkcHymTn4GNgIen1mttH"}
{"__ans__": 188.909090909, "question_key": "AAEAACqzvY5xiFC3D+oLDx6z3QQXB49BdOfWovAJCPvFNk6t"}
{"__ans__": 0.367149758, "question_key": "AAEAAPJsil69Qeg1S/WlU81SBOnGEDkmz6VpirZ13Kgw2UaU"}
{"__ans__": 1.569060773, "question_key": "AAEAAK06RW4TXG5uJuRPaUWNQDtU5haGV+OcGCYEArNUt5j1"}
{"__ans__": 1.761904762, "question_key": "AAEAAEFvtQUR4dhHpAo6/YxLkuQuezIbNSj8t71jliOUSLzc"}
{"__ans__": 0.274193548, "question_key": "AAEAAKvpGv+5dS4ZvDuxGBLTeAsSFra3r9cT70laCIUeapHp"}
{"__ans__": 0.428571429, "question_key": "AAEAADrrVlzkOyQv73iyZ7+UGEYNqNt5GB5ujF4qSiulS5JD"}
{"__ans__": 47.0, "question_key": "AAEAAEhjHjmeu1oOhMiTz32PbVF1SqqiRa1A4Vq1ryiteU6g"}
{"__ans__": 4.014084507, "question_key": "AAEAAJOm1S61nfNveJeN6xWBPjw3osiYSzX/pFxdE7z7tida"}
{"__ans__": 2.727272727, "question_key": "AAEAAJeqwY6a7LUEvXkz1djmuOxd5y5V8pBATpX0aL4bbp9X"}
{"__ans__": 0.803571429, "question_key": "AAEAAO2OFh+zCEGgAV/d+eoi3U63EkcyQWN8TcKTBqi5y+d1"}
{"__ans__": 0.535928144, "question_key": "AAEAAJoqwyVDPEI67G0VZajDZYKrP9xxw7LO3Cy3ilGpyA10"}
{"__ans__": 2.953642384, "question_key": "AAEAAPO5KVqrP6OFlGgl+ZPQT8FCulpN9mW/L8tJ0sOWE4MO"}
{"__ans__": 5.062176166, "question_key": "AAEAAPSKRBh6LzDeDJ/iyLSkcUznZ3AJVSb+qDuPvxGXyBKk"}
{"__ans__": 0.173134328, "question_key": "AAEAALWNCR2XGWGdcSkl1ED0y34a+pp2y+9lvLl7Phsy0obc"}
{"__ans__": 1.822695035, "question_key": "AAEAAAFekqhsostCG7byCZDAItWdqLPu736FJ0XkFhDvrXWz"}
{"__ans__": 1.620253165, "question_key": "AAEAAFcou5pS3TiUg0ko3C0ByLUkB8AXXq4xv1khSHFkR5eI"}
{"__ans__": 4.911917098, "question_key": "AAEAAB+CQCIYNXGTNSvHeGF7WF4S8fx20ClLKxh8sLokEvNS"}
{"__ans__": 0.619047619, "question_key": "AAEAAHIPwkWk1eWYhfZ928QzZrXgNgV5+yraws97N0VdY65M"}
{"__ans__": 6.646464646, "question_key": "AAEAAFO3zmPmZPZVT66X0Oc9GBw9F8fDH2FoJMFSclcksg1L"}
{"__ans__": 1.116197183, "question_key": "AAEAAH0WUupZWIMnY3p8aGJoMnXvPL1WBD+m+zoqdnS8kbIY"}
{"__ans__": 0.26993865, "question_key": "AAEAACn21u1as6pp3j88qe68m6TiqsEIXXlk3X5jtNB2q6Km"}
{"__ans__": 3.526595745, "question_key": "AAEAAD+yRYbILnUN1pTOIdbbLB+5wwcGJpruXvL2ReAd4aBv"}
{"__ans__": 11.829268293, "question_key": "AAEAABLALat2XbyqIFbTs7bw7bPMSBM3m3CL5jDG5lIL7viP"}
{"__ans__": 0.918803419, "question_key": "AAEAAO+/4M2qSpXJzOlWrrKvvqDGhcYh1JM6h/ljR7vJu4l4"}
{"__ans__": 1.983050847, "question_key": "AAEAAE4njRebhNYOL9Vg8CqLKip+iew12X3iUgZ6X8Om534E"}
{"__ans__": 0.457446809, "question_key": "AAEAAJijV72z417GI5Gdd1HBk5GaoSPOwcZ3V6vqnkC/Uk4b"}
{"__ans__": 73.428571429, "question_key": "AAEAACmDnCL67Ai6uEfb2XZ2aT9OwNbbS0YdgeYKhVDBXfFC"}
{"__ans__": 1.391304348, "question_key": "AAEAAB8r4m8YSepgUpyQWzLVy+4CXDYulTlk79NrkJmlQJBj"}
{"__ans__": 0.323529412, "question_key": "AAEAAG44pzF9UD88QbNuMDRWDg7eZpuCjno+fE76Lg0Z3+2X"}
{"__ans__": 0.588888889, "question_key": "AAEAANOSIuTNeM0qss7TNITckPWo1launGoZOo8LfflHVsDq"}
{"__ans__": 9.681818182, "question_key": "AAEAAJRx6iWSfnchcPts25tnyNHmoPrgC5JIc2qdwzEKYOfw"}
{"__ans__": 0.818181818, "question_key": "AAEAABHlmvyHqlT4PncoEFF5mZCtiROhhARGk24bQTZS7rz0"}
{"__ans__": 21.625, "question_key": "AAEAAFfJ0ReD7Lp+plxQnnwF8gERi0xAcb+i9oFo8GW8gZEE"}
{"__ans__": 5.080645161, "question_key": "AAEAAEMS9HuTZRBxflkXoGTyqQ2qtuFcI6gER/zRHnKiANUj"}
{"__ans__": 1.110497238, "question_key": "AAEAABoQJe3n9C+UNDDhXqIozQVZsAlFNmpI7230cQM6qOuH"}
{"__ans__": 2.139534884, "question_key": "AAEAAMD6ixYTfj6mV7HpFfMM/pDvb4jYnCQ0jvGiyD6IYCUY"}
{"__ans__": 3.795665635, "question_key": "AAEAAM2KCnDkFUFHsfyMjlUI0SNYDdNz8GkEQofWKKbrpzjk"}
{"__ans__": 3.548717949, "question_key": "AAEAAL+nAyyoW18EcigqJIcTpFu/KgUheDLBTXeDvx2hj1Nd"}
{"__ans__": 0.851674641, "question_key": "AAEAAPQ7wTtA3LruSAnK+Id+96dhniE92fogrvOHS8PgqSbx"}
{"__ans__": 3.550561798, "question_key": "AAEAAE8kKIZsbd5oOcfMuqGdGaTEqHDSCKHN97gfMpBS5AoT"}
{"__ans__": 0.278592375, "question_key": "AAEAAGpJcFGwsqWaMCqWmCM2SzC8RULT0k6kPByBbF7fQ0vz"}
{"__ans__": 3.511627907, "question_key": "AAEAAHn7OpgFKPR8wFoXfZxNu+tvYsi68MrEBAfrAwm1c2WT"}
{"__ans__": 0.456140351, "question_key": "AAEAAFxOxD5u4Z6qiOZYFV2W0LVJiYf7007K/4TMUaMmE8mV"}
{"__ans__": 0.971830986, "question_key": "AAEAAFRyOV20SO8FPMEdfvmme2Gd0rP4XWy9m9zRPkDykkkx"}
{"__ans__": 6.14893617, "question_key": "AAEAAIcOrK7GnHFCQ+y7MbRfcKVW17kawHJHzgSAWQTauwsG"}
{"__ans__": 2.682170543, "question_key": "AAEAAICqBFuftiy62rXkwpVooO/LPbgPV+QaXQDCpRkYRezo"}
{"__ans__": 0.475, "question_key": "AAEAAGbNF8wxlsejc58YEI9kpNlJ1tRRs0W+PwTzt3imDGFM"}
{"__ans__": 0.386075949, "question_key": "AAEAAFfJm3Mz8VcYzMrfaT6qzqoBiVZks71hDfqXmHnCAj71"}
{"__ans__": 2.528497409, "question_key": "AAEAAFEIVe5kvnlxb0WpmF4UpEKrbyFXTjnRuJ4LB0Qlfiu5"}
{"__ans__": 1.218844985, "question_key": "AAEAAOhEyRGjUNqBbLgRpx00/qkgQpe1YqGdh4H7BCwwpS+N"}
{"__ans__": 0.056140351, "question_key": "AAEAAKCs6OVjtZTHGWuE3IyTCsL2GZNy4vurEBox4toUV19t"}
{"__ans__": 1.090909091, "question_key": "AAEAALlNLAe0BuMlv9ilIK/yZvBHXXiupQMNFBwk95upgd0l"}
{"__ans__": 0.180685358, "question_key": "AAEAAKH+jeXqVlIRs8T5EKQBo+/4L/FbfIQVd/8UgoJbyume"}
{"__ans__": 0.187793427, "question_key": "AAEAALx0F877vb3SbL4I28zDhblHFm2AL35lyQLeJOK5Gp0n"}
{"__ans__": 1.123636364, "question_key": "AAEAAJaniaaKIY8ZG3SAy9q/CaxeQcmRNhGocLFxqNeZAwdA"}
{"__ans__": 4.828431373, "question_key": "AAEAAM5LWW+2fcBj3DkdDEl7a8zOZqqj8zbbUE8reu9t0zqL"}
{"__ans__": 24.38974359, "question_key": "AAEAAMHZxLYqs6YH3tqQ6YcYElzulNjl3bmrhEJzxaTyUAnX"}
{"__ans__": 0.356807512, "question_key": "AAEAALlzobmuKhKwZ96NT3cJ1AX7bHzrqO6e69X4uY4HnO4E"}
{"__ans__": 1.088, "question_key": "AAEAALftzdWWvIe+qbxHcH67ngEL/K0xRn6phxfY9U9zOH0d"}
{"__ans__": 1.358024691, "question_key": "AAEAAMxRujk7g10fvsEjsuxo6CrqRd77zMR+KN7Rr9xBcU5S"}
{"__ans__": 4.033898305, "question_key": "AAEAAG6wcyBBF6h4/FOhakhiyn9Tld9+nEqK9Etm7IhT+WoX"}
{"__ans__": 0.741573034, "question_key": "AAEAALfTuufwPdy0OxAhCw7nFRF7FpH5WjifsoiW8lYrSOQu"}
{"__ans__": 2.142857143, "question_key": "AAEAAEAO+KKS7Z9OohmaifC7ZEU8MtpzwpjSXhmK+ZxFK+3r"}
{"__ans__": 0.028436019, "question_key": "AAEAADBBiIxVtopYs0t1WjoGXwRDX09FHMi/HDwFDp8xrHf1"}
{"__ans__": 0.529209622, "question_key": "AAEAAFDCf557UZV0X6R27ChgL8u6Zrn6aJidymggXDSuBJi5"}
{"__ans__": 1.5, "question_key": "AAEAAG3Q8e07Cgb6LuEm3TNO5pMwXADmhjQIXPV5b2Fbrh+Z"}
{"__ans__": 5.62601626, "question_key": "AAEAAFe/dL7B39UDorwP7Ge9A04Wo0V6FKgDcozHvZ2oNrWL"}
{"__ans__": 144.8, "question_key": "AAEAAPSEOQ6hUyiWyNgo3F4BHiZVCxSB2qgOL3UkFbydydSB"}
{"__ans__": 0.244343891, "question_key": "AAEAAOGXkdpIpUGiM/0ypweImA3S3LX8wNAqFZEhstQ+f3DO"}
{"__ans__": 2.4, "question_key": "AAEAACIn0awJYK4MacLQGH7xoUUfv7KSHAS0Uwv7fUdSb9yd"}
{"__ans__": 3.266129032, "question_key": "AAEAAM8OscaVQ6yoglTI7OITQOVOUrPCc3jpfBRYytDLlthe"}
{"__ans__": 1.034883721, "question_key": "AAEAANw1qbv8cnHCpYmcnxudZYHJSVe5oEAuy5W6vSSkz2sG"}
{"__ans__": 0.173913043, "question_key": "AAEAAAuruQs+DZPnP2RwJQ/rGdrjtfKoMmS9+/qBURUiWmyQ"}
{"__ans__": 85.083333333, "question_key": "AAEAAMatwOSqDSGF2rOJPQnfEHBh7SSYiZvyKiwz4yRUJql7"}
{"__ans__": 0.6, "question_key": "AAEAAJAvTdFV+Zq3PzV3C3ZRCNQGkndh2E6xkFkzdvZ1f73h"}
{"__ans__": 9.639344262, "question_key": "AAEAAMNrpUTkxZZ306W8pNgY3pOyhtOgvnNQ7xDkjnXQ9r/i"}
{"__ans__": 0.919860627, "question_key": "AAEAALbareRNVd7YMEYhYHer8pUw4u17w6HALjXCvWchmD/d"}
{"__ans__": 3.338235294, "question_key": "AAEAAAOyAa8DaUxs0EMvgR5jUxM0wLzl9iU8tRpNO+OwOKfT"}
{"__ans__": 12.739495798, "question_key": "AAEAAEe1HlftT+JHBqk3VquNCcXZQflC3guKss8bW/y9TBUG"}
{"__ans__": 1.147058824, "question_key": "AAEAAP3IS+JeaKdfbuOl9+cWSQIH7xkw5Gkz0NQryZDMTlJR"}
{"__ans__": 0.049418605, "question_key": "AAEAACqyqyEVvaCIjLDNEOTicTEf2LV+gOZirGPgerYhrLFt"}
{"__ans__": 4.5, "question_key": "AAEAABVJTmfZI0eIE1BFQ0e9/dvGhovLR4KsiAusMTtyc9uv"}
{"__ans__": 0.076923077, "question_key": "AAEAAIldKKAKMxG+P4P8XEurOKO9Pu8c5cvBst/ki/OgxcZ2"}
{"__ans__": 12.947368421, "question_key": "AAEAAM9SSHRyTGZp/g2kjOOA2pxjfUdwR5TkNOU2hO7VpF31"}
{"__ans__": 1.02189781, "question_key": "AAEAAKnczQZfOsRMTUSJjhvDfYvmrWFTyjThCYXyfZOc8pAf"}
{"__ans__": 0.46, "question_key": "AAEAAD+F6Kek+D26d1hmwzSUG/b64s/crxjxAhPyCXeE2M4u"}
{"__ans__": 1.243902439, "question_key": "AAEAAILUxz+ddUm7+CegQKp7a9Jphyh3ljOZRUeHCcTi95u4"}
{"__ans__": 2.717073171, "question_key": "AAEAAHGzvXKVBeGpDX3OcA3xgL+sIgXrgnWSrVtcqE/jrO7n"}
{"__ans__": 1.175732218, "question_key": "AAEAABq79tik2PJdeDFWVV6l6k8/45qxC1u7SWRjmOvWOGE2"}
{"__ans__": 3.207142857, "question_key": "AAEAAOwaDH5fY44eqK2om57DLU+wO3Hx7WuR7f5scLJmcoEo"}
{"__ans__": 0.347133758, "question_key": "AAEAANWyXw0lVJVV+OlZud/jFJ0PTTpIfrQDRAUP2i2MWc4x"}
{"__ans__": 1.290076336, "question_key": "AAEAAHpU6d/Q8yIx3dLw7NMIb7eZjPeZ5CGetNRAFS2LBJN6"}
{"__ans__": 3.309608541, "question_key": "AAEAAL8AitbZTEAkikUZjqkAshbuPk+NZQZob4nyd269W6AR"}
{"__ans__": 5.510714286, "question_key": "AAEAAOD4j0L33Ytrwgo41f6CLYB0JRf1Zr6iflBooMIwa8PR"}
{"__ans__": 0.303125, "question_key": "AAEAAHhmQj+S8TpFFz0Ds3qO52nGdAv0vBe1SVcoAbbGtQD2"}
{"__ans__": 0.631578947, "question_key": "AAEAALjDlXUmdjhX8ya5fYD0FrDi0sK2b8/m+yCm4zhYEbf6"}
{"__ans__": 1.97265625, "question_key": "AAEAAEjDngQUZXuTGPaR5gMpySI9Xr3GZg0/9o/EpGgZ6mDE"}
{"__ans__": 40.214285714, "question_key": "AAEAADv0vQTP2gGiUyTcYkfpwx3L3A5GhzaixU9XhDdkfcEh"}
{"__ans__": 0.166077739, "question_key": "AAEAAEuEuGNtPYQX/aGW63iteaY7sd8zEZnTKIepfsK7EE7y"}
{"__ans__": 1.071895425, "question_key": "AAEAAKC8ZJJ/lvyI46oW27CxyUN3gdwRzPMcNaVg5VygcCeo"}
{"__ans__": 0.723214286, "question_key": "AAEAAD6DVkdgHVcvTSg75tKoCeLNt+4pbK5uk1BzEUK6tyBu"}
{"__ans__": 0.106145251, "question_key": "AAEAAOyvDwsVkb3waEJ3+vImnFufqISBajZ2DoGNduM7vhai"}
{"__ans__": 0.390374332, "question_key": "AAEAAHBhr0EIqo+bC7OcjbL7V86LEh3oBDtHYF3t002VWmsx"}
{"__ans__": 6.392592593, "question_key": "AAEAAD8ZY8j2z0+1UFpX+eqp9j0juyESBa7l8nTG0UpE3aVt"}
{"__ans__": 0.870503597, "question_key": "AAEAADKuPsP7JHyOo8qJ6+Fz779H6stSHtdZIFnrSy2CPP8u"}
{"__ans__": 1.234567901, "question_key": "AAEAAHPYTk1+LVW3VrmfO34Fc+ij8e13lfm/OJR6TOxEEPe6"}
{"__ans__": 3.642857143, "question_key": "AAEAAKqUqdiK8gGLVIgp3trcPRX41G2zUScPMDAWpL1Q/4r8"}
{"__ans__": 5.04, "question_key": "AAEAAAMvxO3wdDIfiIjOaCMiWA747a6qOiNPASL1oSmq02dl"}
{"__ans__": 0.485294118, "question_key": "AAEAAKshL6V4WxFhMwVYFrtcuCJXaiCrT6vREhfkWTu4QiJo"}
{"__ans__": 5.907936508, "question_key": "AAEAALDUkstdABLmlvHqBZLYRDkAKtPp7KrJ2UlB5lLRHLeE"}
{"__ans__": 12.307692308, "question_key": "AAEAAF/1BqGhD17OsrYbgV7jfwynTbCrS64VmS3XWgKZxMz+"}
{"__ans__": 1.737777778, "question_key": "AAEAANwlcPvKP5Ifv8Y18jM4f1jZc5YYa6KDv/DTJWgcdWLs"}
{"__ans__": 17.434482759, "question_key": "AAEAADzUos51cSLqveWZMs24RgZuyXaWoLntOaQpAgd0AqPd"}
{"__ans__": 10.095238095, "question_key": "AAEAAPUUHTr839e5FSdofVV3bOFhsrryAxIqKfPEEbs96L5Z"}
{"__ans__": 0.612637363, "question_key": "AAEAAL/ReQ7C4V2WFVdegFFi6JCGhqT5IUghOhdgnofbXMJH"}
{"__ans__": 2.780821918, "question_key": "AAEAAEWPPDD9Mu2MJ7Xvwn5JPb59+w2ysD3hFhSWIolnG7Qy"}
{"__ans__": 0.420792079, "question_key": "AAEAAIEEdTLytVRx0cAhSMwAVW9H0Au/kOpSqKHYvs4t0McE"}
{"__ans__": 5.391304348, "question_key": "AAEAACtNXg/jtc2hwpR8UPJSdKmEopEpgWUCwgJ7hv7RHMFz"}
{"__ans__": 5.416666667, "question_key": "AAEAAHbym2MCfdt/+6ViQepo81O05Zkc0DShFrT/agi9rlEP"}
{"__ans__": 1.634615385, "question_key": "AAEAAPgk7whu6Tmp7/IC/Hp1Dt0d8tVo9LqY/U3fZuKt2ntL"}
{"__ans__": 0.451612903, "question_key": "AAEAAMfCa5X1TdrSne5veM2Ja8ZyGBeQ4pTGSz81if/dzWN6"}
{"__ans__": 1.416666667, "question_key": "AAEAAJrXTArUVoKq3rEZ6xJUa6wvW/FnbkArRdnsi41EKoAO"}
{"__ans__": 1.160714286, "question_key": "AAEAAI2yCu8rmWyrDu0u2i7n0Er8GirTIRxjEYPjGpolDlar"}
{"__ans__": 1.321428571, "question_key": "AAEAAO7fOlGR8YF3Q7xwm2EAlwPiX6YxaPM2BoLEA5UN/j03"}
{"__ans__": 9.052083333, "question_key": "AAEAAJpLeRJlxRixXnQZ+9GiaRjzqmrCX99lqzChjIYPDhfU"}
{"__ans__": 8.909090909, "question_key": "AAEAACV3UPjrZRyZPXaDQpV9Gzbl6bMtQBBYtMbrAZHNp/rb"}
{"__ans__": 1.760233918, "question_key": "AAEAAIW1xIHMgM6yaKixMVW6RaC8KSjQkk0g5vmANU/EXZ/F"}
{"__ans__": 2.3866171, "question_key": "AAEAAMoF6eIH7p3lJI1T5ocM0oanquqKtLWxZVp2uVes++z1"}
{"__ans__": 0.346938776, "question_key": "AAEAAHxsk6xJsLjcG8K19PwfyCy5vrF8T8eGiWPND7YTn05V"}
{"__ans__": 0.568093385, "question_key": "AAEAAOhjfbvQ6XgLhx+3Sk+Nz49WyM5tR+B8q7qp+j61Z0gz"}
{"__ans__": 0.274590164, "question_key": "AAEAAIxeXHMBYZ9vePxPJgZRKK3sRAv+uGBYM4OqT7iDMus+"}
{"__ans__": 0.08045977, "question_key": "AAEAAHAuS555Q65JP4kJR21LJcM2QFjAI6poYq6duvhkcOxb"}
{"__ans__": 0.056980057, "question_key": "AAEAANJ12DDIYQjmdd2fVzd8gyTAVwyYHVfVbxNCyYnGyI5/"}
{"__ans__": 0.879699248, "question_key": "AAEAANSisIibE7v+i2q5KQVjK/KI3ggcPVl7EG2frJU4EyYq"}
{"__ans__": 0.045454545, "question_key": "AAEAAHvv7I65+iP2lqH3ZRS76Uv3svXLgv/Y7SCDF/RnjWPA"}
{"__ans__": 2.433884298, "question_key": "AAEAABAPSjjYoyA5Qj61C1/f/gvuXqqw2JFasL6djjklt5uF"}
{"__ans__": 1.339622642, "question_key": "AAEAAI66tkrlIHy4tpCni/gUH0kiyx+lCOkfRCjbLAevKsF/"}
{"__ans__": 4.039215686, "question_key": "AAEAAGHaTSSei3KZl7y2Stld3bCvK3loVlFbvPeohSm2UKtE"}
{"__ans__": 1.136585366, "question_key": "AAEAAJMaPNVjcGBnZDsOvi8/czx+K5Ik9Tw49GS9Rl+B3Tff"}
{"__ans__": 1.276315789, "question_key": "AAEAALgEm8LF/CC4+KtazuFEdt0Jz5H96y58BhH0jYX/nl9S"}
{"__ans__": 0.968888889, "question_key": "AAEAABkwuFeQBhYSYd/M+/bldqrKmpv56sadgbWLCK+xXm2M"}
{"__ans__": 0.573684211, "question_key": "AAEAAKZeVSMGWnz/AW+VBRAj7kiIjcWLkk512J7qKrlU96kJ"}
{"__ans__": 2.05, "question_key": "AAEAAKic0QwsDzQ2oUcIcBjbxJU1/umNh94ixQqCT0johRHO"}
{"__ans__": 5.561403509, "question_key": "AAEAAD6tDLQlQ2yKUBXIfbzm+HnpX6g+62O30cQstp/GvCMB"}
{"__ans__": 0.570093458, "question_key": "AAEAAOzo8FoBeqH4Ti2QZzmz9lwzTTl1D2px3DR06XUu1fRR"}
{"__ans__": 0.92248062, "question_key": "AAEAAGHIkZ9CM2bWVZsvfQIw64bAI+9yJ3s1J/wYVLPAqs0P"}
{"__ans__": 17.05, "question_key": "AAEAANMDSW0Kz+Y9Of+NPCiquTvatAv0V3vuVixeU8taa92T"}
{"__ans__": 0.763358779, "question_key": "AAEAABl1o2LOQozd9ChH49zM0Vf69c3nvJjjcxLgAjJFvukr"}
{"__ans__": 6.651162791, "question_key": "AAEAANY8iJcSKJNGpSbgyBvXkgWhvVy3hjjJT3xGE4F37Bvn"}
{"__ans__": 1.9, "question_key": "AAEAAGuZs7bNgrhKALM5+SwhwbA6V1LLKSMPs+5wsoIwxk0i"}
{"__ans__": 3.586206897, "question_key": "AAEAAMRoy84/9Zl9RpKGzFbirEdwEpbgPqSFkOE+q8ZBtCub"}
{"__ans__": 0.60989011, "question_key": "AAEAAOdfJzq15Q8EhrkOi8SilnaMuFppJqn44rHq6w/7dMtz"}
{"__ans__": 0.571875, "question_key": "AAEAAMcV0FU6Fetp8OFR+qqngAJS5+TH1unf6+4N3TUMbs4Y"}
{"__ans__": 1.661157025, "question_key": "AAEAAOhIp+vwbQ/WRj2jPHZ7WdPj4zPWbEXa1oObQB0IQPdi"}
{"__ans__": 9.8, "question_key": "AAEAALL5wKX1gUdHpk5YPNllq76e7zNPb4As5ltAw6BFnxWz"}
{"__ans__": 0.064257028, "question_key": "AAEAAKWYgKSRUAph+dXMSwekiHyOUmE4nz5ZU2f4utpvK4C1"}
{"__ans__": 0.831034483, "question_key": "AAEAACL/8z96bPFvs7M43KPMkHai3x4FrDP/io/hmGxZ0YIc"}
{"__ans__": 0.204081633, "question_key": "AAEAAORZdSoEP67XLqzE/grRgLyz92zPaGjUoIeHNyVe5vtG"}
{"__ans__": 2.921568627, "question_key": "AAEAAPqEMb5MP0SIUg48Qa7pSpMpdo1PxzbzCsnxUbncX5lM"}
{"__ans__": 1.555555556, "question_key": "AAEAAAXmctJwWWwA76ezLcT7YZtXiEqocXxyuVSMxPBSnKJI"}
{"__ans__": 3.875, "question_key": "AAEAAFXyCv49aJ9g1lH0NdGrrk67JwDvRqd+MWILB8DsRp0o"}
{"__ans__": 0.224852071, "question_key": "AAEAABgvqry9+WERTrw0oT8OD6cHH5yeqwrmjE8rsaMSsPxk"}
{"__ans__": 0.053191489, "question_key": "AAEAAJSBWRnKVQs3x7Sa3LGUUpzrbu4EB08DpDG5EonhwxAH"}
{"__ans__": 1.204379562, "question_key": "AAEAADYyAx4YKV7a/vVeXj1+N7o4HC1lHQXNgCZywQ2mpsvC"}
{"__ans__": 3.0, "question_key": "AAEAAIZVRB8Ew56jilYyye2WNPmNZmyu68OP/Gx+4z3YvREX"}
{"__ans__": 14.523809524, "question_key": "AAEAAHRuBSQqVMevWgHTp0UVxO7WYojEZB5fDSta19V+AEJK"}
{"__ans__": 0.205298013, "question_key": "AAEAAD9lKM644qr+UYt/fMdh00h/49XvwCZzDy9hs2e1keRY"}
{"__ans__": 1.436860068, "question_key": "AAEAAN8xrFofDbUEVnIfY6BkxOljY98cxI1KdaI08ugTllR7"}
{"__ans__": 37.961538462, "question_key": "AAEAAJO7P/MdH9nTQpUxezvKyqb52hNPAulqbHx0e4I0Bg9F"}
{"__ans__": 0.811145511, "question_key": "AAEAADLfPulBrzPYm/BhG1WdzUMnnFCN8PVY6xpnSjWfwuiu"}
{"__ans__": 1.759493671, "question_key": "AAEAALdGVnAgUCxOKmytHvwkMjjMYCxVXwBm70Ufm5TupZtN"}
{"__ans__": 1.320930233, "question_key": "AAEAAOR68AMGAOR7hHDfWr5L4wn26NHEVT3aZjMaBuaON0K3"}
{"__ans__": 1.285714286, "question_key": "AAEAAN6Zhbce5z2hZzc20Av1V08PREJkwuPyKK9zRj76P28F"}
{"__ans__": 2.46124031, "question_key": "AAEAAPqWUj7Im68TnfDWoK7WgH4zNtHk7QeLgGPylcWPbkYU"}
{"__ans__": 0.963114754, "question_key": "AAEAAPTb0pemyfI6ZqmmxVDeBiliizYtAjp3tTcgujdj/9t+"}
{"__ans__": 0.563636364, "question_key": "AAEAANToikdPTlh7yP8rqtCtNz0atjbT6YGyH+IxvxSUXWWs"}
{"__ans__": 28.6, "question_key": "AAEAANrTIhW0YZjbx3bY6AmHxtT5PszqyBourmrISJxqSEYH"}
{"__ans__": 5.090909091, "question_key": "AAEAAHZx5XxcOXULztBvY9LuiNtAKigcXOiIZhbzlVekjT5d"}
{"__ans__": 0.321299639, "question_key": "AAEAAEF9QgiRt1O10C3EdMri/PBCZLNbn5mCCh+fezLfdZVU"}
{"__ans__": 1.97037037, "question_key": "AAEAAAi7tU9ZTfB6XeiLECROn0FX8fnweSkca0orQ4eqdNMd"}
{"__ans__": 3.155172414, "question_key": "AAEAAHJUQDUewzEs8zjHucaQJXnQ+MMLx7sE4//0OIe08TjL"}
{"__ans__": 2.096446701, "question_key": "AAEAAEDv4miTAredTeWWV0aF08V6Vs9RfItN9mvu++TY5QnD"}
{"__ans__": 3.248120301, "question_key": "AAEAAGwAy2si65ugmYrUZ/1gPsYjpOYeDX9gLzgTAtf3fvxL"}
{"__ans__": 1.453416149, "question_key": "AAEAADBdF6AFhnbl8zabicNdIpqV8UQkhLcXBVUYrxJ8Kl9r"}
{"__ans__": 0.28, "question_key": "AAEAAHQBqWiDAhqf8qCb3S0bnPISKMyhW//Ivm1evB10c9Yf"}
{"__ans__": 1.033898305, "question_key": "AAEAADxqWeZLU+reSy/JZxmgTBJZnR1lQsg8SyyL0dMGVoqb"}
{"__ans__": 10.44140625, "question_key": "AAEAAMOmFC+f3QMCYwcwo2ry2Eqh5VVyxgYXoVomdXywjs6a"}
{"__ans__": 2.625, "question_key": "AAEAACTzioamq8wv6EOhoaydxpJkwlHxK6ZWyxGZFi3jNnDd"}
{"__ans__": 3.157142857, "question_key": "AAEAAIWRbL86Y6RxLnG6KMmnVijJJny8AKt08TURwksUocwK"}
{"__ans__": 15.115384615, "question_key": "AAEAAPCvu8c8wrngz8iZ4aKJTpj7rZ0amamMmxYN2QD0/Lw/"}
{"__ans__": 0.300518135, "question_key": "AAEAAJ92x35bt85+JKWLnGrpC+SjdoGE6y+L23FSHaXEVKpI"}
{"__ans__": 3.702614379, "question_key": "AAEAAFnPdD6rIewjrlcocbAmFjLufz19P8OHhfBgnlbs/TAO"}
{"__ans__": 0.390243902, "question_key": "AAEAAM/lvNnazt8UwNzGxPWCdYJ+T9nGO09xnbbg0UKx6KPx"}
{"__ans__": 0.326693227, "question_key": "AAEAABC8C10gZE8YyhorhV69LzXmko4jB8Xzu1eZuBLXgmeX"}
{"__ans__": 1.826086957, "question_key": "AAEAAGSLZ4F8OmNH/kpKHVt/JuKYTv/OEjop7+Cz5UBPtY43"}
{"__ans__": 1.141304348, "question_key": "AAEAAPPP+L2DpG5MYRxXLtPvJgLtZBSGmyc7IfBRlDKEnH/T"}
{"__ans__": 2.304635762, "question_key": "AAEAAMkqVP86EISXUKfPgfiGnXkd1M6/mp7jOayHenoHcCNv"}
{"__ans__": 1.24742268, "question_key": "AAEAAEqHeyzDGL+5oUw8Bmckbu83pvh1PzS519Q7R6lrNy1s"}
{"__ans__": 1.277777778, "question_key": "AAEAAIOxM0MUzs8j+aWOzqmoL36/yAtt9bb6EBBpGN9JQBiw"}
{"__ans__": 20.846153846, "question_key": "AAEAALOUCAjazgjO0RPehm0EsQN+DNGSEQYde7WNWJeziHZQ"}
{"__ans__": 1.113207547, "question_key": "AAEAAHInGM8ylRMlZYaylax3Al6zSiK2GiXaAZwdpljABmaJ"}
{"__ans__": 0.553784861, "question_key": "AAEAAOL6Hs2KV7saek5QyOWEA8KFArdUjS0oVv8Fc2XOl2Ll"}
{"__ans__": 0.236311239, "question_key": "AAEAAJV1nPzxsTrXTQsv1PD6kaQZSy0UbFeuCfRhA7ihetTl"}
{"__ans__": 1.670807453, "question_key": "AAEAAP7u5UK2gycLJNeKducYhfioUfNd9baP7uFgSx0nurdA"}
{"__ans__": 1.33819242, "question_key": "AAEAADs8TXupipWV81Ge434/tjS2pX6t/BsTWNhh7rA2pwQx"}
{"__ans__": 2.185840708, "question_key": "AAEAAI8ThB5HRSmeXtT+8SxEikkpZphvQPYT6rEamNgJPbje"}
{"__ans__": 109.282608696, "question_key": "AAEAAJfmNM3/AFj4qbBxO8nmRCKdHEyU+2BBJWwOT1ZMFE5M"}
{"__ans__": 5.34529148, "question_key": "AAEAAFM22PyVoilfXtl2UiezGTU5plwmFGGA+34Uez7CxXHt"}
{"__ans__": 20.67032967, "question_key": "AAEAALFXrfnEsd7oMdW2hbygle2xP+6NcAaJvPQvUELbELZc"}
{"__ans__": 0.252808989, "question_key": "AAEAAAajje6y/owJjAv6VgMFOLjpxd8YWkJ3EEeF647IKnoR"}
{"__ans__": 0.280373832, "question_key": "AAEAAGTbmBouiaZMadchotMQ27wppRnOcpq/SurNVbiBgjyn"}
{"__ans__": 20.066666667, "question_key": "AAEAAPvlsrUb773l6X3zYSAODTQ7Gmjza75zb9oRkUAY/ZI3"}
{"__ans__": 0.046376812, "question_key": "AAEAAJmgaq1dCqaPappTZInlAH84w8fYtY3WuBhWfeoBXDHV"}
{"__ans__": 0.25, "question_key": "AAEAACq6id2eDu3v+6IpvTZb/TcRlAA1h816+ALCDV6E7W/m"}
{"__ans__": 4.779264214, "question_key": "AAEAABcpmMVQB+Mf90ibqMJcHitjVdAOZ1/0FX6KAH0tevhL"}
{"__ans__": 0.534313725, "question_key": "AAEAAGNR06jQqBLZDcNzJbm0JruRhCBVH0i0PJKgXJI/0Eap"}
{"__ans__": 4.523809524, "question_key": "AAEAAFv0DHsE2mwrwHPikToP2lxOCdG+4oa67oEocqgHHM/Y"}
{"__ans__": 1.959349593, "question_key": "AAEAABMNNKZMxmKBr3LcC3f4Gnl0iD3JJhag9PJatPOLQmjJ"}
{"__ans__": 0.565022422, "question_key": "AAEAAGIkRipm3quinYAUsTLc6KcR6Gi72xBZnHx9lyXEDTrg"}
{"__ans__": 0.795698925, "question_key": "AAEAABe1wiykPrwPfDpa4IWtHr5hBB9E6iUVB0x29cU2tbgd"}
{"__ans__": 0.742647059, "question_key": "AAEAAA52y1V2I8i0scHSh5xMzOVE4m78m5MaiPo+8H4Frx7V"}
{"__ans__": 0.869109948, "question_key": "AAEAAPRGzcoUAPTnWmgRsqGlMOllq5VBKmuCVJHKkqrlTbKz"}
{"__ans__": 0.621621622, "question_key": "AAEAAMJ9pnEyrFhR6wtHETXSBdJFganHw3+fB3eReeAfkbqt"}
{"__ans__": 0.16025641, "question_key": "AAEAALxxfVWSFLnKOySmqc5TDhDhnjrGKjfYAE752elzm5xT"}
{"__ans__": 0.106741573, "question_key": "AAEAAIxH9NJwSDAEzr0uzFbRcKXILjWEzR+jgCO/lZoTOqcd"}
{"__ans__": 0.531034483, "question_key": "AAEAAOtJrxwZbK1jj69H1Jwl4Rgab92CbyVb9VYMdT9dPGyh"}
{"__ans__": 2.265873016, "question_key": "AAEAAFGtC52OqX5aZ2SNDryRvNTNiXl278LRuXv7hILtd7V8"}
{"__ans__": 1.97979798, "question_key": "AAEAAAGXU/dqkpIgzJDuA7yNKdNmwotr7vqJ0zj5y/WAYGD1"}
{"__ans__": 9.384615385, "question_key": "AAEAAFo/+Dccq7mbJTdiXQcm9e1FoYHcuaSxgWxrhjeQ4Mro"}
{"__ans__": 0.372197309, "question_key": "AAEAAGHqDkwcw25MpRvT/wIIEoMq1x5QtMwIDP/iGFaC5bgF"}
{"__ans__": 1.045685279, "question_key": "AAEAAHIz1oY7gcePjsHSSmQ209zuKRNoADgrFwd0dXcGWMEM"}
{"__ans__": 0.384615385, "question_key": "AAEAAP7DeIvXojgkgVxaKugNj5+leClYNE+MBunhRa4wOukg"}
{"__ans__": 1.14673913, "question_key": "AAEAAOE7Vmy+CfvKUmRUSdwEvtz6NGaJO4yBwn7fuLvai1gJ"}
{"__ans__": 0.308900524, "question_key": "AAEAANkIC77gWEHqxyFlE903h5fBNOGGHAt/YemTl3GQKce5"}
{"__ans__": 0.263803681, "question_key": "AAEAAH94V9os7WPT+ue1GqT9qLy009pyVHAvP5w8aorKPby7"}
{"__ans__": 0.77173913, "question_key": "AAEAAIz2FZpDNUCDcHYIHu9fCf0QtGF/e8lJRuhdI+X9S75r"}
{"__ans__": 5.0, "question_key": "AAEAADKH7ySRAsf27LR+TZgdmnQbjCCNvCzT4XTkEQMaHpyu"}
{"__ans__": 0.033333333, "question_key": "AAEAAD87d1TeBD5jUFCNlq1gHYSh/Vbj3RYavV9mDcD8icnQ"}
{"__ans__": 0.386178862, "question_key": "AAEAAJVGenuhyiTePyrlhaPiem91ITkKYMkT7VU4FHAKj18D"}
{"__ans__": 0.737541528, "question_key": "AAEAADhxl0o5iLmtCysKIuO3pROzQC7BWwuUCIybXitGdT6H"}
{"__ans__": 0.61440678, "question_key": "AAEAAC8jnw/CgoD74Y7H9o/uz2em/1fYAmE3GkoZJ53D74u7"}
{"__ans__": 0.238095238, "question_key": "AAEAAMb0reyzMjtq0s1Ow4qRAXVtVjskLzk6JB0W53pzW/W2"}
{"__ans__": 0.96350365, "question_key": "AAEAACRy/8b6GEfkXEH3z4xHaMe67FOMW1AwUziVvmZwW2yY"}
{"__ans__": 0.314685315, "question_key": "AAEAAP3nZpr0cyQUo0wMH6jeB1y4SHL3b6dSqiuP5pZ/J4tZ"}
{"__ans__": 0.661478599, "question_key": "AAEAAMs0j1jXVaPWRrd69TEr+cz340AEOgkinG5MJ+jVV/uz"}
{"__ans__": 2.916666667, "question_key": "AAEAAOeK2/EgN1z7FOUhykYpwNA24TvG2H9GW4FHD55AAHnU"}
{"__ans__": 0.95, "question_key": "AAEAAAj4HVo4PRPogFxdSLZPFVWzk8tNcr7zMed8Et6ldy4n"}
{"__ans__": 1.4, "question_key": "AAEAAJXtB/SNMNw9K4ioTOiDFlIrr24IVrqxwg29HMqUp8zi"}
{"__ans__": 0.449541284, "question_key": "AAEAAL4auXClFO5RQtG/2CXPUIeMeWX21I+8g8/A1QmaFrfy"}
{"__ans__": 0.395348837, "question_key": "AAEAALZur0ZoW2uS/PAZrwLv23KkFp5HxsqTTwvAEfisiwtd"}
{"__ans__": 92.54887218, "question_key": "AAEAAD6Ww1KxjF8q8Twc1AyZSbrWYxu+1FnugO+qJ3Lnrszh"}
{"__ans__": 3.146341463, "question_key": "AAEAAE9sYMjj4zmvPSElSldWqMJ9fVYce4UCNufSxMOfax7Y"}
{"__ans__": 3.166666667, "question_key": "AAEAAJOz6kpHZeIBcgfUMadCfbs/tB+TRv5uWDROflIe9Pml"}
{"__ans__": 2.130136986, "question_key": "AAEAAOmm0zabMtggWNNUaMeEEtKf/A8QXQDvQNWbwamOpEuj"}
{"__ans__": 0.164516129, "question_key": "AAEAAOO2gneSqc6ml7mIj6W6MIYUbJXNCFlIrhXfs7iQ7oLb"}
{"__ans__": 2.310077519, "question_key": "AAEAAON/Kn3ZekHNmBCUNzFROBO1NBTViFBpppwglt7/wgwV"}
{"__ans__": 0.327956989, "question_key": "AAEAAImh2nQFwigRSEItELcd3eA/xJIt4AEAE7V1B/afY4te"}
{"__ans__": 1.424581006, "question_key": "AAEAAM3H2Cjg0pUML5FgRIhlhayveP5jue6UyJEetK3Zs6te"}
{"__ans__": 3.733333333, "question_key": "AAEAAF/KHX8Ho3fAF+QKPFMSvPQUedAWRZyrSolr1veWkoIN"}
{"__ans__": 49.8, "question_key": "AAEAAGyOEAboehDhdIz8ttK4PvZcztudD009/elTIiJxd/Fs"}
{"__ans__": 0.436842105, "question_key": "AAEAAA69tnn60HEDBWzaGQf2Gm3HnIuwszTmz99tlZ/KnFEo"}
{"__ans__": 1.417808219, "question_key": "AAEAABUAqyS97SYT4ji6txQKW1sCwfbBGhBjRDPrJF14YqsO"}
{"__ans__": 0.299638989, "question_key": "AAEAACzD4s1Nb/OMCbF5yK+wpMln5haGv529IxJl87BP4ZhB"}
{"__ans__": 19.868421053, "question_key": "AAEAAHpkbW+Q+LgeKutkfKiYkLeoiPvJQU1vQfTmEonKQCfv"}
{"__ans__": 1.309090909, "question_key": "AAEAALwSyoX7rSej5QvJ6C5/6fFyYpvRK2D40OObXzpZX/f7"}
{"__ans__": 0.362903226, "question_key": "AAEAAKlyiR8lQ241WWfG8I1L6+B1DDDgIt1O+MRq7CqFGo9R"}
{"__ans__": 5.795275591, "question_key": "AAEAAMO68t1pRjvKo4uw5i2x4IBngz8gOPUnBgheaeah9d1Y"}
{"__ans__": 3.204545455, "question_key": "AAEAAEb8BS+P0J2eC1zwGPAOUf19zFr4PbM2NcNesoCtkXC0"}
{"__ans__": 8.266666667, "question_key": "AAEAANzxvEFn6Ex3I+NG+MSrQhPFipCSKhSOF21BQNCtqtAb"}
{"__ans__": 0.358255452, "question_key": "AAEAAHPqUD6SNDvroMOCAMlrDSEYZXbJ2forjmvvNMBMZXgr"}
{"__ans__": 0.127329193, "question_key": "AAEAAG6a3IuKVQ7mDuhnoH1fgP+o3VqUfB1NMJhZlt/cv+y5"}
{"__ans__": 0.651282051, "question_key": "AAEAAM61jWDdutFVCsFtcaAf88QJ1/2+2QSqxk2WR3i6QZDW"}
{"__ans__": 0.779069767, "question_key": "AAEAAJvhse+zbzopPWOG701hcy64Fl4/F1WMAtPVQEkebm2F"}
{"__ans__": 0.976047904, "question_key": "AAEAADNW73QW59XJ5a/liG/z/59bDXmbpd7BOmBa9PpKjK8v"}
{"__ans__": 0.382183908, "question_key": "AAEAAH+s1pUuKqt58VeId3Qza4XjZ8JpX0A++hnRV3EwuuxL"}
{"__ans__": 1.611464968, "question_key": "AAEAAKy7xWxtOQVrA4+vSSY1ipA7yf52rikRLvJLbWETJokj"}
{"__ans__": 17.321428571, "question_key": "AAEAAHVFDhLdklFDNs2/87PsQ6p535zg1z0kPB/iHMRE8yn/"}
{"__ans__": 16.305555556, "question_key": "AAEAAH2bbMivGMQfN5En9QmmhMfLmrg5WTbTk2720M+CQ+xT"}
{"__ans__": 0.106583072, "question_key": "AAEAAIk+x6ewbqeKDFH/RHHAUJf0a1mWquYcEQfbIdTgwRNE"}
{"__ans__": 1.266666667, "question_key": "AAEAAH2j3cBlYH8ZlDjePieXnZBNIFOO5SME9ifZZY/ApYaL"}
{"__ans__": 0.504347826, "question_key": "AAEAAKnzKrVQBhOqQwtyfMMJ3qiIDbL+H5U5IY94rjwxWkC5"}
{"__ans__": 31.0, "question_key": "AAEAAIDwwoBxy0tqjy7UCVh4GimgdlS+lCqDEAvR7SS1chM2"}
{"__ans__": 3.333333333, "question_key": "AAEAAPqX2KCbK2EEb2/KilWctl+4EXO1qHeNxgLZqHAtBNFZ"}
{"__ans__": 16.264705882, "question_key": "AAEAAEnelBoRywvaTG5ArpxZVkhe9Knx742DTgJsOKTfzmiN"}
{"__ans__": 3.236842105, "question_key": "AAEAAIwk7FIM/cbGICO7k/A2+iUeIYXDG1WMQFVBSe/OCsWf"}
{"__ans__": 0.380116959, "question_key": "AAEAAJaJpT10LU/dYbk6nCxxXsc26OMKeO/kAzG0iidpq/fN"}
{"__ans__": 0.285046729, "question_key": "AAEAAJJGvBKke47o00L1wVJD9CdBjfKJqpIcyHwTUwqGubto"}
{"__ans__": 22.026022305, "question_key": "AAEAAAZd+4F+fgn8ZxJGuUx+GlNTuzJDia0ZNNyOobNAA6dq"}
{"__ans__": 0.128378378, "question_key": "AAEAAMMXc+vGtwq4kR8XjquU8a6S+uyfcZoo28tWvGp7rVGg"}
{"__ans__": 6.970873786, "question_key": "AAEAAFTyu+4bUi9VMtJsw8845G8kgJhp+y/5gOZ+fWGomNdM"}
{"__ans__": 0.992248062, "question_key": "AAEAAAlezg4f9dQgx/DmhqvOrjFSB2MwAGwJue4tx/cazO2m"}
{"__ans__": 0.933333333, "question_key": "AAEAAK7GNGJItdaXwRh9rZKZcOqIonzQ0Rhagqp4SUihRygk"}
{"__ans__": 2.022727273, "question_key": "AAEAAJwhzbQYzJUzrv3NAtm16Dg2xFH+Tp2/h2jq0z3zXHi9"}
{"__ans__": 1.634751773, "question_key": "AAEAAHIP89HrwZEN0WqVYFFRN/ZptXndLwZ0ET1ulOOgqL/H"}
{"__ans__": 0.248538012, "question_key": "AAEAAPL9ilp0ClLOakeNeuy7QdF2b97bmQUYd11iYe+zQmqh"}
{"__ans__": 36.428571429, "question_key": "AAEAAOGG+iVjuOC80pg7CPhWuXKUR5JIjXLUsiYTMdgSJ9Cn"}
{"__ans__": 6.678733032, "question_key": "AAEAAH26LVSChSNohLui5ta8wAFyQ7dUCUrirEzgTmEs+yny"}
{"__ans__": 3.016835017, "question_key": "AAEAAN5+af/PsTu50nGwEoypbSqJSYVOqR/5JoMSiapvNHea"}
{"__ans__": 1.069387755, "question_key": "AAEAACSrfc7+3Zun7tWMYzqMD2BP2ZmEDd1u29LlCNbcn/M0"}
{"__ans__": 14.071428571, "question_key": "AAEAAGUFtkxLvYGpSwstAnV6taP/PGXdsOWkX+GpynhwJ9ZV"}
{"__ans__": 0.815789474, "question_key": "AAEAAAFJ/CJy8nusdoChISMf9ajxbeHkr9L/78wJf1SfSb2I"}
{"__ans__": 2.1, "question_key": "AAEAADCq5FrRr/3HAOzNVLzfHAj0C+WOOTo5NMp2HdRzFWPL"}
{"__ans__": 0.243626062, "question_key": "AAEAAPVRti2mWq0iEG6LwjmxfWtxrws7Jjwi6QCE1B8h/Q88"}
{"__ans__": 0.382978723, "question_key": "AAEAALsycPdHPy2pAXlPGNoMG3/xXJUBy+NY1to8GdI6n619"}
{"__ans__": 2.030150754, "question_key": "AAEAAO387ujBhxmZOTzMgoE9EbTurjPDBiqbm1pp59KKPbFR"}
{"__ans__": 0.143646409, "question_key": "AAEAAPszWuAbvQnH31V4w54cPj9AQSORvApFFS0cdEzRT98r"}
{"__ans__": 5.102040816, "question_key": "AAEAAA+lb/NBg0YD37vC40FQxcQmRtmdX9OnJ2Sn2Du/q5P1"}
{"__ans__": 0.451612903, "question_key": "AAEAAJQRFaPBEFe9gpQGx4awrvDmX+Au3q08VyKPymYN9EsA"}
{"__ans__": 0.633466135, "question_key": "AAEAAAoCpXKwUoy3A2wy5XrYAV/RU7e2a1i8KB3CcJNS/Hbh"}
{"__ans__": 64.564102564, "question_key": "AAEAACC7gnQHMhlrKqNSJTJsfeEt//ONHAcmKefQpYUVt6vP"}
{"__ans__": 11.835164835, "question_key": "AAEAAGKczITliaO2w8R/MLufRoxkP3QC8omqXMa5E9jR2RxK"}
{"__ans__": 7.910714286, "question_key": "AAEAALyflZCbs6fkGSSsWiFPgjTHsf1e8AW6G665Xkfgcxr4"}
{"__ans__": 0.692307692, "question_key": "AAEAAHlMxZfy5Wv3cStB32NXZP7m/3gvrJU4a2/m2o5rEUcu"}
{"__ans__": 0.93495935, "question_key": "AAEAAKZFRbpylChTtimjuMvNFsIMwICxthQRptxSVvJc4QXR"}
{"__ans__": 15.862068966, "question_key": "AAEAAIDxqjikzaG9ZkcrhZfaw/tuYKekjNQpp+1KAwNsHscd"}
{"__ans__": 3.717073171, "question_key": "AAEAAEM+XwRW1Qb13FKV9gRVMuXifG7RgKvccWY2kL3OAhEe"}
{"__ans__": 0.994152047, "question_key": "AAEAAIz0b+9tZ97A0JicZIiNq6Pdy1N6MFFU9xRLEiF4duJH"}
{"__ans__": 0.595959596, "question_key": "AAEAAI1oV/7WJ3nrFJBUHk2oZSg2gR8P1tE3e5t1dxABxsKS"}
{"__ans__": 2.493975904, "question_key": "AAEAAIY1OvgNeswV+XPWgcAttMMD138NY9EBK86DgM84lYtb"}
{"__ans__": 0.581081081, "question_key": "AAEAAJREJxwysjC8FLApWjO1C2kpnL1FkxzBDQF0ta+fCI0H"}
{"__ans__": 0.822064057, "question_key": "AAEAAJUMLmfIvi/H2cBNlGrsbZPfaLWnFbL2TQpeF/k9IXUT"}
{"__ans__": 0.023411371, "question_key": "AAEAAFGgMDcOOLpIZJ2JJYMYMQcPrLLG4/p7zVnlQoN2ThoT"}
{"__ans__": 0.532467532, "question_key": "AAEAAFybmgfDtHvYwDzGVmMSgbUcICqD+hKC7lHLFJmXayca"}
{"__ans__": 2.972375691, "question_key": "AAEAACwwu9wHPOYFrwOGcyNbSuC81FFjdQPnYbAu3zz43jxK"}
{"__ans__": 3.752475248, "question_key": "AAEAAPQUNTb1vg8qB0ZJ5NU/XxhSwZAWRNlVqu8atpDcVd4y"}
{"__ans__": 2.4, "question_key": "AAEAAIzW4TfHfMEzVz68qwEe389KxGJHnLJaAPTOoGJGmDrB"}
{"__ans__": 3.941176471, "question_key": "AAEAAD0rylkzQBJPxTouV6mFGQOJi3yVhyX3inWnHatGZDI+"}
{"__ans__": 0.231974922, "question_key": "AAEAAMkprobi2iTx/kN1BieWNxiWRb84xOplDDgbqwqmz7QR"}
{"__ans__": 2.451388889, "question_key": "AAEAAJvrvJp+fMVE3XhkeQBcFRb/698V6eMiTQa5WDmwX1cW"}
{"__ans__": 0.605095541, "question_key": "AAEAABE9VMPRcvAsj44fx9TkfBuam/lbugTA3T7ve2YRf41Y"}
{"__ans__": 0.952830189, "question_key": "AAEAAJPbk+wgqBnQjHdBBvJXfW5W4acZUEh3+DiYDZobwIGy"}
{"__ans__": 1.366666667, "question_key": "AAEAADPoye3TLk1swe9ePOGn/nO9jtb9iiau8gC0w2QnW639"}
{"__ans__": 3.197530864, "question_key": "AAEAAI4usforbWRta3AZzkJLhYdNMnlvAqrMVNUBRxoCrrRc"}
{"__ans__": 2.0, "question_key": "AAEAAHlvA2RvdJSl83j+RGmTzzid1Y+ejLaASKW7KB/Vkluy"}
{"__ans__": 1.446107784, "question_key": "AAEAAMOYr0Vh5reQZU0FUDp5L/MF1aGFtnzBKDWVDVIG12rs"}
{"__ans__": 0.354166667, "question_key": "AAEAAPyr26ey//uw/taNHHqGn/XLTUkeCu86wHrmIrNJbDlK"}
{"__ans__": 0.523636364, "question_key": "AAEAAM7NGt9IQW/qwgQJuLF3t8aoBVstX+TpHx2htwsdAnxO"}
{"__ans__": 0.383522727, "question_key": "AAEAAEsrIgDw1nzs3NEV22oXU8y3EaENtbsjXyeS0E6deoTC"}
{"__ans__": 9.06779661, "question_key": "AAEAAJUvjXggPi+VAvPlK+dUqvA1ThlswuFGpvLxaL4O9k7B"}
{"__ans__": 2.907630522, "question_key": "AAEAABJPWOAWQokeBjjQiQKMDLAs84i+USemHpuSZpFmi9Da"}
{"__ans__": 0.647798742, "question_key": "AAEAABVemHdfTuQxNe/m6QIV1VnLXvqUDZitVfpufRcQ/6od"}
{"__ans__": 0.729641694, "question_key": "AAEAAJ6A36j0FFLWt3bql2G0IEKB7HU/npTpVqlYLFd3KA3Y"}
{"__ans__": 1.192, "question_key": "AAEAADZiFZWfm6EJPBxkG+ehsRVS03MvWkaWvmtRakmU6l1r"}
{"__ans__": 0.405405405, "question_key": "AAEAABjEAe7Qg6rwcxX9O+ufQb6/ubjlVW6dR6IwoUqHdVOh"}
{"__ans__": 5.414545455, "question_key": "AAEAAIw1TO0g1L915tKdpWZvHxGzJrDnsCgmpEm8APP4F1kL"}
{"__ans__": 2.137931034, "question_key": "AAEAAM8iHp/RBd+O9j8tjsQ81QLU1FZS/x/aPzMGhtC6jzDS"}
{"__ans__": 45.875, "question_key": "AAEAAFVqYj1Rios8kkFdX5KjPxQWH943glkPhjXbGFfv/fm5"}
{"__ans__": 0.472906404, "question_key": "AAEAACF+XSW7Q4STPhe2KZnZoGxIEbB/UvA0fCv5ckqqHGnO"}
{"__ans__": 23.3, "question_key": "AAEAAB+9CEF4kJLMSic1duY467AQIjdlwpQcD0V/Z47nGOTH"}
{"__ans__": 0.155339806, "question_key": "AAEAAIdnmCkvobm1NM67avWKTinXhFwyGjtwNkQavw8DXCQy"}
{"__ans__": 0.140186916, "question_key": "AAEAAIEiCmEnHdzO22uSHoowSHP7ary1wieEFIZ6ZLh0WbOU"}
{"__ans__": 12.379310345, "question_key": "AAEAAOUNwfLEZDHwmX5rBGv5ZUHuhalXFZV2T24Y+oxqYq8o"}
{"__ans__": 0.670103093, "question_key": "AAEAAFgyU0DFKRMk6u69YT7wjiqYn+2/lG4UBe8F0bwVMcr2"}
{"__ans__": 70.8, "question_key": "AAEAAA/3XCr7/o3HxPDWEO9iFlq9s2G1Vyh7Q+lXNDcw/Aeh"}
{"__ans__": 0.485915493, "question_key": "AAEAAK5lL8KtNQoEbYOkgEMtSnPdbC/YuLENplXcX6fR+xgr"}
{"__ans__": 0.015873016, "question_key": "AAEAAHEWjrQENRv9IWQRuaBcTurRUCyJNpcxqRrs83SmrQNw"}
{"__ans__": 1.0, "question_key": "AAEAABVvlpxb8WLaafoPrgEg4E9y8+Lt+/I9L4aWCgHGd3BN"}
{"__ans__": 0.034285714, "question_key": "AAEAAPQs/sxWuVZ5584JUefS4iZdAJMSaj9LpbHKZgbhB5Z5"}
{"__ans__": 1.543417367, "question_key": "AAEAAAHZ7eoo1x7ZduZlk826XPxN/yuX5x0SQHtoLpsxK2MA"}
{"__ans__": 2.510526316, "question_key": "AAEAAKBzcyFahiqWIQ5HnBOr6JGdxyiXSuzDXaIP8LK/AVCW"}
{"__ans__": 8.0, "question_key": "AAEAAPg3XukDQ+HavVquEyHBWuoif46lRe787qBNZ0cy7c60"}
{"__ans__": 2.849557522, "question_key": "AAEAAIOmikV3Q8HsiQ3byAbxKOXi6BqpPNIcGGdTe/y4PCQs"}
{"__ans__": 1.76300578, "question_key": "AAEAAPL1yN77qhZM8ttw3/3DlTumpM9f7njgpVa8c+mxXPGW"}
{"__ans__": 1.788135593, "question_key": "AAEAAKMJys+KhCvsot3ulnAdamgxZUjM00y5KYW+O1ixN7LN"}
{"__ans__": 124.0, "question_key": "AAEAABirDGEz/r8CmOIGrPpe6UcwPtA7CS72NZoNGYcJv7VS"}
{"__ans__": 560.666666667, "question_key": "AAEAAJ6R9EimCjDPYlIpjOBYRQ7CPxobn9C/xCwurd+Zp67w"}
{"__ans__": 0.219512195, "question_key": "AAEAAJo09/QYxyDglnKJuYngbSfA0py6jXkx5MiLJDEg61LK"}
{"__ans__": 0.278846154, "question_key": "AAEAANkBVF9hcaNrU0AGLY4ynp8xGV+2ymgibGsTST8wFDIB"}
{"__ans__": 1.702380952, "question_key": "AAEAAGKwWCFpoJsi/ZnroU3MhPB11LLDfYAcG+u3sHyNfDfv"}
{"__ans__": 4.604395604, "question_key": "AAEAAFrCnoffwcwVpDIsreCyT+XRzPuPt0wA5zpGaeKwh3AH"}
{"__ans__": 1.081300813, "question_key": "AAEAAHz2iHfkZ17beSDLdG36mqh76iJxbvy7ltVq/hI3dxKN"}
{"__ans__": 4.351851852, "question_key": "AAEAAGizmW9Cn964/fe563GXfoIj8jhk98sNBvvobTYxWcj0"}
{"__ans__": 0.34384858, "question_key": "AAEAABuDHz22TdRoHnLiVYfQAyvh22kOL/zDvhoAJQoFUhRw"}
{"__ans__": 0.218487395, "question_key": "AAEAAJKYJgaXheTZGWPCunOIbCsKbGcjD2w1ENUikQPDeNpA"}
{"__ans__": 65.781818182, "question_key": "AAEAAFZUD0HT9fdkyj3oTR6Ew5cXqntfzyUQrAmPr3LiFRWu"}
{"__ans__": 1.301587302, "question_key": "AAEAAMXz0j0UAWLFLPK8SmQN5flyCv8HfYnXj3Gc6IOuDM5B"}
{"__ans__": 38.308900524, "question_key": "AAEAAN2HZuSZhaIt/UgzCSRzjztTUJQ2rDMOZmSC6enp4XDt"}
{"__ans__": 1.158249158, "question_key": "AAEAAClprKo7msONt3rt+zrm/fP2ZkDg4AK6nBx6zMQkS0ky"}
{"__ans__": 0.824561404, "question_key": "AAEAAJCL484wkZIHiRw1MLBu33qqxkTmuJGDIrEgW4vMnyqu"}
{"__ans__": 0.319634703, "question_key": "AAEAAC72X8TZvRNVSYZ6hTMnTfpBaHPuFpodk23H3xfrK6NH"}
{"__ans__": 3.754863813, "question_key": "AAEAAM10T++NbYU9JFMEb6QxUnhc5LJxtkOvG1HhfuxSpTg3"}
{"__ans__": 0.244680851, "question_key": "AAEAAMPrlsjCEejyiB4x6Nmvi4yEMD5fUpJZo/WV/oc1L/Yk"}
{"__ans__": 0.715686275, "question_key": "AAEAAFF/WfbxS4V2roHkQ+WEgqXcVXxTCljXMuGkslg7XtOq"}
{"__ans__": 2.902834008, "question_key": "AAEAADHmhdj7ddMsxwLxIORZC+IfLoydhg+FXTwjBssCfemU"}
{"__ans__": 1.642458101, "question_key": "AAEAAF9ASgzjooq/SgiJg58it0eZ6PPYv8B/r4k6gH8VhdCG"}
{"__ans__": 23.108108108, "question_key": "AAEAAHaDxug0N4SrFLa65nyX0onGDf3C7DpBBF+u/4MTu9ye"}
{"__ans__": 3.559701493, "question_key": "AAEAABtiDQZgE2LOLxtgl33uaw4xfhMDFqlWV4wVsE9H/Dcq"}
{"__ans__": 1.789968652, "question_key": "AAEAAL8xXMY8ocS5aVwA+01/21LZ29oejC1zVXl2eS+a+9J6"}
