{"__ans__": 16.5, "question_key": "AAEAAABtG1cnA9itZ06treNhnpfh9wOuNYKiuF/GJpCrIMVK"}
{"__ans__": 22.66667, "question_key": "AAEAANCzNE+MEUdf5over5kAse0SgAE4dNP1mHPLfGFwDsm6"}
{"__ans__": 228.0, "question_key": "AAEAAJyMgySaY6Rw1uvSbuH/gssqHa+QCPteaBol6jzlH979"}
{"__ans__": 19.0, "question_key": "AAEAADCOHXnV/uRrvOzICLvgo8pFOE9XSSIBgr6dDXJ4Zyh0"}
{"__ans__": 39.2, "question_key": "AAEAABATV1IhBiAlN0Fz+UVrPMcUV749kh3bmJZqSfLrNkol"}
{"__ans__": 33.33333, "question_key": "AAEAAI3mI/5Irybw0seKDxGSBwYrpd0w0tI0V249YPsHdW7I"}
{"__ans__": 12.0, "question_key": "AAEAAJ7bk3GkpMIj0d3c2KCO/S1HqKHGQXQiMOHtx03gMZEX"}
{"__ans__": 74.5, "question_key": "AAEAAHmzey28kxvC5+1F2g+3u34OK2mrIa24U/QdHxHrnL/M"}
{"__ans__": 39.4, "question_key": "AAEAAF444viKVl71HozxTwHXSz05aTo90pHfXtOpRevo789N"}
{"__ans__": 76.0, "question_key": "AAEAADiBBGqHTDsRIeeVprdcMgTWYMuZUAoy39NMyELy4QFy"}
{"__ans__": 84.0, "question_key": "AAEAAKtryoMbLwBApm/0gO3pDgXwmlai10zehIToAYbrZjgo"}
{"__ans__": 13.33333, "question_key": "AAEAAF7GUjj7Bz3JB4kcURZwOj36kHz7ECQMIk69jFdCIMWJ"}
{"__ans__": 31.5, "question_key": "AAEAAKMrHKGctsapXA/QFlfX9z2H14knS0VYFLcH4HBUooGY"}
{"__ans__": 118.5, "question_key": "AAEAAJPmFsRo5U8j6O8gZLDdZqoG+3D/2cheBLXpJARXMbAq"}
{"__ans__": 33.66667, "question_key": "AAEAAClIcxXdJA8UEuMxUtoAJzFJd3YqzM5Sw60A8hj32EG5"}
{"__ans__": 52.5, "question_key": "AAEAAEwSnhqQwYzXTcALn1JylcEQJuP2o3Hr0Vk+NGjgG2Ez"}
{"__ans__": 64.0, "question_key": "AAEAADBoMjsw4sejq4Dr5VViPpmyoH9Nd9Qx8+121zVPHcs6"}
{"__ans__": 49.5, "question_key": "AAEAAMgzun94bMej8obaqlcHAH+t9a+n26d7FgymgWXuL9W5"}
{"__ans__": 27.0, "question_key": "AAEAANLSaQEYiC+HAEG4YxM+2VOX9vnRaJbRb7YlrPHmZdSL"}
{"__ans__": 17.0, "question_key": "AAEAAEo0OPJMJJMhDTOQcV2OBqh9MoSi3cUtsQvlnts5ABM1"}
{"__ans__": 67.5, "question_key": "AAEAACW57GlBM0ITWZQ9nPXD6fPiUT35cYPMH8GYKfCGJ+mE"}
{"__ans__": 9.0, "question_key": "AAEAABeGM74x2mqYuQ7fQVh15L4O4tirm31ZqcktgMwQj5jK"}
{"__ans__": 48.25, "question_key": "AAEAAPwFQ7lyZPQktoOnHQyt4yoru7eVQw+qFHAVC7hg6/aK"}
{"__ans__": 66.5, "question_key": "AAEAAEiAQnEtidj65PqNSZ+zmf6I6V9uodBSQlnLpg/S2q6w"}
{"__ans__": 48.71429, "question_key": "AAEAAFwCC0SFBeJpVlLaAn7Ha6QadC+djdiv5pFj2zLnkUin"}
{"__ans__": 77.0, "question_key": "AAEAAD1IRgT0YHEJfMRSndRyal5Pwk2TWv3FZ1ncySGIs2po"}
{"__ans__": 17.0, "question_key": "AAEAANnWkUCHKcCKMf5bsckhiQ5W6/s6TY9fWIet+ZcrS/NP"}
{"__ans__": 2.5, "question_key": "AAEAALTKUnm69uKqbPu7n+DEzpvx7OApBLKEaOWOw+MWjfQ3"}
{"__ans__": 49.5, "question_key": "AAEAAAfz+wMz7qyHPAjCNsAdhp5kby5L/kA79euZ+HFcIByw"}
{"__ans__": 6.0, "question_key": "AAEAAPDTqucFwvx4C63JfM7hNI6o9UfQgbp+SwuBtelFIQiG"}
{"__ans__": 59.5, "question_key": "AAEAAGKMCtbr3Rf6Q9zUxx0ZPiEs/Lgl267u1CPfgDA+s+AZ"}
{"__ans__": 14.5, "question_key": "AAEAAM/DRd1O1kcCZB8nqpNMSFdBP/NTf//EQhXha3qcMUGs"}
{"__ans__": 11.66667, "question_key": "AAEAAFef304KdOrTKH35cjNdgLVxiZ92Alo0ODy/7LFjLkxF"}
{"__ans__": 20.5, "question_key": "AAEAAO1Xe766auRcL+eoa9668fmllxBZjMVMNm0TW6E3BDuc"}
{"__ans__": 31.5, "question_key": "AAEAAL+twIfg+RzWyKcSiry+1pEhBL4k/Qv3PNbjfbtIwUG2"}
{"__ans__": 8.5, "question_key": "AAEAAFnEF1dMySRn6/NEngDtjFk5KEDLLDLC8o+T19x16UFv"}
{"__ans__": 16.33333, "question_key": "AAEAAPd8y7BIioZmQ5sHhfbnU3C39kIa3rJyo+8eImN2xrKI"}
{"__ans__": 138.0, "question_key": "AAEAAIIj7Abum4A+7/BveJ/WZoWyhcFo+m3FyURm9Jca5Lw5"}
{"__ans__": 26.5, "question_key": "AAEAAAwLP+xzgHvSo/aR96sPoEzq5zhJGT5yd7n9ITi+g6nq"}
{"__ans__": 13.0, "question_key": "AAEAAI9d04+giEgAqvkPQsMsG3KJMZkWUHZHqEIKy3zR8EKL"}
{"__ans__": 12.5, "question_key": "AAEAAGy7i8lKJHqin/BbYCHT4Bub3nF337HDUNgOD/3SuWvg"}
{"__ans__": 13.5, "question_key": "AAEAAM2MXhongeKeWybg7VtALAccrXln+FbBeEOsNvrZHJJj"}
{"__ans__": 14.5, "question_key": "AAEAANyhjyV9yvYmAY1Jjw+BcL3HWPQq/uQgEea1dGjmwGHw"}
{"__ans__": 14.40909, "question_key": "AAEAANjIenW1SzssY6926NS8xm8vatTjSBOxzo/VxgpKNe3e"}
{"__ans__": 17.0, "question_key": "AAEAAASvYLuHz6U3xqPeZMf2Bc2lZ54hUX1M9ZOVgdm0v3/w"}
{"__ans__": 115.5, "question_key": "AAEAAOQKVWTB8z8gcQIwrmgcnR+3RmM6Vq7W97UavnDzRm/J"}
{"__ans__": 10.0, "question_key": "AAEAAJ08ZnzkA0VW9SU1UeXzfWl0wod4kCeOcSbhMpGPlCXC"}
{"__ans__": 74.42857, "question_key": "AAEAAKUzxMY1pYcyYF0opWzvpym76iQEbKhREefXGOTkq8Ed"}
{"__ans__": 31.0, "question_key": "AAEAAD5CsjyQirjGWIzQXGR0Byh+60pXe0nWu/wJ5Tq/oDZj"}
{"__ans__": 28.0, "question_key": "AAEAAJMiqxOHighdlWGfRLWYhV9cf3LK+2doUJe2Qx5RdQ7J"}
{"__ans__": 4.0, "question_key": "AAEAAIi1RLdnpSNmII9I21Ak6zz92+r7seviHNxuUjF3xh+r"}
{"__ans__": 3.0, "question_key": "AAEAADkbqn/TT6zoVTLaU9/ZI2lRhXjmD388e41uzuuyfwzO"}
{"__ans__": 121.5, "question_key": "AAEAAAd9SI1Or3ZGjgxOdW2/P9Q2u2rtihtrdJEw2whZEIdv"}
{"__ans__": 9.5, "question_key": "AAEAAB1Rcv6HJs63ZWaye2n1XbLM8qZm8Jv0xMbrTC4WxWIZ"}
{"__ans__": 10.25, "question_key": "AAEAAHt7UBRQP3P2oap8YgNjh+leunQsXHaXBrz8gCiZytr9"}
{"__ans__": 16.5, "question_key": "AAEAAJEE/tKpUoQZWxKdZ6PFBYn+4Vt9aGdUJpw1zzZcDCpg"}
{"__ans__": 2.0, "question_key": "AAEAAJ3GPOcxpnn8nrZ/OFSnQMNGjeMve9HlXBmTHtRUP06c"}
{"__ans__": 114.0, "question_key": "AAEAAEikpG49PAQQWVvVDeF3+dUl4+20wR2h5MJSGmuvhxBm"}
{"__ans__": 5.5, "question_key": "AAEAALH7alYk1RWe5G/LLb5EnKjxMWxLKAhRonCBIKQhqkf5"}
{"__ans__": 16.0, "question_key": "AAEAAJNYWBog1QraR4BSLP0L7GN7OTpwHJMS/jhqHdyUMEjh"}
{"__ans__": 52.0, "question_key": "AAEAAOkuxGWrYej4Rfxkaa0OMYRgnE4cbrfxXbBKr6cGQsH/"}
{"__ans__": 56.66667, "question_key": "AAEAAN0imdqnTd4bh0mlXuIBfaOVzLGihmrsatCppOELIjS6"}
{"__ans__": 59.33333, "question_key": "AAEAALg863aKTPN/TakaiWRMt0HarcvEen84uQdSQPxOIMpo"}
{"__ans__": 36.0, "question_key": "AAEAADvSb41+PcNJ+Ie9okowsVBmOebfi9WK1Z44tlKcgUYt"}
{"__ans__": 75.2069, "question_key": "AAEAAG7G1Pmw9AvB9KEtF/VdvVvDjJfjnp441ToXg/HjFy0Z"}
{"__ans__": 97.5, "question_key": "AAEAAG/d6F+9PpqEj7uE5Xa/C+W9jlevT73a0PovQ1432Wil"}
{"__ans__": 28.5, "question_key": "AAEAAJ2evdGuFrBwbnt5ZXkH2Ywi3vDq3HXwwiqjCaaO1k/7"}
{"__ans__": 68.5, "question_key": "AAEAALGEFDo3sv+K0cdI+ugVRwpno5Gha3yaLWwr3/GmSZaR"}
{"__ans__": 18.5, "question_key": "AAEAADTbcGtkRdFvBvZp0IzHLT+XJol4xeVumblTzHOEun/q"}
{"__ans__": 81.0, "question_key": "AAEAACBv6MU80Qcpa1y/kGXHLI8M6YYzWGTJ8nJw3f5iV0cn"}
{"__ans__": 63.5, "question_key": "AAEAACAdJTu+btfe+O1PJ+s3dXPO17MIMFXsxyL+4d4I+9i5"}
{"__ans__": 35.5, "question_key": "AAEAAAQmw+DSbBSLpIXMkvtSkdxGfc11mFsjCCVMGFBEzFur"}
{"__ans__": 28.33333, "question_key": "AAEAAP41CHWkv70ZcxVF20tYSsG6ufgA/O2P04vLRvNvH8Ka"}
{"__ans__": 3.33333, "question_key": "AAEAAOblZ3ZBU2PCY7rUueqwGcX9VeABXlLn/gnKe8tmBA+r"}
{"__ans__": 44.66667, "question_key": "AAEAADa0daeANagNKbzcjcJtePH9zjzf3LpCzdne8w7fYd/N"}
{"__ans__": 35.5, "question_key": "AAEAAHsA3oXDqAC1Phk7wGuuGJVUwRgMrO/lDKWtnu9kADRy"}
{"__ans__": 52.5, "question_key": "AAEAAJyIsGqDpbQZmaGTJWsIpcExWxoehpEzN6oYP7HVCRHr"}
{"__ans__": 104.25, "question_key": "AAEAAMyEdncF8zGUKT5T3yS/KKgXsxeXoNslM2cIqk7eyFFu"}
{"__ans__": 76.0, "question_key": "AAEAAAQempuhwa2oQi4Xpjepyb6cY+0xZhkgWs+OlNF/TdQj"}
{"__ans__": 37.5, "question_key": "AAEAALf6/vI4G+EPahwEbaKIooTM5iwkc4MDFtTdakxHG2wt"}
{"__ans__": 104.0, "question_key": "AAEAABwRHxWrchgXA8CFhb9OrXn6IsNzU5D06E1t7lZbgwIY"}
{"__ans__": 0.5, "question_key": "AAEAAPblT7XvGIXEqBtXWxgzla9dKAMI3t+ECiqLHzlxqlBN"}
{"__ans__": 67.0, "question_key": "AAEAAMW4SVF9Vyd4SNxvuuQ8iuRc/e5HR4PCnllpu2nEvtdy"}
{"__ans__": 3.5, "question_key": "AAEAAFobNkSWbZo0deHCib9XYq1du04kSsALIsQxdgbI4fGU"}
{"__ans__": 18.5, "question_key": "AAEAALvCm5IIm1Lgnw9HDutZoH4Y4V7lDGbAHWikq26DnXF8"}
{"__ans__": 3.0, "question_key": "AAEAANq9sU/Dr23Pbfpj5x8k6m8aTSHLXVVDlpUG0pXMoca2"}
{"__ans__": 44.0, "question_key": "AAEAABVk7Uugc0p1lo9iCJ2fjxLUA9DBWXIhfOjcLzOCNEcA"}
{"__ans__": 6.66667, "question_key": "AAEAAEkBqcyVZtjZH3MF/DG7NSH1TODQCnif9tYpKFunZ61Z"}
{"__ans__": 9.0, "question_key": "AAEAAEgcIQJcMeIi/MjWvsgbFP1oNZG/NT44k/KqRmYN+oLm"}
{"__ans__": 68.5, "question_key": "AAEAAEHVaXHXWl5R2HpOh3eeBkqHLmN3aHkBMRQuxTgQfTQn"}
{"__ans__": 74.5, "question_key": "AAEAAG5ef2qP0InIy19F1N1vv9StAND3/uvcz+g2u6fIzSaq"}
{"__ans__": 79.5, "question_key": "AAEAAG5QNfE3oa02igFgp1A18gx3KVcJCUF+eRfN5AOKVhrq"}
{"__ans__": 8.0, "question_key": "AAEAAF/88U/GTb9Jm8i20gxCxqxvNiAGhJ1M2/Mg6vS/0b+4"}
{"__ans__": 18.5, "question_key": "AAEAABalWuxDprpLnfj5lOvt0Qe6X9+5CjWZDn9RwS2CzJYo"}
{"__ans__": 16.66667, "question_key": "AAEAAOLJXcu76Nak403uMYfUcCOFmCgrRaGUxEL2nqqYAxp8"}
{"__ans__": 9.5, "question_key": "AAEAACviSxyAz8mp5xwkx7SuUr5NsciDcRtF/BRKzS4eS+uE"}
{"__ans__": 10.0, "question_key": "AAEAAGtF9qmMzu/E14CYobqWfWS2I9OQIp73In+bbAJI1SlB"}
{"__ans__": 59.4, "question_key": "AAEAAPoqpTLkzzRpajxLcNy8yOANWlr/58Ui3uE53F/4r6Qg"}
{"__ans__": 18.0, "question_key": "AAEAAHfa3mlqg7rAwb7WK9trL767QCtv4iv8/EJoKzPZplVq"}
{"__ans__": 5.0, "question_key": "AAEAAPNWDCncyFTNNb2bq71KelvE+qhEhHwBPevo1VZLBi24"}
{"__ans__": 122.5, "question_key": "AAEAAIt3p7KgBnERxO+VT3Mq5LsGvEsLExNQXCYWjla3HKom"}
{"__ans__": 21.0, "question_key": "AAEAAAMI+ajz6ax5H2/hA//og1BoESL1RGEw5u9vkeH1pf+1"}
{"__ans__": 0.5, "question_key": "AAEAABOoHGVscaFkjaK7/VxGfVpzLWqT99KXAF3YU33KMF5Z"}
{"__ans__": 17.0, "question_key": "AAEAAMTf5A6d26gBGg+7vIpimPh9qA7kZ8IJSrU/+QPoiAX9"}
{"__ans__": 43.6, "question_key": "AAEAAAZsmkci3/v+IETi45s7EXafwyZbx0JBGEdGt2ZLFHXS"}
{"__ans__": 2.5, "question_key": "AAEAAPQqkq0sW22LhF4+JHNGiKkSWmX05VhkbpAIUV9FLCX6"}
{"__ans__": 69.07692, "question_key": "AAEAAH6anmqrFHv7xXwGowg0yyVbHjqCV3jStvjKJaEq+aqZ"}
{"__ans__": 18.0, "question_key": "AAEAABqOA0WaY0WMiq87430/NS5idD9gcQo8mzOagY3rYrGl"}
{"__ans__": 4.5, "question_key": "AAEAAE4y5SBv56cdSKVwByRg8eIq6uoQ3BoUA0bsfi3j7hVu"}
{"__ans__": 165.66667, "question_key": "AAEAANSKeL+AKbCw1vZV9Es79WEcO6cXVazU2ssuBukxWVza"}
{"__ans__": 9.0, "question_key": "AAEAAGwesLKbtNSMbIxf0prCwqpuc9N0H+5qVqcQwUsTho00"}
{"__ans__": 9.0, "question_key": "AAEAALXD1um0ALQ0syT3Pg/6HnqNKTee9BVcCUPltiXOyI1l"}
{"__ans__": 11.0, "question_key": "AAEAALM85VuV7EHe/9On/YkV0x8Eixh92frgAo9TVC3unSZK"}
{"__ans__": 18.66667, "question_key": "AAEAAGKdLEc8Goq9eXhxy9WlvQEsOhhtRuPlbT9CmQletuO/"}
{"__ans__": 46.33333, "question_key": "AAEAANUaTf1uk37ngdbRUtVMM0rHIugnWMujVRKYvTjXzteB"}
{"__ans__": 55.5, "question_key": "AAEAALgZOD1rXgaPXCc24ma4vxyuPCfKMac1T9BlZn4O50Tz"}
{"__ans__": 26.5, "question_key": "AAEAADM1YzCHL8RcpA86xwDu+A/tQG6DIm7M64HWMedxW0/w"}
{"__ans__": 52.5, "question_key": "AAEAAFC6IYbrX2JeaS4s5ebrmVGfINW+uOOnZLM2cbZVY6Zw"}
{"__ans__": 40.66667, "question_key": "AAEAAP+0MsjuFyKN13Ox9vyDKY4AYEHcrpdbytMBGiiCFN96"}
{"__ans__": 23.0, "question_key": "AAEAAPS/CdYi8UuLGki4u294cgA0vpFLva0Be3S/urPMwPMF"}
{"__ans__": 51.33333, "question_key": "AAEAAG1Wtybdv+QvCrdUYcE9IOoPUCKkqD/MQvCe1VjzRIPv"}
{"__ans__": 97.5, "question_key": "AAEAAD4gVEWNwXxWn4ARLfAitR0feixkzK24LcPnJH95iBPE"}
{"__ans__": 1.0, "question_key": "AAEAAEKnJZx1RMWSOaFAqRPVDKTThtoCfiMKvRZf2ogNgKRQ"}
{"__ans__": 60.42857, "question_key": "AAEAAHIFn5D/9hhNwuN8/++oox0HylX2L2zQY0NnzoHdKLaX"}
{"__ans__": 92.33333, "question_key": "AAEAAAhGhZ+SX9Q0y2Edd7Nf3opu7XWqMQj61sG/TBq/Bm9Q"}
{"__ans__": 6.5, "question_key": "AAEAALWz8E9Z1SOeSeYTfazIFji5ovNo5Q/V34XtO+LaZ2Rg"}
{"__ans__": 16.5, "question_key": "AAEAAAqQLNcUsyrz81cfjBJix7tj5qKQ3QJX+EoWErZ3WQHA"}
{"__ans__": 82.0, "question_key": "AAEAAEjy7NQg9r2bCt9H1hLakKPHUopLqq4railphu4T+Qkx"}
{"__ans__": 25.5, "question_key": "AAEAAFT7jCer3WLsvmqwhHC/lRy16pNQhMJlo9nl50LOVqer"}
{"__ans__": 17.5, "question_key": "AAEAAL9ZBNVIZgDx5NaI3bXFtv959Jvs33i5Bblgyb2Q0ezu"}
{"__ans__": 17.5, "question_key": "AAEAAE6ihyQxiqHPk83efrCyIK6cJIR33sphUduTVWq+7Gc5"}
{"__ans__": 77.0, "question_key": "AAEAAC7alqHGtmtl4jJOHLVn4HfK11DIq/llJvay+sap2jwS"}
{"__ans__": 9.0, "question_key": "AAEAAMCFzwnyfJXTbifHwJg7TmxiF34mTS2Sgd1aE7gbXWYz"}
{"__ans__": 8.5, "question_key": "AAEAALMAVbw2M2OOnGWj5+HZsnjGINH+QG/QcDq3g16mYPcx"}
{"__ans__": 66.5, "question_key": "AAEAADy5IzdTDmdPnaH7T4RGbysoRvwschGsMt2qmKIkLa0B"}
{"__ans__": 41.0, "question_key": "AAEAAHKdA8mzh8wWJ+enxCBowD8SozaFBDJU1xIz/5XPgXnP"}
{"__ans__": 11.0, "question_key": "AAEAAEOos2d+Vk51aClcYdDoOuW2GwPdtnUIqH5E6YXxk8gp"}
{"__ans__": 116.5, "question_key": "AAEAAIavGr39w/jnjLaDQwZDiC9R1pEK1IkuTTksnmJwAcFV"}
{"__ans__": 148.5, "question_key": "AAEAAKwkkgwcyBSTTOoaIkVXpc9oCEM0wyUktEQRdPh0qrdN"}
{"__ans__": 25.0, "question_key": "AAEAAHlua979VeAtjYeH0NGyYK12NpUJ5bx8LnJkbAtDyZg2"}
{"__ans__": 90.5, "question_key": "AAEAAG4pTX2TKVK75w52+ApMODNuQ1J1nHXcrclp66a1NM6/"}
{"__ans__": 56.5, "question_key": "AAEAABfW9fhvJvGtrFDDe0wA7L+ENFUQkvbrfrQebgxHyxE3"}
{"__ans__": 111.0, "question_key": "AAEAABRnHQ8d9MM/MUc9ng+I0aFf2BwvRU4ziUj0Oi8t4OQ6"}
{"__ans__": 76.66667, "question_key": "AAEAAOI2XKZK7rblvqW3gCjsV6vRK89DlIdwFw6V9Uvm+xZ0"}
{"__ans__": 13.4, "question_key": "AAEAAOwQWCe0VbwEXpLG9Ew36gC/4ZEfH0FnMfOSkFGLtcmL"}
{"__ans__": 105.0, "question_key": "AAEAAA23T0CD/rjXs3YTlK278OAdnEGTEmbJO0CFCCa2a1vT"}
{"__ans__": 0.5, "question_key": "AAEAAAqD0kZibLOaOXV4QGvAJ6z4xeBD86h5dbpJ9/PeH4PI"}
{"__ans__": 58.5, "question_key": "AAEAABzA9tbnMQLLCx+ApyJoM+z+xUckV8ebawhod3+A3Nyo"}
{"__ans__": 58.66667, "question_key": "AAEAAMPMU5VAWhRnqfU/qRJpGSu8wM/WGVB0vr07Xmf8hE1x"}
{"__ans__": 87.25, "question_key": "AAEAAIszQatB7wk4P9wGJco8ciwY6MCn8Hptqm8lqSY/LrGR"}
{"__ans__": 53.0, "question_key": "AAEAAL/iQvbOzWFv+kj/5sWWPKYkinStu/RWkRfuUeD5zqDi"}
{"__ans__": 55.0, "question_key": "AAEAAEUK/Cev/vYxk2khnT2dhjQLb0eKpai0QHg4VeKjmh7K"}
{"__ans__": 55.0, "question_key": "AAEAAF6bpRiGd+NLHafsm5Ucq2Lu+G8eRzHM5SXIQkeVLHel"}
{"__ans__": 41.75, "question_key": "AAEAAGh+2uYhTreUPllqOWW9i3xrD2ipas73L7kdFCCP2ah2"}
{"__ans__": 10.66667, "question_key": "AAEAAOtmTTIN3UIYFNLiawLlG4XWespwuz12grNjLBrSJrCH"}
{"__ans__": 55.75, "question_key": "AAEAAMPWba8/aI1WvHJ9Z9qsJ1HfbA4Ly8sKljkqn285If+5"}
{"__ans__": 20.5, "question_key": "AAEAALEEmTHnjiE487fJ/5xgLj2XaM29t8fvFg34unPeYC3F"}
{"__ans__": 124.5, "question_key": "AAEAAOWIl4ez5raYr9qCX5TApvWjugazrC5E/G7ndxgEYlUZ"}
{"__ans__": 90.33333, "question_key": "AAEAAEvOF9ZO+AvVEKj60MLA81519+7AFj4NyCde1mvOsU5v"}
{"__ans__": 27.75, "question_key": "AAEAAPcZ9EL+GyLwLLFWCHU01NxakZoO1YdC684nm5d0WK8e"}
{"__ans__": 10.5, "question_key": "AAEAAMv9yvKgrndBWWoW8UEXrsFHeQxMwoYnWqr42BiSpgR9"}
{"__ans__": 17.0, "question_key": "AAEAAB7D802H1e7xp71xhc+VVRaNtOE8GUvQwEPifvaskCG+"}
{"__ans__": 91.0, "question_key": "AAEAACHyI1+EqoandEsC7zhlEcI23tu4mu7JRCAStb7NG1b9"}
{"__ans__": 15.55556, "question_key": "AAEAAIh6L9hPE/fpUk0TtbSxmAYWSojTfYAjVvH+BYvXLTyi"}
{"__ans__": 16.5, "question_key": "AAEAAA5N290+EtWBBuTH1OMojhTcG/rhkRGiuV0dzaa1yRCT"}
{"__ans__": 11.75, "question_key": "AAEAAJ1+v2Ya+Nixp+bLGd4S5qbbItkHvCAliSgPc0ZWdYbP"}
{"__ans__": 112.0, "question_key": "AAEAACNPORG590vOFBHQEtjyNJHLUWYYReAfcrdBwPCGRV6B"}
{"__ans__": 146.5, "question_key": "AAEAALcm+TWS8KEcXvh4axKft9kt6F5vZhBrbBgAd28oQN98"}
{"__ans__": 106.0, "question_key": "AAEAAPdC3Fpngngpn4yoWidQ0JYHG+QjWZZNT3FnaGDzQD1D"}
{"__ans__": 38.0, "question_key": "AAEAAEi4OKdJtTFLhrZFjZN+73q4dLTs0rLTqiwQF7Sh37cg"}
{"__ans__": 7.5, "question_key": "AAEAACqwAlNfoAVuDUTiSG+Lygmek9/8RZydBQQKgH5l6a7L"}
{"__ans__": 103.5, "question_key": "AAEAAK5/rRp8LpJc7vjnpk8ikqkIFEF7RjXJynLwX35JKBVI"}
{"__ans__": 52.66667, "question_key": "AAEAABIFFuMdzDn7ZcS1NX4seZE46FyEqAgwcRwX5EI3G65s"}
{"__ans__": 31.0, "question_key": "AAEAADqdYMuCtgwjKeAwkA1brd6fqmTl73AqYfOWyPl3Zv3p"}
{"__ans__": 12.0, "question_key": "AAEAAInAYKEw2DShktFoy2P+0nd7+cMKk/NI/jg4zFA0kTyr"}
{"__ans__": 99.5, "question_key": "AAEAANjG+Y/iQ2iu7lbka7NPfaX0N/mB6Vgam2zmMlUCVPLh"}
{"__ans__": 105.88889, "question_key": "AAEAAMB3+E5BgU0FpQXWpO4WbUmdLd8jQXsP4nKsrBN4+4cb"}
{"__ans__": 10.5, "question_key": "AAEAAONxE/KQ8BB5lXp/taJXY75u8DYRfGd7XrNDW+qCvBvE"}
{"__ans__": 33.0, "question_key": "AAEAAF/kRA2iUjgFAZ6LcTMHg6Uz//ugJzE1nB116hsIUIZm"}
{"__ans__": 33.33333, "question_key": "AAEAAHSaJ76/ThZdZdG9/VtGb4U/i+QytcBrZ+j/LAOpWp13"}
{"__ans__": 100.0, "question_key": "AAEAAMuqVOTtHMwN9SrdTnTXmvyG/jLRpbIDg9dTE9Gme7Vb"}
{"__ans__": 35.33333, "question_key": "AAEAAJPd0V9qmAjUG54WQBd0mz2DHerMlwkdxahxPztBQ1Uq"}
{"__ans__": 60.2, "question_key": "AAEAANL26P6lUIriSMdGps5GAk1TAIP8g2wQd02GGmF9Touv"}
{"__ans__": 19.0, "question_key": "AAEAAFoi2Mc+l8GFNKDPevfqoeJKOHYm3N1rlgi9/hR/M2HR"}
{"__ans__": 107.0, "question_key": "AAEAAOAW52nh+gpAUblDy13iWm2RbBTFvNuP0fKN0c1ELupe"}
{"__ans__": 10.5, "question_key": "AAEAAFn0ZTp7lwyBAjZH/0BhpDbLMMytjmTfBe8vQcKADWvs"}
{"__ans__": 41.0, "question_key": "AAEAAPjPhznEyOnETCzBa6jLR9d6H/uilR8AryVhpJinHKc7"}
{"__ans__": 14.0, "question_key": "AAEAACSf8aEcINUOKTe7g8T0cyBnNLRe0tSndsOIPsEGlcyK"}
{"__ans__": 28.0, "question_key": "AAEAAMpeFJ5yOzLK3hduSxDjzmpn33EhgkSK7PKnLLDCNYpd"}
{"__ans__": 134.66667, "question_key": "AAEAAKYEKT8L9cLBRa6ZBQQDP8H2qG/CpiJhDnFqgBpIcRmE"}
{"__ans__": 18.0, "question_key": "AAEAAOeZYJMn64XLnuFVP6RDb+wcvjxDepMBGQpTI7B3KU6K"}
{"__ans__": 90.66667, "question_key": "AAEAACU4IGPxfnxQnn8HVgXQnO5DPc+dcDNlMVIeAmDE4iL/"}
{"__ans__": 48.5, "question_key": "AAEAAA9dOeitxRUc7kUTk1JbXKc+YUUe43UvSRx/bL1C4TWI"}
{"__ans__": 54.5, "question_key": "AAEAANSf8od6EBM23StXvTqv4YdqTV5dvlvhLC13S17eZ3OZ"}
{"__ans__": 37.66667, "question_key": "AAEAAHLl1VG3/w/1gc12PolAH7tS3QI/D8RWB72GS7L7F+RP"}
{"__ans__": 9.0, "question_key": "AAEAABrWHgEoAPBPh3dHYIpNbfDlp5s9+CCBTdZdUWLFhJ18"}
{"__ans__": 28.5, "question_key": "AAEAAMDtAdvd2aTtvcgx3BL6qUCQQk7iErzO0vzwqXbnNkxl"}
{"__ans__": 70.5, "question_key": "AAEAAA5/q8Z6kbo/8O8Oa8rIQHDG925ev3rty7sjZlKKC48T"}
{"__ans__": 15.16667, "question_key": "AAEAAAJT6Ld9jNxMI5Qj00DCa8D1Xqg8P++Hi1utcdjcb2dQ"}
{"__ans__": 31.5, "question_key": "AAEAACXJe4/ngaeJbL6LqyxRUePEvpd2AqyYyO8XX8jIXIaD"}
{"__ans__": 17.0, "question_key": "AAEAAP0xxGii554RjQkmq/l6w9EtK2odXk1vIrLynkcoaL9A"}
{"__ans__": 77.0, "question_key": "AAEAADYZqwzoUgFeLRb76eVW0FAeRHS3mVkakumySuSnBqcJ"}
{"__ans__": 5.0, "question_key": "AAEAAGZSh1l57e8fBseBobR6CBP58t1Kv2Qqr9IMahy/Oko7"}
{"__ans__": 22.0, "question_key": "AAEAAI5Lls+NHh7f0zvGnYtA7GEYVvP+XGxuGmIOOU/rT/F0"}
{"__ans__": 28.0, "question_key": "AAEAAGTeAsG4cGW2qyCjh9vcP6AIK/OFwgzorMRixIYVkSod"}
{"__ans__": 43.0, "question_key": "AAEAAC2YJgIMKsyVSuOkoRJKWKcx7Sz7LiR60IiW2zkP7zqn"}
{"__ans__": 75.33333, "question_key": "AAEAAIRCyrPL/kcKO6swfOvb88k8UdSxMomWZtu2MZL2cJVA"}
{"__ans__": 28.5, "question_key": "AAEAAIyWt4gXf9Xtm9/xCV5EMFuHk2wU2xRwa5HRFcg6/j16"}
{"__ans__": 38.0, "question_key": "AAEAAN1Edsz48jPu4iTMIXoTiiyloanCeIrxgfZsBQr3jFky"}
{"__ans__": 16.0, "question_key": "AAEAAJ1Itv+3GfhyLrfGWFn7kWeUMOQraxSx5YYx7Ln5rwrH"}
{"__ans__": 82.5, "question_key": "AAEAAO/qRghj7Mt24En/KLmUh7zuLJuGNMZBwFeEjgMvQvkI"}
{"__ans__": 14.5, "question_key": "AAEAABfdY4NRHHkfrap9s9qDx1HWPHr3D7VqjlANddln0zKE"}
{"__ans__": 7.5, "question_key": "AAEAAKdnULGJNT5ITuyRKqngJi5VP3yZGVLj76v6lHi4Q7dS"}
{"__ans__": 15.5, "question_key": "AAEAAFy2QZ/nnFtyoVOh+UPzR9PhvXOfa26nXFPDJ+v1vcXg"}
{"__ans__": 16.0, "question_key": "AAEAAFGZ+lWL005OpKVZUbafZYLBzCwObZB76GpOpufzjcHx"}
{"__ans__": 21.5, "question_key": "AAEAAPWj0eYn0ppMYYCDy3URggCl2oTaqKeZpwvdkypuMQO9"}
{"__ans__": 94.33333, "question_key": "AAEAAP+IMoQDyniJ6M47UWpxN4NSCTnm5egvL4IBc8CjBiMf"}
{"__ans__": 18.5, "question_key": "AAEAAO1g1xBC7BvdqHh9HvtROCY7OCcBZDaSXuOnbxxq98NE"}
{"__ans__": 84.33333, "question_key": "AAEAAK6HhggZVc2tMPHMVGbLjpUCPMbDpZ9YLPon9QKAAQhL"}
{"__ans__": 2.5, "question_key": "AAEAADgpDKn7GiZ5ngkULLhgx7xZ8DM2HMtlOxBazFFOMaBH"}
{"__ans__": 4.5, "question_key": "AAEAAIRKw8NzzZzmQbEbh7ld/OQcP20fK42gpWY6L+ODwdFT"}
{"__ans__": 55.0, "question_key": "AAEAAAArQ3lnK6VKzy5fwEjtu8rGOng1gX9oF4r7QWZFMrON"}
{"__ans__": 19.0, "question_key": "AAEAAI84xCB2xbslx+RLJ+UjjCJc37wHb+NY9qVvwxa/FC/y"}
{"__ans__": 1.5, "question_key": "AAEAACXQezTdDgfgxxpuV36DxnrTQWlTKOQB8Xg4N9ym82gd"}
{"__ans__": 35.05, "question_key": "AAEAAFqjYFxJ2zQJOwj7fHZ+jJbQGReiAS5OYwQjU3AA7fd5"}
{"__ans__": 0.5, "question_key": "AAEAAO9sIjqQXt5q7UbAMJ0HLE8wcuDyDYnXMtqQ1S15u9FJ"}
{"__ans__": 11.0, "question_key": "AAEAAGJugfKlJ31RUNPq7lHIH1tMPUbVVfTBD7UY4f21XjBt"}
{"__ans__": 33.5, "question_key": "AAEAABaKeLAvk1Oo/cQhH00UqWUx/aLoQj+0a5y+cc/jprXs"}
{"__ans__": 13.5, "question_key": "AAEAAN+K6CQInTHzF/jpzZxzI9Vms6chUskI9Ofcm6esVCiA"}
{"__ans__": 40.25, "question_key": "AAEAAAA2gtMUyZ8dgwP05utr2e+DXsLnF99Q5GTGsKCfmLg5"}
{"__ans__": 6.5, "question_key": "AAEAAI9aV6ZStI8QXMMURcPV+HIKC5kxl0PFFwqoinJdX7OA"}
{"__ans__": 68.0, "question_key": "AAEAALHoyKNyCPJHLEpKvEbcLSwlPHV/O4aYa1+ZDPZjlAE9"}
{"__ans__": 8.5, "question_key": "AAEAAFaw1mabzLmFPa3Hq837BFTwutq+FKqOV1aq4Kz2ohmQ"}
{"__ans__": 30.5, "question_key": "AAEAAAF+M8KbFH8DLhaBE6YyxVQodv0nBVOS8pbbA5UKFh+w"}
{"__ans__": 2.33333, "question_key": "AAEAAHYpSxxsgLPGmyz3eunPzHk7CLI8OZmqm3jmnDB5xmB+"}
{"__ans__": 3.5, "question_key": "AAEAAM4finOrbeiswYZ99Iw+5xjS8QzG8xSo5pwx9oGJDphh"}
{"__ans__": 24.2, "question_key": "AAEAAJrt+DsOim6XVfqoexqMNfTGR5DUK2ximoeo+9UMx6en"}
{"__ans__": 122.5, "question_key": "AAEAAB3CGmoKBPf2Fny0wPJFYa3r4POEe0+9zFpnQ9kLit3x"}
{"__ans__": 3.0, "question_key": "AAEAAJd6ciL7r5nC+Vo0RYZS6VWxPtJxh6L4y2JR1xkD/rDq"}
{"__ans__": 41.0, "question_key": "AAEAAJ0F/LZAUzZd21C6aoxGLl4kPJJqwx6J3lYMxkKvz8uv"}
{"__ans__": 1.33333, "question_key": "AAEAABRymewpR0KBh7Kr0Tk4bD5yrCZ5mxymc6OJ9l9C7dCl"}
{"__ans__": 12.0, "question_key": "AAEAAM8BRBMFRXRwiBD8bkouWbAlrnO9gJY0u7TxPaISyniS"}
{"__ans__": 16.33333, "question_key": "AAEAAN177m6BzNUAm3Drl3477rIt73/vUa23DGmCEa0gZQZP"}
{"__ans__": 36.75, "question_key": "AAEAAM2X6XGJnMWTYgWFkhDK/FuDNFfwhwsPHq3uNbVWGTrU"}
{"__ans__": 70.5, "question_key": "AAEAAP2/oW7u2UogxW/Jm7KJOMJnj7S23U9qDG6iGCfBghb4"}
{"__ans__": 65.0, "question_key": "AAEAAJ33SQCX4NQfEMCcI/lCzkIP+mgIyy+nBDbz9HHIsbfW"}
{"__ans__": 33.0, "question_key": "AAEAANfdQd3PY5Xikzw5/T6TPF7KdNLliirUYb80r5FTP7Y9"}
{"__ans__": 30.0, "question_key": "AAEAAO1ZB6MfyxhbJuF7+ggvxgChYYc++QQzeREKZ7/as6hS"}
{"__ans__": 17.0, "question_key": "AAEAAN4PLfI+dntk04GZiGQcopURXD4baZckvMr/2JUc8H0z"}
{"__ans__": 7.5, "question_key": "AAEAANjAbE3JwegrHh5zvQHfjHK4U9dV/qgR1hvDrnBRcWwQ"}
{"__ans__": 50.0, "question_key": "AAEAAHorWtSq1VM8GAKuDeVeW2hi8zpX+tcQa7OO0CSXTT7s"}
{"__ans__": 12.5, "question_key": "AAEAAD8rnljGMzXq81wtZwCgO7y9ijkhtWBIaMgRtfe3FptR"}
{"__ans__": 18.0, "question_key": "AAEAADykof8WxWXOo2dhQuv09CPXsz0DShLDzeLJgmWjHusm"}
{"__ans__": 7.5, "question_key": "AAEAALQetQx3CGq4hxfrB+u0d2rIThikuUUZMDmt+AjVzUlp"}
{"__ans__": 5.5, "question_key": "AAEAAG3RljwFDI6PZW1koRnBU5IuryJMVnsnhUUNL3WL6mXL"}
{"__ans__": 78.5, "question_key": "AAEAALefzx00/Zd+3/Ef7jvYnP+mjPl8YQefXOy6gilu56aX"}
{"__ans__": 50.0, "question_key": "AAEAAJ3xvx+3qJTAjXD8hvek2J5Jtw+4ZeCD/7/WGXfIqXEI"}
{"__ans__": 7.0, "question_key": "AAEAAAXQAfLcClafoqVKPqDd+45KwMfEFad+JogNDKcO2uF3"}
{"__ans__": 19.66667, "question_key": "AAEAAIhBJuf+wwJqrGDLL4edYzvZLGB8RFocuI2weQONHWyV"}
{"__ans__": 35.5, "question_key": "AAEAAB5B0I7R/2ENt1R0RekCi0+XHqWs+zwC/O3X9OM9UyLf"}
{"__ans__": 10.0, "question_key": "AAEAAC+tyDYklgzpDGNEPM0EDvv5nwUU4jQjDnt5uEZ7f8F6"}
{"__ans__": 111.0, "question_key": "AAEAAE2MkTot2fz3h/qYTvCdLPqaKXs+w4Bj4t4nehj6VbpP"}
{"__ans__": 12.0, "question_key": "AAEAAAzn00kq5HPR8F2F3tcyfFglhwTvfSS2mU18Yo6wExBX"}
{"__ans__": 28.0, "question_key": "AAEAAKrqfCIHu4HE/Ed/R1+pBOXeMN96ZFdhTjKzgU6zac9W"}
{"__ans__": 53.0, "question_key": "AAEAAKlfMvDMfDBTpHcKiMO20z82kIzJo5ah/alC+ld18PkG"}
{"__ans__": 4.5, "question_key": "AAEAANpFz8ou14LOe8MEH3K6uA2xHlq4Pp34ysuqGDWfqaDW"}
{"__ans__": 52.5, "question_key": "AAEAAC4WnPavS2lQv5cacbwQVnUxh4I6y3AUwlGkzkhOP2eE"}
{"__ans__": 2.0, "question_key": "AAEAAATkAzIgHj0AxIxVXSxxbDJdzF43Bs3B8JAfnvcHrbEF"}
{"__ans__": 8.5, "question_key": "AAEAAEqpaXO25DYULZb1TyF5Lf9QVMVn0o7SKQgHiawcaIxM"}
{"__ans__": 5.5, "question_key": "AAEAAA00AChNEpZfNYuhLNYgqU7HJI5EBbGQR2rWCbvNRdbw"}
{"__ans__": 44.375, "question_key": "AAEAAA81exo5mtt6P2c+kvHN9xeGSfh7jzjLCwIrwoz2EGsa"}
{"__ans__": 77.0, "question_key": "AAEAAFjJww7bLej48IfHornUJI7mBy8OnELh4RsY7UGHYirw"}
{"__ans__": 10.5, "question_key": "AAEAAP/0HkTTKCoWkXGm7wwC8y46AhLnI3F2UTcEpjk5k/AE"}
{"__ans__": 23.5, "question_key": "AAEAABpFVTVtKe2qb3YiE/EZxPHISQJ9DvDXMgiEYam5smYQ"}
{"__ans__": 32.5, "question_key": "AAEAAGW5DP6KouwRiM0iTlf1jlA6AcTMlJCVgE8syfkbuozD"}
{"__ans__": 74.33333, "question_key": "AAEAAGW4rhl4StfYsrCu/XpL3kA7Rehkf4p9WPk7TfJRd4Gu"}
{"__ans__": 19.5, "question_key": "AAEAAPndSI4flZ8VortGgxl8ia2X6olI8c9ItlP0rJKQ0a3I"}
{"__ans__": 58.0, "question_key": "AAEAAJ+LXLNFuWM121+sZ3sMqAhLr+0j46rOQV1fwBO0wn0U"}
{"__ans__": 43.5, "question_key": "AAEAAKvQLtN32AroZJjbKnm9SgikVeltiv7+EgSq2aw79359"}
{"__ans__": 22.0, "question_key": "AAEAANLrdN3gDDdBqCP55/2RmmGI6aIqKfcExYUQcDSfGGT1"}
{"__ans__": 9.0, "question_key": "AAEAALXY5qUh7Z4Hozby51AFTaZi3NBGOckb0hu4dqWy8TpD"}
{"__ans__": 59.5, "question_key": "AAEAAJ6x8uYF4+jDXntLibd/rOqb7sg6lPU8eoq+A06x0z7O"}
{"__ans__": 3.5, "question_key": "AAEAAO07j8EYSVGe05AhvNV9QeT0feIUEc2u2beLDv48z4j6"}
{"__ans__": 38.33333, "question_key": "AAEAAF0Bw074hK09Lvnaf8+5u8nyJeYP/rwXVJW+735E9/UQ"}
{"__ans__": 22.5, "question_key": "AAEAAMNWWXQacn1e/Pc6iqpd/RW5eg0twO376mKXu6L7AdBX"}
{"__ans__": 43.0, "question_key": "AAEAAN9X0nyd/cINMHrZQ+IZNwkYFPoA/SPLkkMz/F3Rs0W0"}
{"__ans__": 79.5, "question_key": "AAEAAAQHXQeIFkEvoIAqAs6qkhXBjhjTLqKOfHZ6LaZ7CeeM"}
{"__ans__": 27.5, "question_key": "AAEAAAyv+xW2wtwz91V8cs022IwcZFxTlAN2oWdAIG3nYJbF"}
{"__ans__": 3.5, "question_key": "AAEAAAjoaRDX99961/nuVxtVdWlGlayGvO0VnznAi9xVlIy/"}
{"__ans__": 18.0, "question_key": "AAEAAAewwEkxbQt50QBxZhJ3WPGsCaoNYb8Ro/dF89Xum827"}
{"__ans__": 54.5, "question_key": "AAEAAHxAJpLAbT/RPEo+moKFf2MtbZA6ZZo8P4ut07UKJI3p"}
{"__ans__": 37.5, "question_key": "AAEAABstyXi0StSlm4acf5O9y7Wfeic98KtHv0Zj0yhDhYGI"}
{"__ans__": 12.75, "question_key": "AAEAAEq5JragyqosqoDPByFZhbro2xttMuNqn0eoIqCKBeP6"}
{"__ans__": 18.5, "question_key": "AAEAABbfCmT9Jir9TyY/VnSGQ3LAWl5vXaBwcITkY9iOE91c"}
{"__ans__": 215.5, "question_key": "AAEAAHHYEJG6Y30l3QvFP+IDFPfN2MEjvMHLA0vMFRWF1w9y"}
{"__ans__": 16.0, "question_key": "AAEAAKxMz+6pqN7UHZ51oEU54Ol6vXJf9S8THUA7bTUL7Hap"}
{"__ans__": 21.5, "question_key": "AAEAAK94BepwCnKlqLSKLQ9/iS0IdsjjtD2/Wks9z3EezSeD"}
{"__ans__": 22.0, "question_key": "AAEAAFvhqaqLdFaX+TQVO8casIeKibbJKS6XZrWpOEuERREx"}
{"__ans__": 100.2, "question_key": "AAEAALF0JuXkN4/JOwkuAEsL8mL+uOiXTRdt+q5l8MrIKtwT"}
{"__ans__": 72.16667, "question_key": "AAEAACRDQcz0XhmJW6DtF7UjcMq5i4PNHAFfSg/HJGI0n8x7"}
{"__ans__": 8.5, "question_key": "AAEAAHyfKreqy0Xd80+P6QCWKVOWPVp2/EH9/RFuw45G6E9Q"}
{"__ans__": 5.66667, "question_key": "AAEAAF4pnIROQFI+61BjvMGVuGjKtlu3bIvjqYukq8j2NxAV"}
{"__ans__": 37.0, "question_key": "AAEAANSQoB0Rcd5Nph7Fbv4vsXGYRN7KQgJ+9PaLBYq39CMj"}
{"__ans__": 63.0, "question_key": "AAEAAJl4LGNHh9cSQjCr4L7tor5k/FeHJVCdbnHMG57FxHPd"}
{"__ans__": 86.0, "question_key": "AAEAAKwooBtLPGMYl2DhgPc/HZmdXkwmG+dAe9tXoaTfLGL7"}
{"__ans__": 10.5, "question_key": "AAEAAP4CZE8XAOcpi6TPlo6KEhGCJNIGfKG7IETQr1IWD8l1"}
{"__ans__": 16.5, "question_key": "AAEAAG/sz4aGYQ7eKmWssm2QkCbMcQfTLPV2wf6xI9UCYisI"}
{"__ans__": 18.5, "question_key": "AAEAALtpNxj4nZ9ZvuRvS2fOSdn+7zG7RXbDjJPGHMjs+Mv+"}
{"__ans__": 14.5, "question_key": "AAEAAFwBlIdzzAaiE45iR5n60oT0+Nv02S8SZEFAwjbVmAFz"}
{"__ans__": 4.0, "question_key": "AAEAADNGiFo/3NNeSu0YF/9qMZeHgkAtCcFpwmmq/n2rMdCw"}
{"__ans__": 9.0, "question_key": "AAEAALolLm4w73HvBZ4lFbnwFz0pdvd3RGAJllKkIqY72Zpe"}
{"__ans__": 4.5, "question_key": "AAEAAGd48e0k/KvwH11RIQNfg8izMwtcx4cZiaoM7uNapWt1"}
{"__ans__": 35.5, "question_key": "AAEAADEAUIckzKd5b8KecvXc3aFjgOWsTS4AKdFE+CVOJ5Fz"}
{"__ans__": 115.0, "question_key": "AAEAAHwhBK+92eyvE0+OmyA9IjyAgQzuAbspMBQtBZ9535/b"}
{"__ans__": 47.8, "question_key": "AAEAACw35s9kWY0lnlYSz5bFadB+AWKI4Z+JHASQZIpPJjK3"}
{"__ans__": 13.0, "question_key": "AAEAAFr+cazVOzl5U+6rga9LjcFuSTwH4dO3zQ5e4mh+DY0R"}
{"__ans__": 60.2, "question_key": "AAEAAA+MUPzcRc+lqN0zP+iWSv9CM6KwRVlMxeRiAEFGes9S"}
{"__ans__": 4.75, "question_key": "AAEAAN6ZfPbFjANgeT6cZiqu2HYEzBKyQbHbMsFqocr5fJu8"}
{"__ans__": 26.33333, "question_key": "AAEAAKv8Iq2licrEoONG1LoTCibF+Aru4bp8N5IGRzCdsVqY"}
{"__ans__": 86.5, "question_key": "AAEAAAyGlcyP3whZyAz9kmrN+zu6Xj7hTJJf+ghG6Dp3vOHj"}
{"__ans__": 53.5, "question_key": "AAEAAK5ZqutRaul8TQYJbekDVhrvHbVN6bR9+NTvxrXIiqB4"}
{"__ans__": 35.0, "question_key": "AAEAABnmhWxtJnCvZJUYvPuPbrZZR/ATSRO/UZk/lUST+b9O"}
{"__ans__": 5.0, "question_key": "AAEAAH/nHEqzEpDH2+ZWczGVsfCG1L+67tuXvluRri3Lga38"}
{"__ans__": 26.4, "question_key": "AAEAAMrPV4iuOwmRhI/6RKJ8obZSwIvjFWcqwuOx5ibdzYpV"}
{"__ans__": 10.5, "question_key": "AAEAAGMisFMOOyF3Oy/cGtIa9DeCkpwUi232JcuM0Fa+/zpz"}
{"__ans__": 12.5, "question_key": "AAEAAJaBhAFoMwRn6k09VMssPCGlLyRhvQHfBeu9Er7jJgUx"}
{"__ans__": 2.33333, "question_key": "AAEAACHsYyCbguR4x1aYPudNZpxL5byY9lpHhMKBagD8WjCe"}
{"__ans__": 0.5, "question_key": "AAEAACogOqAduwPSzNmO01bsN7ngIER+QRI5HG9WnUnIJNab"}
{"__ans__": 23.5, "question_key": "AAEAAIQGuTszP7squxuaAQnPVuWfq5rfsEemmRPjahDbPI7t"}
{"__ans__": 26.33333, "question_key": "AAEAAA/WIxPCnihO9cl3qspWbvDRiiB9zNiyWNpEO/rz2ibh"}
{"__ans__": 85.25, "question_key": "AAEAAGnqZrzovilECVpL4rzw0zkwUr9xumBVOjj2XXXxC6t0"}
{"__ans__": 34.0, "question_key": "AAEAAEG4bmxXh68SlOZJee7AZXwK/QQdLacrwN9bZyhQZsr7"}
{"__ans__": 8.33333, "question_key": "AAEAAH/ngLZazgZ19dVTdH13ux2nnTltTNCOMepXUnNgxCaQ"}
{"__ans__": 32.0, "question_key": "AAEAAA5OdtX3J3aD1cs7bWrWvYgLo6IdKu9GzsQo0hoKy4zo"}
{"__ans__": 43.2, "question_key": "AAEAALJx6SCKT5mS4r9rNu/h7elg7GeeXx9PjStk1uUVWe5H"}
{"__ans__": 14.33333, "question_key": "AAEAAAwNAE+zeD0g2caBx+y9V9ATmodIFw9xfR+D0si7Kf3J"}
{"__ans__": 10.0, "question_key": "AAEAAEraPH1T2t4EI+laOyJNeTd8LKm0DEnJRbpXkutpCh13"}
{"__ans__": 17.5, "question_key": "AAEAAFXUHY2/RWwSbtL/pld+wBo/rtsSrZQBYu67icOWar0y"}
{"__ans__": 73.4, "question_key": "AAEAAPeo8NulG+6wdzGnHWbVoxplBM4GkFCtQte9Eed4Cv8l"}
{"__ans__": 53.5, "question_key": "AAEAAEpUsF2d6BdirolwbMoLkcxYViQsta2WEDjGvd3UU70Q"}
{"__ans__": 35.0, "question_key": "AAEAANk82oPIjUlgLQ0w9GQ+bDzbeXFd4NKH+iWbFD2wAysT"}
{"__ans__": 7.0, "question_key": "AAEAAJ1YAxyrED4VQ2DKFQcI4rA59j+96PFsXKmMr4KRYvRd"}
{"__ans__": 78.0, "question_key": "AAEAALGqG3jPnETBPkrtzo6DtwAoSuSe13c1syhTzmLjQH5T"}
{"__ans__": 19.0, "question_key": "AAEAAJ4QGjSDpqMC+8TUsOipVFrAwxJi2w0yQ3/9iFoepWD8"}
{"__ans__": 28.66667, "question_key": "AAEAAE75fzZZQ48RADiN0WH5UBIUO0IXwElJGhkCj0uVvjSv"}
{"__ans__": 23.5, "question_key": "AAEAAENdZ3+24MW8H88MGNK5LTDa/4GDuk89cfhuLwfdgOVw"}
{"__ans__": 86.5, "question_key": "AAEAAPxZcAbTxSo58jO4YVwR3BIP2V+K6PeIfMdK3KMhCcBj"}
{"__ans__": 9.5, "question_key": "AAEAAIzHezzHgaDI5vFPpw6O4whMmsM1t+S/4rtQJYAN0QBz"}
{"__ans__": 16.5, "question_key": "AAEAACo+WExmaHnnbDTIwrza5Fpgp/s5L6p7T7SAMhz5DLh9"}
{"__ans__": 53.0, "question_key": "AAEAABQVFgrsKAfBnf3eFj8w3DDQobZrbKSAQFBW53i/1Smb"}
{"__ans__": 43.0, "question_key": "AAEAAEFpEmSmvkh8NYn/qo8YV5lZOXAzD4QARlTBuOcvNjEK"}
{"__ans__": 8.5, "question_key": "AAEAAJxHdTH8fBLhaT9B/HcjFty1nOWbv3Lr3t9aLk6SAsyY"}
{"__ans__": 59.5, "question_key": "AAEAALCWvaw63H9nSfPmVhts/D/Wgu24waObMlghbck+tytO"}
{"__ans__": 13.0, "question_key": "AAEAAMTZtM2ea729FDsnNsK7N3ydSByCbSUSfT6W+XysCl64"}
{"__ans__": 2.5, "question_key": "AAEAAPIKvJGpka5XDvCUSDac0ae3+0xdFVqmPU/43Sq+XI9Z"}
{"__ans__": 36.0, "question_key": "AAEAAIyFm6IpKKDt0ccbMJXm8WDKx/XDgmoEWDRgg7WbKXMb"}
{"__ans__": 62.5, "question_key": "AAEAANYs50EOoGUA1sOfqRs2WW/cbqZvVGqoz7CurD5RJhsP"}
{"__ans__": 74.0, "question_key": "AAEAAPE3lBI2xzCkP/5nt8fj9QXc2ow4gqFEZ/W2wcZwa2vQ"}
{"__ans__": 98.66667, "question_key": "AAEAANyUe5YnIaAUL35KyizYlk2N4YBE/J5L5a3j+e/HxPkJ"}
{"__ans__": 26.0, "question_key": "AAEAAAN46MEdX6IIEY1TpV0bSfXKlifBK7AVJ3T/rChS1WBU"}
{"__ans__": 116.66667, "question_key": "AAEAAHw9lJTGvZc+Qw1EuME/PX0Wri4Bme/TNbCD0bh0r+IW"}
{"__ans__": 96.5, "question_key": "AAEAAGJeJo437Jjct2Lmx/ENKdtdTc3cpqu4sx9AiRc77qIx"}
{"__ans__": 20.0, "question_key": "AAEAANaqZuTl3LHLGmBe9M2hNMrqPFkLPZvh+ltThMEA+ebr"}
{"__ans__": 31.5, "question_key": "AAEAAO+Bg1DUQvHKjt1sRpM+rOP79xlKHwWlKcLcFBTfrtbt"}
{"__ans__": 22.66667, "question_key": "AAEAAFS++2U4ZEI5DjSmi3pjkT8Hi3tfMMoTm49tXkx8Er4A"}
{"__ans__": 2.5, "question_key": "AAEAAPvZAyAtMjFGuOChIDBDu/swpZkAVyYPllQCJR8In4ou"}
{"__ans__": 23.0, "question_key": "AAEAAGEwBNdNnImHb1NQs5DfIyrUMxlDzdpANDiRKw89Uddt"}
{"__ans__": 27.5, "question_key": "AAEAAF8azHz4aCbi7CzKx22F04WM2jxqMBXpWzVnAX8DAKCc"}
{"__ans__": 50.5, "question_key": "AAEAABw3qM3PHJ0HSI14UO2mNAvOoYEtvay5NeIpVQuFd8mU"}
{"__ans__": 2.5, "question_key": "AAEAAMxyvXD/U6WeuASKFRyolLNwNmH3L3hUuS/VmpxYeYtF"}
{"__ans__": 9.5, "question_key": "AAEAAIGKHLuYIIE2hjMJLhxuN7trB5JHWI9MFM6fgy2smglj"}
{"__ans__": 5.0, "question_key": "AAEAAMFehvRtYgoZMSjbJJJdSdVL9Bdz2KNMg7tXGpocyjSV"}
{"__ans__": 27.6, "question_key": "AAEAAPY/eY8BM1Mh33nX6qZ2L1hcBWoXdhEHeUnIPem6+VdB"}
{"__ans__": 19.0, "question_key": "AAEAAG3dul8qCU3wM2UNOeDkcacmiMDiYQ4OuGA53G5XL8nf"}
{"__ans__": 35.0, "question_key": "AAEAAExWWtSic2Gh1VmUrHKxbaiK6FlQDA7Le15jKujnft3S"}
{"__ans__": 6.5, "question_key": "AAEAAP9zucwFn7T/vNDO0/xoRxMam4Q81ZIMzi7jNc9QnKMr"}
{"__ans__": 139.0, "question_key": "AAEAADSKq/wiOkEZxWh7SJeF3a7KxrMcwvKZL6SgWud7tpW0"}
{"__ans__": 7.5, "question_key": "AAEAADLf01Kb+oTwjVC5tJ/oLkDVG9sr8Hj8UimFd7ETtAg1"}
{"__ans__": 5.0, "question_key": "AAEAAAGVcG6a7tc7idBy0uO9fXt01ha/CMzADPdNvbF22gBH"}
{"__ans__": 32.0, "question_key": "AAEAAK24RNRKO90N++VY6KkkWehlVIZB5cEua0YkaWgtqOHc"}
{"__ans__": 62.0, "question_key": "AAEAADHeQaHvHYne+mVw/7T+gLI2KG1McI1S/mr7ywIel3Qs"}
{"__ans__": 43.0, "question_key": "AAEAAHUrRJ7UIBpPaFSxd0Y2U0yOKNNNmzWUhsJFIlFeD4Ek"}
{"__ans__": 40.5, "question_key": "AAEAANqKEeONXIu7yNKVgin5dYad91lVjQBI0ayc/X8pZGqR"}
{"__ans__": 15.0, "question_key": "AAEAAOqjy9X4pFtQDgZSZ55i6Gj17EnbIZSrjOzTgOFeNZKm"}
{"__ans__": 40.4, "question_key": "AAEAAPupiBvIb4HXJxu3lw2M0z4qnzyYMProl3PDHxTovbz7"}
{"__ans__": 36.0, "question_key": "AAEAAN1aJSg3SlDcgPg/5sx0jax8DA2sfUir0KXSsOJ0EtqD"}
{"__ans__": 105.66667, "question_key": "AAEAAHcRl7mvfXgHwzO7FEJ+/uNSwcY5h6QQY+kc2OPAyuWC"}
{"__ans__": 77.5, "question_key": "AAEAAJNLGtptTvxk5UFZUIGGx3bTjkqGgdVbemYp8gOAhw49"}
{"__ans__": 1.5, "question_key": "AAEAAD+P3XO+U5IDUVQm98tLf9yoFP2ISCo+pCpos0+Ix1y+"}
{"__ans__": 63.0, "question_key": "AAEAAMWaLUfv3esNNgMov1Hn+HJvJJAnAAUUjKszFzVRe1zU"}
{"__ans__": 44.25, "question_key": "AAEAALLzfNjcC9T70LSo6twj3FO790xGKWrPBhUSQeCSLUN1"}
{"__ans__": 5.0, "question_key": "AAEAAG/m2r5nDCg76kLYwKDuH4qJULFGGN9mMOyI8W0tah//"}
{"__ans__": 4.0, "question_key": "AAEAAEbGv3rbOOsnA/u5ooNgU35bZSAdKNS0TOifGNh+Z1xK"}
{"__ans__": 86.66667, "question_key": "AAEAAIZLTGbc84ZtOvbUZ+VcqrIPOlEEEASljoL3GzGZ0JT0"}
{"__ans__": 0.5, "question_key": "AAEAAP9DTu566AI+dT3f5RJhwmVaj5K3KbiND33UQbAOnh47"}
{"__ans__": 14.0, "question_key": "AAEAAMsH/kxNsotMuBBIjn6TxVIvWlOz/ao+JUSSLJ6dJMeB"}
{"__ans__": 39.5, "question_key": "AAEAAGvTZlEj7m+CoAvNvDepm8dC6DW2Qxrc7XgSi92EBJ0X"}
{"__ans__": 45.0, "question_key": "AAEAAB5NKcmhHM80TJbqeMxGUh6mcPJwYSMSnPlZZdjHX92X"}
{"__ans__": 2.33333, "question_key": "AAEAAHpJSVFEERHz+cdyd0aUVFrZ8yvOZl5luoVuVV13xgd2"}
{"__ans__": 26.0, "question_key": "AAEAAJHZnqrjNzhkeaWb2H20ZxvcsQXKfvO485KGlW6XahyS"}
{"__ans__": 95.5, "question_key": "AAEAAChNuv6okZY4jGHj1UZF1h+LCR7wyu2Y0MEpli4OcpWF"}
{"__ans__": 19.5, "question_key": "AAEAANSBpVQa2qQul7liCZQ6EEVHvQCXVsXt7yASWIrxUkMp"}
{"__ans__": 12.33333, "question_key": "AAEAALKeXbZMaPH0X4gCW0fFOKQC1kv1kfBJGPcYHL9UULrk"}
{"__ans__": 12.0, "question_key": "AAEAAMsIE3osYUls7kzHv4d/9YwHJClmWhvQ3cm6AmKRAxb2"}
{"__ans__": 30.66667, "question_key": "AAEAAMsMLxWg6rnWSjmWQafF4S2lkEO7HtbuuckkFpJqJWjZ"}
{"__ans__": 42.5, "question_key": "AAEAAHJfFbrpWEy/tnNw45RMA2bjfLMOybKLRWH+DKiMXubC"}
{"__ans__": 35.66667, "question_key": "AAEAAKeu08TKzQy5ZZ++iAX/iIIPNucAFS8A5qvDxdn1EsEa"}
{"__ans__": 0.0, "question_key": "AAEAAOe8NRz5YjxY+1prDPEZFwzXGbmrO+hfykBN8VCpTcxs"}
{"__ans__": 28.5, "question_key": "AAEAAEv/0gvIRsdCAn4kr3nnGxg1BcMh+z3L2UKiB1r8SaXD"}
{"__ans__": 18.0, "question_key": "AAEAAPZ6eBKfZGKt1elSR4LjMcnbF9zLEc9AaJwsfpFHBVYh"}
{"__ans__": 40.0, "question_key": "AAEAAAZob1xHy85PfUPrv4tZFMq4E3+dq+2es2NNMYkHrG8s"}
{"__ans__": 16.66667, "question_key": "AAEAAHTdY/Gjk6ZZ+LoHW3a+tCiTS3sx7X80NM5AQupyPGGF"}
{"__ans__": 6.5, "question_key": "AAEAAO1+cHXFcRfDNceknG3z6t5DlrVYppJ1ge6nO8Mrl6Ow"}
{"__ans__": 14.33333, "question_key": "AAEAACMyvb/634dIgXrwLvxfvT9o1L6KUQdqvXUjUbngbIHk"}
{"__ans__": 64.0, "question_key": "AAEAAEI8Udtb+uAKAXgl8kCw9/cxKwkOOozXk/E29SIEu0KK"}
{"__ans__": 22.0, "question_key": "AAEAAFR/LxrHEjq/MakznflOTNOLn3+1a8sP/BRqY8wDM0o2"}
{"__ans__": 10.0, "question_key": "AAEAAAxtc1tQRn4lju2rwbmOQ7hWnAfgkpX0MWlaH8OeRdfX"}
{"__ans__": 9.5, "question_key": "AAEAAG9Jvhc4WoEaQ/Xd+7PVbMuhK2Eu9ly0nBB/86vboOCd"}
{"__ans__": 72.0, "question_key": "AAEAABre1eIYKvGosEETICCh6iIdCRcuvlfroLcvz7vXuoGT"}
{"__ans__": 41.28571, "question_key": "AAEAABx7aRxWpFfsLxvRzpBCfVhKYP2EdrAtp8JD28XG6REM"}
{"__ans__": 26.5, "question_key": "AAEAAF0GA51M9dDz14vSIRAEPm1U959eBU91eZoKzCX0KOU+"}
{"__ans__": 90.5, "question_key": "AAEAADcDJIAQKzrRE9Bzt3BIYSuci/kM7kd7jrnxnAI5Knqr"}
{"__ans__": 45.33333, "question_key": "AAEAABv8fjKQWOnZxX0ZZtJBdAWSXXNDK91HpGa6dJAmUAqr"}
{"__ans__": 22.33333, "question_key": "AAEAALNBd69g38GmuPh1YEUM3simRY1LctcYrGpUxZSZJpVC"}
{"__ans__": 23.5, "question_key": "AAEAAF0lkzK6nMDF2C7IYMpQOfzmuFpUCO30bi9OU6CWaS7a"}
{"__ans__": 10.0, "question_key": "AAEAACWlzTjVJymln7uFftuh/YKkya9OcV3t+1RcDnR3bdV+"}
{"__ans__": 115.5, "question_key": "AAEAAPAzNXAmrOUtw48ng4FguKHcATiOOlKlXeNvJB80kVkd"}
{"__ans__": 7.0, "question_key": "AAEAAK9PN9IwDIGWkvoAK10lADPOG6Bhlq2xaplhlAzx28Vy"}
{"__ans__": 30.0, "question_key": "AAEAABVou8aW3SDxNm0GLubeh1E7pkskGUoqG0rps/2RuvQy"}
{"__ans__": 34.0, "question_key": "AAEAACb1/1xKAfDijesLOQpcm8keDtWjhBXwKy7t+fHM2WYG"}
{"__ans__": 98.0, "question_key": "AAEAAMnMZ6KwNwDNuWnxcYyOvCfq7jc533RnLXi/DJgLJhU+"}
{"__ans__": 81.33333, "question_key": "AAEAAMJoGL5Rk//q33KdcGg8a4laQrOww4Mi4OG7Enj4J1Lu"}
{"__ans__": 51.0, "question_key": "AAEAACHPBHznvZR8HTpqn9NmrG441bCio+t0xlYU3nATwWog"}
{"__ans__": 61.5, "question_key": "AAEAAICBWI5cnSy2wjigctAxbhGNHdLLnM2epbkxD3pBp+q1"}
{"__ans__": 173.5, "question_key": "AAEAALFOhovb4ph0n8ldHQ/g7qRan6Obo2XEIWNI0BfRRwJ8"}
{"__ans__": 15.0, "question_key": "AAEAAIr2J0CaiNrWnsOYQcgFbZGwqfAUOyKrqKOPnJ4LhbON"}
{"__ans__": 209.0, "question_key": "AAEAANdWUhCNaWhjT4J8xAa6yf+kf3E9EL5J7m9jSQbK6m4w"}
{"__ans__": 68.5, "question_key": "AAEAAFfEw0/ayyAljR9hwdFEBJxgTTTSM6DLS3cAoF2r7sT9"}
{"__ans__": 16.5, "question_key": "AAEAAAQzgmyiD++TUDPWFVDWywh4Wdbi+350PsfgwItyx9DW"}
{"__ans__": 50.0, "question_key": "AAEAADQmx1E31ShPQ8Ye9dKlVENLX8q4+AaVc+jbrLRMTHKQ"}
{"__ans__": 35.0, "question_key": "AAEAAOTUR1HSWfT7ZxFh1H9c8EM/f1e1HoPD1mLqdL8bHJ0K"}
{"__ans__": 10.16667, "question_key": "AAEAAMdN5KBXOmHCspGrUEA9lIlhqCbyDjRAzJ/8nAGrgSFJ"}
{"__ans__": 75.66667, "question_key": "AAEAAAbuQCElyKkeTjTbcbYNWuDW3+/HveRhmqHnf7DVrNkw"}
{"__ans__": 6.5, "question_key": "AAEAACTf5NQt9KnmS9jGxlwaWjXKCXbOEN7AavChBvg+LwjZ"}
{"__ans__": 224.0, "question_key": "AAEAAAAKLm9LS1M5Up0Zv/xHtDviUUqahSM21Uz7jqKpmTFX"}
{"__ans__": 10.0, "question_key": "AAEAAKzkOH7z9lv89eL2PfDOJVL7yXEDxqwSOlxTk/1L8ibv"}
{"__ans__": 11.66667, "question_key": "AAEAAD++R4ujSh5B6Nv+vVrdxx0kFky8HZ4iw/DPU+Lqse47"}
{"__ans__": 47.0, "question_key": "AAEAACP77OzxxpzmOnr2XzvBbvgDV6TAaRrUpIxIilhxoe34"}
{"__ans__": 60.25, "question_key": "AAEAAOGN8skivybh/ePFdpgoMZ1byG5By6unfiYIt1a/8YAB"}
{"__ans__": 107.66667, "question_key": "AAEAACjKjFtyr1hOWLa05Qdw+RPygTHz3L75uqUOi83W7zh3"}
{"__ans__": 25.5, "question_key": "AAEAAHcB0CWoTfp7Y8pNhp6oAKKbqu4T+RXHzv6XMNHswjBr"}
{"__ans__": 53.0, "question_key": "AAEAAKfi5sWg2duAlEmnapV6nXz06jegabookOWjrwnQQw5l"}
{"__ans__": 72.6875, "question_key": "AAEAAPXh4c5JPZLGtPVqbmoFNQdYF4UH+5xo2XSARKgFXeii"}
{"__ans__": 38.5, "question_key": "AAEAAKjZv0HCnHLvudIC1wuGzaqzleEaEZzyEfafdvCB4VC+"}
{"__ans__": 57.5, "question_key": "AAEAAIQv5NIgsQlDuie/G7KfDX0mGExZqV5HJjJ8LGqZUEpF"}
{"__ans__": 36.33333, "question_key": "AAEAAOjopVQUMdpdbIFzEXVPqGetpPd+BN7ZC7lJ8JjnA7ub"}
{"__ans__": 64.0, "question_key": "AAEAAPx+EeCn5ltbaZuzIZFuKbE9f++CSIsgnhNvKo9ohc3V"}
{"__ans__": 66.0, "question_key": "AAEAADdtoweiQLUMvF9p0Uk0ucNlX0AU5rWg+PZIofSSLwfU"}
{"__ans__": 20.0, "question_key": "AAEAALjoChvyUUuUXYvDcdGqjZtx9u+EsAiUW4F43oUDKyKQ"}
{"__ans__": 8.5, "question_key": "AAEAAE5enV3vf0VVDI+TP9dzbS6hZ27ZY8/9SR7tvAde4gYB"}
{"__ans__": 7.0, "question_key": "AAEAAMDNC67ktxzECz/XV05k9JzDPP+mYO80BTryLEScFkEp"}
{"__ans__": 3.5, "question_key": "AAEAAJdfsGwQHc0B2BnFd4EM4UbCtnetbmwiqbLbQdFBbLZx"}
{"__ans__": 8.66667, "question_key": "AAEAAP5mnK1bpoR+5rOTJPN6fU5D67T3JgcRykySKpypPWEV"}
{"__ans__": 49.0, "question_key": "AAEAALaOaIRqgeHa5z7rrtUlIm0rZS6PmjBAfG+hq+xBecsr"}
{"__ans__": 17.0, "question_key": "AAEAAPDDNS3/mh0I7CRaOSFShldlt6RRVULnW/D6YqV6soRw"}
{"__ans__": 6.5, "question_key": "AAEAACvjLResLJUtytuvUfquwiHA5hyy9moRE9yl3RMdfmD8"}
{"__ans__": 74.5, "question_key": "AAEAAHGaTqYtiNx/OY3FvLxinu2Iucg5y08jK1UjoTlvemBc"}
{"__ans__": 42.5, "question_key": "AAEAAM9YOMMroV0wr4BT4Ws05Y1Q3u8kFciNaKLCwMmctmfa"}
{"__ans__": 38.33333, "question_key": "AAEAAFAXUNWf0tGw9zr9Wdryk/GZSbfyXHi+wtB0QxOK721R"}
{"__ans__": 12.5, "question_key": "AAEAAOVa12RhDcl1pz4l3mgRWrQLSlhWH1kgT5txWGEq0utC"}
{"__ans__": 112.66667, "question_key": "AAEAAHTVunSi6G5hDTjGh0zhrKzHQiDyptd7KfVz/RfHf6HX"}
{"__ans__": 8.66667, "question_key": "AAEAANETiJuqeKQ8MXKHKuvAzMjiQHTfc5ZqBu5gt52JDC/S"}
{"__ans__": 24.0, "question_key": "AAEAAFExjr+Fnd4Njoc/0N3589S9xGc2a1/rn1V2Luf9z15Y"}
{"__ans__": 0.0, "question_key": "AAEAAEsOljGv+49OtU6P0I8zyGY5APR+Fb22UlaA3E/lgbrt"}
{"__ans__": 24.5, "question_key": "AAEAAGGZspzTCot6z9BsV4NXCTGBA6tjY6LThVryQ3rSe2To"}
{"__ans__": 19.0, "question_key": "AAEAAKcqlJFZ1URoWNOHOCPjYF+XSaLNfBi1CE1CLO48dSH+"}
{"__ans__": 83.5, "question_key": "AAEAALI+g1XFOiM5IXViA5SCuUV4YXEVInbiDrZZoWb6N8GB"}
{"__ans__": 47.35714, "question_key": "AAEAABA5SMy6m0gbpN9ELvo4XPz3aWQ2jzeuaTh4f/5l/nIS"}
{"__ans__": 7.2, "question_key": "AAEAAEa3hNQM3M0lBJ0aFfHJ4MgYE20cJNx1iuwJFk6efRBk"}
{"__ans__": 44.0, "question_key": "AAEAADAIASG22xGAR2yfFt25j5gaZDdrt+MnB/Z/0yM7KtxK"}
{"__ans__": 18.0, "question_key": "AAEAAEN94ztx2YZfmXH1iql/wgI88WLTPiHIwJwwTFPVyJqd"}
{"__ans__": 57.0, "question_key": "AAEAAIeov43VzljXmh3nrAvLkBcU9JAk01/OySlhM2he+sSx"}
{"__ans__": 3.0, "question_key": "AAEAAF7twYQDxKUr7oBqntzqkKHDvReZAJTavRZZm/yAPxBM"}
{"__ans__": 36.33333, "question_key": "AAEAABu0GMlHxYz/qkq7CKZeYt2D7fePYxXop2Uf41+D7bWi"}
{"__ans__": 104.66667, "question_key": "AAEAAA6WqUInmnDs0X8d9Ym66VRPRncobri4O4lSvgu8rZua"}
{"__ans__": 13.5, "question_key": "AAEAAKc5NuMpEaPscgGab9PCVBuHUiWhtOBOKKqu8ZXS3Mns"}
{"__ans__": 92.0, "question_key": "AAEAAEBqIpEVOcGj4TkZxTvzczxX54KtJaeaSy3lJTpjdM8i"}
{"__ans__": 13.5, "question_key": "AAEAAKclBwbq7EriVPLGu9OfGyx01giphevRnnKH1o1xfzWh"}
{"__ans__": 26.625, "question_key": "AAEAAGniJFsaPw7S6X/LN2Kdy4YmqeszJjG5uTP05Tb9I7F3"}
{"__ans__": 227.77778, "question_key": "AAEAAM35pKokD+wzMSEBPWXY/OspxzOUOag5swqU8tIzS1dm"}
{"__ans__": 17.5, "question_key": "AAEAAJDMMRxoE99HjEuSxRLENVimA/ZImnV251AD7m0mY8Wg"}
{"__ans__": 30.5, "question_key": "AAEAADBAWrhcaHVR6tF9L15+PV5BdnPvFDPnmZwZXiR3gAo0"}
{"__ans__": 5.5, "question_key": "AAEAAFUjgZT9cXX9ERGZOtkSSN6Jay3AXmj1nh1ohzi9Jo52"}
{"__ans__": 17.33333, "question_key": "AAEAACbADi3eaeC4KIrsc6TTCmGAjVcEh87JVVsgxMq+Zre2"}
{"__ans__": 57.21429, "question_key": "AAEAAPGBr8zljFbfBttJ7pjgtjfBjbGZopTWghJaII1WwsVr"}
{"__ans__": 33.4, "question_key": "AAEAAKr3Z24Lzks5YHfC6dXY6vPtAsh5yji/DIBkx0U2xiB7"}
{"__ans__": 38.0, "question_key": "AAEAACU4WoZ3pwVhYX52PJ95TtPHjrZVGGrEOL+DR30s8giq"}
{"__ans__": 20.5, "question_key": "AAEAAIKznGz4ACJ4jdgfuhlOQQD/5ZAAD3VuaeDt0j2N7bHh"}
{"__ans__": 65.75, "question_key": "AAEAAMzX96g7oB9CeFXB1G3NV+nDSmO3t/F53QoN6j1xq7jo"}
{"__ans__": 0.5, "question_key": "AAEAAGepwpQpdLHOsd9ogAGPFs0Je22VYie3rNIYJBrZGn7r"}
{"__ans__": 23.0, "question_key": "AAEAAD3qRj4zO2ZcKpZLPLNkPxx0oXuqJ3D1K/znAqhKX0vF"}
{"__ans__": 52.5, "question_key": "AAEAACT7qxZmuUZ5mgcSbt8QVudtB9T7vvF4aMY8npIfqySf"}
{"__ans__": 50.0, "question_key": "AAEAAEknMDvTi72XN8iLE6mGvocmkFl9b+pnstq/IgyBVSAu"}
{"__ans__": 21.8, "question_key": "AAEAAPT3YKOf0l31ZYwdAtafya9UJVak/JPmrv7k8ofgHTps"}
{"__ans__": 19.33333, "question_key": "AAEAANDmwEfOS67eWeYNKJUSbFcWElg5g23sx8Yo+cSS3BPQ"}
{"__ans__": 11.0, "question_key": "AAEAAA8+PQ9/1PAbA/CVLfeVz7dGvncQW2bOH41vrIait60G"}
{"__ans__": 48.0, "question_key": "AAEAACqsawV5qFyBMqWJ6wIlCKFeYc31MSjfXHQouy4aDwW+"}
{"__ans__": 15.5, "question_key": "AAEAADryxEpAcB99fE8Dql9H/VhEtzt5DI3yRW6jRTlimxQa"}
{"__ans__": 40.0, "question_key": "AAEAAOHG0XMXAFFPPb0+wIpxeXZK3aSZGXXEFiFXqo0IsBuS"}
{"__ans__": 39.0, "question_key": "AAEAAOYa+KSZaLdgfImuTXHGXnVJBokV0h3BJ4N6ZWENuYOq"}
{"__ans__": 3.66667, "question_key": "AAEAANcn/MY3SKmbnDkd2nSMHTtZLHfJRK0C0AMTDf1DwGC1"}
{"__ans__": 1.5, "question_key": "AAEAAHf8wgn5HfMRfAEDeW6lxoBD3dlpcl3k/8EcedK1+Fc3"}
{"__ans__": 24.33333, "question_key": "AAEAAL5x8TzPpZhfKBwGcD1zH3BjZO//Sx+xez0/HS9oT0gL"}
{"__ans__": 104.33333, "question_key": "AAEAACnX8s7CiLkKuYY2I679Yzjcqjxn4R/fqkUjEEoNn7ix"}
{"__ans__": 66.0, "question_key": "AAEAALP43CTQgCxqcxj4D2kjuZNKjH5J0vtFX3Ame1Cly+xe"}
{"__ans__": 38.33333, "question_key": "AAEAAIXIwhegDvzIRwI9dUuzn9WpKPAjbctAoofeh4ex77jA"}
{"__ans__": 139.5, "question_key": "AAEAADyPJyUZ2dGJ7rvN2iVI243EYxenCjqkcy6S0sQWgrDy"}
{"__ans__": 28.0, "question_key": "AAEAACo5Lm2vBZ8KqPvFx3fxWjNhgJd/SI2yU5HWCSXYuKHp"}
{"__ans__": 25.5, "question_key": "AAEAAOKXzbf+6RtqI4eTqyWQ5yYQ0mkFdqppsWEvBrGD8kHm"}
{"__ans__": 91.0, "question_key": "AAEAAAHZMXjlUC+QQbb3wPpJwT0TyHtaLabpO6hpy2WoF+Hr"}
{"__ans__": 43.5, "question_key": "AAEAADO84JlhSrwHaDdpEe+Y3FyhcLtDDF35Hjzj1WtiN/Hr"}
{"__ans__": 22.5, "question_key": "AAEAAJh+1vW7liT6KUtRuupRgfkHSKwajNRxHo3hWpu3YrxP"}
{"__ans__": 33.0, "question_key": "AAEAAC/UIOomWsu2AC103QEhSFuq/qXmip6WzIaOoLnSLAUp"}
{"__ans__": 36.5, "question_key": "AAEAAB875fIibu7ejPm6/a0pgEzFbUcP5iPZHonX54yibv54"}
{"__ans__": 60.65217, "question_key": "AAEAAARH+fbK93Azi/qACbbagoAfDo3AjrpMhtRX9y+c95KK"}
{"__ans__": 9.5, "question_key": "AAEAAGl125SkwpYxyWOTkKQRzsm6+b9RFaJeYRKy4c8v1goq"}
{"__ans__": 102.0, "question_key": "AAEAAJnkukERaHeLxdL2QfRJyfg1aXhvlGqPgnut4aebnqHD"}
{"__ans__": 3.0, "question_key": "AAEAAKD6Y7/WTDJt/aiLChQvkEEc0kTiZNoFUt+qaoyK74VF"}
{"__ans__": 2.0, "question_key": "AAEAAP5XZRvXYr5rtyBpgvFb6TuhjLhVK6UrCLhdSNIAaL2c"}
{"__ans__": 37.0, "question_key": "AAEAAKCiQ3YlfEBHOQNhwm9dq/I8/EaRrrBvMSE/U7qnAMLk"}
{"__ans__": 54.0, "question_key": "AAEAADhFe8Ku2olYrK3w1WQBTu6CgGzF4lXk8N0wpiK5px0O"}
{"__ans__": 91.5, "question_key": "AAEAAC5ni0+1+9cSUIKbZvSE6IgKdBR8aVlUXUJdWu7mMSHm"}
{"__ans__": 74.25, "question_key": "AAEAAJJuDrli/dcjQJYQxoQ2jsG2RQ6PFuqT8Px9EahtXSWG"}
{"__ans__": 69.0, "question_key": "AAEAAGLOJo+w+QzNlbysRto3THOS1SWLOhzY4yUM4FOMf0yj"}
{"__ans__": 33.2, "question_key": "AAEAAPX8VN07Ja1KuqkAatvLJr4Kx2AYzRrHXofcit91f924"}
{"__ans__": 32.66667, "question_key": "AAEAAJi8WXjX9CpN4obzh17/QPlilKiNJZjiyVdmeFlY1dEM"}
{"__ans__": 122.0, "question_key": "AAEAADQgoTsuWfzlXINhIeTEgewjOy5ObOmbGzyDpnEQ0JzA"}
{"__ans__": 15.71429, "question_key": "AAEAAGS8VAIWl/i0hENYprC4RACmWShYwcENZoN2MyHeRvCL"}
{"__ans__": 20.0, "question_key": "AAEAAGza57p1Ez+GUTeBHhQHb040Cx7ZFuwuv3IICajBIWDh"}
{"__ans__": 34.0, "question_key": "AAEAALpgHV6VxYRQGcrXfaeGv4o8DG1oUMn2vmal3KhxvTZp"}
{"__ans__": 31.66667, "question_key": "AAEAAKUXDEuIauDkXZWOfgySVqNJoC+3CYzFQ8qYwZGyhLfa"}
{"__ans__": 6.0, "question_key": "AAEAAN700V2FRnl6p6w10Z2mIalGG0r8oa/wpvB1LQ36+vmA"}
{"__ans__": 85.5, "question_key": "AAEAAOyoxhDgJfaipQq+gyFOBDEf8krRZt0qXtEsqscZgIXA"}
{"__ans__": 73.5, "question_key": "AAEAAIdvesXngmMBCdzpIlN8ZPG9obir1zt8OdvJOtEc6kae"}
{"__ans__": 6.0, "question_key": "AAEAADVXoupsx11RVlOVKvykMtnXQz0kuq/oh0SJYn/Qc8+S"}
{"__ans__": 2.5, "question_key": "AAEAAObBovav/3W/tdQ0FYCtDXmqWxwLPXauiR0OcDU3bBRW"}
{"__ans__": 7.5, "question_key": "AAEAAC8v28IKQGQWliOHfw8TKFSm7Cl5cGu6BojTCwSbc0AU"}
{"__ans__": 13.5, "question_key": "AAEAAM8VKXPQP7fgyA9cY0G5NSA1hrca/3tJ5MDac24Rqfrx"}
{"__ans__": 66.5, "question_key": "AAEAAPYsMF7Kv0m7GkZq38AqZpBzzIwbv4Gcl9HFLZOYeblF"}
{"__ans__": 61.0, "question_key": "AAEAAOw94QUfvimMasFfgw1T0GkRyz4az67dmHp12/mqzMko"}
{"__ans__": 60.66667, "question_key": "AAEAAMGlrsDjzsM+7cjYGqG5VSL+WC015OwQTZPcZxGH1Xtf"}
{"__ans__": 17.5, "question_key": "AAEAALCLBcsD2dGnC3/SK5/lH4d6+3E69WpY88s9rqbaK7wP"}
{"__ans__": 19.5, "question_key": "AAEAAKJVAO1Ec6oaBQTDfX8vf12gutEtDPZVE6H/JJKn+PVa"}
{"__ans__": 16.0, "question_key": "AAEAAJKZlktfynRYEjPJDx8hDa3saIj7g6X7gU9s7lQYmubT"}
{"__ans__": 17.66667, "question_key": "AAEAAHHzaefN5Ec7B6OkN4ELKmu+Ahd8uUODK4KTOndbj2F/"}
{"__ans__": 47.0, "question_key": "AAEAAPGoXvjP3GIZvNosNn5V+APVDVrzerkzzQQS0wseGHsC"}
{"__ans__": 46.0, "question_key": "AAEAAJE2S+fqrX8JY3mUjr1vn+i5EiiR6Pi/e3KGObYc439z"}
{"__ans__": 16.5, "question_key": "AAEAALAgFH1OZXaEDMKiPh/MvbcsPyY46smZMnQ60CK3/9ZQ"}
{"__ans__": 111.4, "question_key": "AAEAAEIcXkDz1QMszplz5NY/xpEMaUnSwRavOAEA26EJbWSt"}
{"__ans__": 7.5, "question_key": "AAEAALB/DG4dqFDwAcJx1RmZR+O5qz/Iilfanhy5PEH9nu38"}
{"__ans__": 35.5, "question_key": "AAEAAGlkBnn7bh8IVPhmwOum0b9k7m2N0T1wbnJ2yArXLDne"}
{"__ans__": 14.0, "question_key": "AAEAAKYHau6anllVj35pzf/H2h8QjopnopEllOGmsBaUkfLG"}
{"__ans__": 31.0, "question_key": "AAEAANtVBsl0lLZCxoMY7njwfvuVhK7WSf+nxMV1PzCQmzKq"}
{"__ans__": 28.0, "question_key": "AAEAABR0DqSWYDXPwC8+kuDH3xvMzP0pF1EQLsSd0KdsxiUF"}
{"__ans__": 34.66667, "question_key": "AAEAAFEwaUN8qX9VRxegjA9lwnttbGsl8ZOFYSqZbF46f16E"}
{"__ans__": 78.0, "question_key": "AAEAAIJXtliIEcZg2oMWa3+93atEUpROF83IHJjCCo6orR69"}
{"__ans__": 5.0, "question_key": "AAEAAHJ8ggZWNnv3NZJgw0zHPZA9zrDdgDSfnKkh3g3EVsFF"}
{"__ans__": 22.0, "question_key": "AAEAAGgBdgYka9MHPpIg358Iu+QcGnHnFKzklwQ8LnVDd+ud"}
{"__ans__": 19.66667, "question_key": "AAEAALbaCkiTqxCKENmsPT+haZiA2yp7RxA1YYLzifa0OyeI"}
{"__ans__": 104.33333, "question_key": "AAEAALqcTLGqtjkOsIW/GFdLXjXw91Sm5o+xgpteWbx2Tll4"}
{"__ans__": 48.4, "question_key": "AAEAANtZpYaVbMKDO4NAiedeBM2n4L0QjIouri8AGoCX2Y2K"}
{"__ans__": 21.25, "question_key": "AAEAAJ1if0Mg2ggbSMkps1ezpj6LwsT/oD/djSLG7FHLWYVZ"}
{"__ans__": 11.5, "question_key": "AAEAAPzSTllqeVb9o3rqGf6HD8HbobBE9rr0AIv67z5brsiR"}
{"__ans__": 70.0, "question_key": "AAEAAF66PWVZEVeT66f6kNp4Vw41gbqjiiaFZvNjs3YzJYtX"}
{"__ans__": 8.5, "question_key": "AAEAAB7rr9npXVJoPQQmm4/1YWXKB7nOS/hl58JX+QBp6Kqr"}
{"__ans__": 75.0, "question_key": "AAEAADbywS2KvojepA7VyTmSCDBiNFHpF/4PevMLp7fCahML"}
{"__ans__": 16.5, "question_key": "AAEAAOzilawf2c4+to4Cd4GCqVga+DDYleE+04iegEia6AY5"}
{"__ans__": 78.0, "question_key": "AAEAAEDmTggsSLsu7xsbynb8qDb3aebrmTGKYxtLc7vMUSq7"}
{"__ans__": 32.14286, "question_key": "AAEAAI3YYXpBwgAtwk2SNzrBCGUR5ZFFTgBP1hKHTIw1Lrd4"}
{"__ans__": 40.0, "question_key": "AAEAANrYj3detN/+O39ZcoIuteYBAN0G+2pZYieEukyOlfoW"}
{"__ans__": 25.0, "question_key": "AAEAAGHNquaYoJP0ShA4/+KANjTKKIXoLG9+fghQbrW8ow2f"}
{"__ans__": 16.5, "question_key": "AAEAAFCIliiCrdUdsBHjVJKE4A/hWoW1GrPSYzQuZV14cFjX"}
{"__ans__": 89.25, "question_key": "AAEAAO9keWuDJI5B6/sFVHxLSvlLPkzfU8/ifUpmupKVLFPp"}
{"__ans__": 44.5, "question_key": "AAEAAEEYSloz/5ity27e9S/x1kupis/ZasXMBRQKTstzAFkx"}
{"__ans__": 33.75, "question_key": "AAEAAMIG0oVZ9wQzNOXAMxFX19miVjejMf7g+N7M940WvEkx"}
{"__ans__": 19.66667, "question_key": "AAEAAGIya83flwN+cze5eeZ5I269FIb6WEMf0qeoo6iis8tK"}
{"__ans__": 107.0, "question_key": "AAEAAACYwwb1FB6UNiqIlSqr81AlPt6oPtDihx3BsMRStoZX"}
{"__ans__": 32.5, "question_key": "AAEAABaaJx+fuEF3C1/X85MKeFGWereIVqUeoGGXcEt7IFlD"}
{"__ans__": 3.0, "question_key": "AAEAABVguk/0CrEwDWZLn7Zis3KDqnshI4h/IAI6loEGfNzX"}
{"__ans__": 33.0, "question_key": "AAEAABCkal9+RBbtts73IEYYVr0kEzd37uxX6CA63BDkU4tu"}
{"__ans__": 11.5, "question_key": "AAEAAOCO5bf44yQsVYrtzm2BjyIE7NOZzVstfXIx9ZZA/wbG"}
{"__ans__": 29.0, "question_key": "AAEAAGBeD+E8iYekbpy3N8EaQ/wRuCPJF0pcPxZfMwyWvwr5"}
{"__ans__": 11.5, "question_key": "AAEAAMnCqJ9EyiLS1Lxi6lGGDRbV5iXwHMk0vHSsYMYPArB6"}
{"__ans__": 27.25, "question_key": "AAEAAIomqtsazzhS2iAG86ouLIe4dTn8L/GXJjmJoAIUQi8V"}
{"__ans__": 29.0, "question_key": "AAEAABheO1JgQPgzqZ9OttKiMS6NjvDHlwmI/ufKcEScw/UR"}
{"__ans__": 10.5, "question_key": "AAEAADuLURQ1ojpj6Dm6041f+z3RFj2fZayQJbEUYTQhcvjm"}
{"__ans__": 106.0, "question_key": "AAEAANc39BPPURJqNHRARzKnMj6/5hqBHQjEpm9p9SMDI4M8"}
{"__ans__": 51.0, "question_key": "AAEAAMioLUDaWxS+r0N4l3zRLNLfgdsinDI1VW9x+rSW4zRH"}
{"__ans__": 23.0, "question_key": "AAEAAE2Zr3im0cNh7ekjO+1HzeWMT7D/SLdi3rlcpKGoKXIa"}
{"__ans__": 19.5, "question_key": "AAEAAMSYi4VxwEOuPTsZoISNn0uhDB3j5Gl+KPdKothvCS6X"}
{"__ans__": 54.0, "question_key": "AAEAABcwGZrh4vL5agTcHKGbEij3RqWmLkMPeXfzwbauQeEa"}
{"__ans__": 9.0, "question_key": "AAEAABOnQ61uttZdCWCxWtEJu1y0P19myrHNQqMKPYNpQFgW"}
{"__ans__": 22.0, "question_key": "AAEAAF/Kke6OinCCq2oTx2M4HqueQqwqcXFeVUfrhesaI6T9"}
{"__ans__": 9.5, "question_key": "AAEAAOX9LCUAQNSPKuS/dXRkVTj+IYkECDm6HN9xDrW5J73C"}
{"__ans__": 11.5, "question_key": "AAEAAMTmgvKZb19tMmTv41jFNv1f2H+NzYQKXAVpWfFet/cz"}
{"__ans__": 536.0, "question_key": "AAEAADmXKiXPGKYIGxFbLSdEVWrMDfF2HYEmCIOLg8WS9u7j"}
{"__ans__": 22.75, "question_key": "AAEAAI8nM4ezh9OiQwT5lBMHGQNj1eidkWdCKsQk/JKj75/C"}
{"__ans__": 33.5, "question_key": "AAEAAN2qOAA6B0gJlUx95RRR2lpN1evsO5WkMr5k3BCXGTE+"}
{"__ans__": 41.25, "question_key": "AAEAABxgDKjvEp4WpTb77wUGxqpbJvejL8425GS3zJcP9BUR"}
{"__ans__": 50.0, "question_key": "AAEAAEkd/2aNO1XT/Tig2jGZwZaQemMQ6KiZ8dDQ3rAZ+ohl"}
{"__ans__": 36.0, "question_key": "AAEAAL190bctHpeHpjAWkZHNWz9Xd/bcls4R1QKBhzSuRS1F"}
{"__ans__": 49.0, "question_key": "AAEAAM8DMiFU7Z/02dgxA/0yq2XyMDdegj/DQFfyf9vBFOlf"}
{"__ans__": 77.5, "question_key": "AAEAAEhqRGFDcOqsUNzCblg75VpXMFxMzYVDbL08PeSbi8Cu"}
{"__ans__": 48.0, "question_key": "AAEAAJzFX5R0CQLSfkKn4c+/xHZm52l3D6/uVm/Ta8AwD4MP"}
{"__ans__": 96.0, "question_key": "AAEAAM+sxaNe3/8vlSgh5Gby7+/zh5T4Oq9iB299R1nnnZvE"}
{"__ans__": 19.0, "question_key": "AAEAAIYzmajNh/uxkkrY5DVo3EjFDCF99+hfR6I2/z6319XQ"}
{"__ans__": 23.0, "question_key": "AAEAAMO+hrPqH55abzHS0dn3BLbf67oAXhncpwSCDGaQPtee"}
{"__ans__": 120.0, "question_key": "AAEAAB7CR6Mzs/01uA0l25eu4CKn/nB+2IpB5Xs9iJ3oGex2"}
{"__ans__": 13.0, "question_key": "AAEAANfcSY2YHsbHzfwfChMmZ3Hs0OIgA6K6GByyL4/VdJuf"}
{"__ans__": 192.0, "question_key": "AAEAAKEdYM6CJXjePnPtHf5mWKkOFUgfQwH81Nq2sPBGTf6H"}
{"__ans__": 8.0, "question_key": "AAEAAC7VLjEw7gCqAYs5sIG/Nr5v1UVQSDYwQQDqvs4Ms5/i"}
{"__ans__": 15.5, "question_key": "AAEAAPO0+HGkJTvazZ2/f3rne1lNX6J3FsbgQsBWE5qnq+Dd"}
{"__ans__": 26.5, "question_key": "AAEAAMDKrATX3Yg861X5wyumImiMHBsyAe3adwNkfDdSyhDp"}
{"__ans__": 71.5, "question_key": "AAEAABbs7ImzS5MNL+2E/Zk2cKUJMUgx8uZqIUuoLfv+ZPnx"}
{"__ans__": 29.0, "question_key": "AAEAAGZrSDCK+MtMufboJ/fes9pABcNH2pdG8ghp2bDIYXR4"}
{"__ans__": 23.5, "question_key": "AAEAAEVzCuV48O/Gkj2uJgSDl0MDgH+PHdybt1XaDFciV1fO"}
{"__ans__": 41.66667, "question_key": "AAEAALIBW6TG0pyP2lwLWoN0KDasDYg3Nb3Yuun/hrJwd+dd"}
{"__ans__": 22.0, "question_key": "AAEAAE8cQU6FK7XIHQhIEHQK5gj1UiaQ1mHfYgAw2900Nk/K"}
{"__ans__": 28.0, "question_key": "AAEAAB5hGzc0tX3H2f732w2JqHBpGyeRUjPq9vMpqtT+pBEW"}
{"__ans__": 48.0, "question_key": "AAEAAHwCvnEqHL/oJXRyR6s8uSKvRdRh5Jh1YNWuItaIH0cp"}
{"__ans__": 12.0, "question_key": "AAEAANVoPWWh8zDFKTgtO665O5Cp/80FdacWph3bi8EAs8br"}
{"__ans__": 33.0, "question_key": "AAEAAGnpS4lxxxNRYIQxPHOD32SgvSPzRcZPb1m0tVHU11Zv"}
{"__ans__": 24.0, "question_key": "AAEAAO9QPl76KrF9S6vs0RswuOpFWn2gQ4hBLkQR6F9Ytcus"}
{"__ans__": 41.0, "question_key": "AAEAAGJYeE0glxDGAF6AtzkHh0DjEHpR53c6fY/KIRCGZ0/u"}
{"__ans__": 11.5, "question_key": "AAEAADNCbrvNDOoaPadRyZOrymD1FnQNRfJxbELQ4MrVkI6H"}
{"__ans__": 18.0, "question_key": "AAEAAHfSKRjz4RqvINqOREAXx50z3F8f0VzZh3ao1GZ/nLew"}
{"__ans__": 66.5, "question_key": "AAEAADBb6rjuHmaHaSmQc8VpXmjtCXvNAQFGm3TpYR55V302"}
{"__ans__": 27.0, "question_key": "AAEAAJ7gfVuUNdcfrfXLYmEFbAIGiNxdlqVTCSKrImuFewS1"}
{"__ans__": 12.0, "question_key": "AAEAAMTKIpp0Ead6ZysDve+0XO6AMLH05q2oyxVN3WM2QNFZ"}
{"__ans__": 29.0, "question_key": "AAEAAAKjfBQ0xDEnzSK8Xke2P5DeiiRWdm0Z2h0LLJs6vcSq"}
{"__ans__": 24.0, "question_key": "AAEAADTMFYXRVHVNVLuIorrqe3hWy/gYcQEgvxbvM5/tegl5"}
{"__ans__": 60.5, "question_key": "AAEAAL+cSk3a4+iHFxqsWaO5RXLUCscd5R1cQR4VqmiYjHMi"}
{"__ans__": 39.16667, "question_key": "AAEAACDc4evIotz+HWqHJegg2BsC/C20VMiddiNIOPHq49R7"}
{"__ans__": 16.5, "question_key": "AAEAAICtAcz1DHhv29usIH8Yx4xZ0N+7Wfwv8O7Vi8A/O4NI"}
{"__ans__": 11.33333, "question_key": "AAEAALNxuZ1pWQXFLfBff0tWunv5j8MXZFCufxT6yUfULOt6"}
{"__ans__": 33.5, "question_key": "AAEAAE4DQtUtoGYZYDsZDhsZbpRq4/UVhIFOaTeHyBhazOFh"}
{"__ans__": 12.5, "question_key": "AAEAALxyinQaPJidBtAxR9mDEUAnYHWYza0EW2PJ1skZoHAs"}
{"__ans__": 23.0, "question_key": "AAEAAKmXQ7NL5F7esLiiC7yBUqvX5tSKDrDyuP0Oa0V/N5Vb"}
{"__ans__": 7.0, "question_key": "AAEAAL8VKIBjGk8LCQ6WMTO0F7VJLXNoz+pkr/8cLEOPffu1"}
{"__ans__": 31.1, "question_key": "AAEAAAcmiO2Sk8vly9miczb3HWEM8VqFJq1uf5E35az3wtc1"}
{"__ans__": 35.0, "question_key": "AAEAAJVujxlzpjKffrmGqW36IZ2PqnyBAeJSAH/4M/DUMvYA"}
{"__ans__": 0.5, "question_key": "AAEAAG86L506UsGlUV9fq46Ve/moiZJUoQKRj/ACMwF3xvPn"}
{"__ans__": 13.0, "question_key": "AAEAAFAG5rgL9E6B5j9Wy2mapAtHmaJ/NTQV1pd8zYIUYkKw"}
{"__ans__": 20.0, "question_key": "AAEAAO5ACdIeeMh2uDh/9t7nuYv2dd5vZ5SMQmFpFbx1z+av"}
{"__ans__": 2.0, "question_key": "AAEAAIG3mgLPtAx9Y/r4ymjkZ+BZaTVzQ0m8eK8W0GtOoPgI"}
{"__ans__": 32.5, "question_key": "AAEAAKZ3kbJToG4sckiR3gte/DjCWk/7+9saOy3EmVY1Q6IT"}
{"__ans__": 18.5, "question_key": "AAEAAPpW+pfZteYh2SrDBtmg4bydPc4es/8vNwzty4FgZKaJ"}
{"__ans__": 14.0, "question_key": "AAEAABqFqk2ILnCBODj+Nyq94Vb8iLSI/e+nnkyD8ayjgHOA"}
{"__ans__": 24.5, "question_key": "AAEAAKZ4e8tYUL/sq3FwOLpOhq0QJZFlo049aUKhAsfTWNew"}
{"__ans__": 71.6, "question_key": "AAEAAJ49kqtbTZIsKpojnLxppgQ1F6lsK9dmsCNzWD1vwOCJ"}
{"__ans__": 180.0, "question_key": "AAEAAAOpJaPLr7YbN/9K+FymN+p/9DVVKaaBM2iHC75r/2P2"}
{"__ans__": 14.0, "question_key": "AAEAAImkOkQs6IqzyjJ4wkjnRm/IyHzmOPUB1TiXUaFo1ioO"}
{"__ans__": 32.5, "question_key": "AAEAACLJbgIlnd2dJE+1939p356jVTvKW58vbhBhMbNpM/u2"}
{"__ans__": 33.0, "question_key": "AAEAAFsAJa2pfAwMEXgihXXthpE4p+rAigpvIuAxsng73z1i"}
{"__ans__": 57.6, "question_key": "AAEAAJHSGTciY5h6uZFGXwt5Uw8OoY6ltYKbQVRci6m8mGk6"}
{"__ans__": 49.33333, "question_key": "AAEAALOAOfy2MMwvLrj2sjYbHWzCCnjUf9rsFl7pDpevkzwD"}
{"__ans__": 59.5, "question_key": "AAEAAHLXrq8L8656qzT8NjHZCvhcZUYwqWGJipbkqLMb6vIJ"}
{"__ans__": 11.0, "question_key": "AAEAAGZIFncgWmKMPbkwhs6V7D8fACIFTwFgm3/ZLzR858x/"}
{"__ans__": 38.75, "question_key": "AAEAAJuTuKyHrVNrcHjxMo1givdRb4YwM9DuiWGConFQ+ah9"}
{"__ans__": 97.0, "question_key": "AAEAAN+hLMfHwn89jT6uNFPnb6oQTaEll0c/Iarg2KEr48fP"}
{"__ans__": 49.5, "question_key": "AAEAAKHuOxSIS2FlYIqOwx0wSWjn0Rmcn+dYnJVctePV+2hY"}
{"__ans__": 7.5, "question_key": "AAEAAIBMjw8RafqNJNRX+34bgvTXeph4DtGANKWyaNfkg4xl"}
{"__ans__": 2.5, "question_key": "AAEAAI++yt56Bl+ytvdIfH1Mi0nHP0EVqCySp/9bqyAtMVfD"}
{"__ans__": 1.0, "question_key": "AAEAAFcagzqKAsY9HqUpArkIC3GUooUUsO9aa5wgSJuejbF1"}
{"__ans__": 38.0, "question_key": "AAEAALNjvaCTREegjU3xSe+vqgza3p3uaH2VPwrCZatSOlPd"}
{"__ans__": 9.0, "question_key": "AAEAADDByIk6ItVnSHcHjyHISoFkoPzH/zDl3WjTsoasuhr3"}
{"__ans__": 16.33333, "question_key": "AAEAALPz9DqsExfYOaASAZF7Ju18RjTMGqM9sx0mOFPq7IYN"}
{"__ans__": 29.66667, "question_key": "AAEAAHfW2Wl/nSA1X/dffD+pxgFtDLoanJhX+UbEKE5HRwNB"}
{"__ans__": 47.28571, "question_key": "AAEAADFGbAmMWVWvu1aINUxW1KQZZDwvDllF0+zCMAC/Te2N"}
{"__ans__": 41.0, "question_key": "AAEAACf9qwsaLNNeyPgjJyeIyGQCQDtsOwQuBZ9MhX08fZhZ"}
{"__ans__": 42.0, "question_key": "AAEAAMvxsA0dWGcji8lq7FM3TiphBl3HM5fW6fMrvjhUmNJL"}
{"__ans__": 45.0, "question_key": "AAEAAKRIh+LJNBBa8NRidzDrd9N2cBgbe/rXjVIRJ/xoocWh"}
{"__ans__": 20.0, "question_key": "AAEAANbZkTHJRVDUKbIIljfLQhXBOKZGCM/UNmkQCCi/eeYc"}
{"__ans__": 16.66667, "question_key": "AAEAAI1ybomcVcs9ioXsy/nm4Kqm+gPasSVD9LYv8vkQvmqM"}
{"__ans__": 31.0, "question_key": "AAEAAIVF7mMRXLUX/UPzkKPhYVNhDao297hpllA+ybBM/XGE"}
{"__ans__": 1.0, "question_key": "AAEAAFCn5VNuo39kD1xSAnHarSiCvKtHudNjEsxjlN5QkO7Z"}
{"__ans__": 12.5, "question_key": "AAEAAGf3FYW1MtJA35btb35vJySddPscfZ6fN8IFRM82uGx/"}
{"__ans__": 39.5, "question_key": "AAEAAMp90SWX3ve4eFreI1EOfH9y4rXaUWiVhVekhbDc2wXN"}
{"__ans__": 15.0, "question_key": "AAEAABxUnV7fsA3VK5vBNcTBKdL+3kekbygPYtEuabV4YXls"}
{"__ans__": 55.0, "question_key": "AAEAAKVGqhS1vfsb5SSCv6ebOTwxLzRc47STYtxYQe1TZm14"}
{"__ans__": 46.0, "question_key": "AAEAAJUXtDe0FTLWUL1ala7nGxCdT9rMoJIzSxbxwuAh45B0"}
{"__ans__": 9.33333, "question_key": "AAEAANl0lEbeogqDlgu8Zr8dLfLdVeFb7UFIX/BhfuwQjk/V"}
{"__ans__": 7.66667, "question_key": "AAEAAL/yueDFUfMsSUDjuZvSuILU5CAVxz9ZaAvz55BAaYut"}
{"__ans__": 9.33333, "question_key": "AAEAABtbQIgQEs0gaTEjs48Fmg85OthYZTm0tZARRZ8cliEP"}
{"__ans__": 13.0, "question_key": "AAEAANrNwUXBP4paCqE9BdNHiujIcK8l1HzoqBbW4r1zefWI"}
{"__ans__": 3.0, "question_key": "AAEAAIezOrhSRrdqyaogdQdGiyYJJYHueeu6ChjFW7viRtfw"}
{"__ans__": 6.0, "question_key": "AAEAAE/7vvw4019JQbrQvLlDs+0ZwV7878tIpj6tnO4picmC"}
{"__ans__": 31.0, "question_key": "AAEAADMINlO1GIFmmV5oXDqhLgFSb7/LlnJef/EeGl3cv5b0"}
{"__ans__": 59.5, "question_key": "AAEAAMGifxkfT3QMzQI4l83qZUMTXARHXQCkM5jOAN7O6KSf"}
{"__ans__": 24.0, "question_key": "AAEAAH8Qo6bzuX9YLWqt0wuWrLQ1V8quYqVBZuYxBd/nvShI"}
{"__ans__": 49.5, "question_key": "AAEAABFKKJ57PJeDiuU1r5j8H7AkUHs7b/oU7t/9SNxW8q5P"}
{"__ans__": 135.5, "question_key": "AAEAAL0WVsy1o2VthDwkKMq+wvrjYG5hIManYPs7IAkx5O4z"}
{"__ans__": 0.5, "question_key": "AAEAALf+K6QJjOY1cEAEc+uzlkNqNgMFXaStQqQB/QNfcKZ/"}
{"__ans__": 83.25, "question_key": "AAEAALvhGuQt/4AzHo2ILtfWkx8aqPq6pylSgmFM/MMffZKy"}
{"__ans__": 57.0, "question_key": "AAEAAEKxGhqJmsHzRZlSH9SsqqIWI147bzfIx62VPVgeCvi5"}
{"__ans__": 31.0, "question_key": "AAEAAF0CIvvIOsaD93Xx2GncBVKVlOzs5+fRzF75O1dgYnRB"}
{"__ans__": 31.5, "question_key": "AAEAAImx0sjgEp+D+dJufBahhk6PWQt4YOQ5LWL8pu3Ltheo"}
{"__ans__": 14.0, "question_key": "AAEAAJiaxcSK/1UFhfMnVkAbz+nXyzzBZcPQndFNc5zNEtJ+"}
{"__ans__": 14.5, "question_key": "AAEAAHwgAwds+R3mVh3L9y8JYRrd7iQUgUNc6FNXgDY+WS/S"}
{"__ans__": 58.6, "question_key": "AAEAACPDu3UtY2FqGeoPhj3Cuv/OqSxN2E2Lsn1QN869TQD3"}
{"__ans__": 29.0, "question_key": "AAEAAAljVoK9ndc8G8ACQfXJkl3t2/kqs+vqsD0PXAyWZ/Ny"}
{"__ans__": 9.0, "question_key": "AAEAAM/tdemxLZJI+vh/aCB27roYNScz7nTPSYw7QDMIB4G+"}
{"__ans__": 19.0, "question_key": "AAEAADAJPHMyKq9RnQ/Yc8Coa5FcH8dAzhnTouKx60OUI87l"}
{"__ans__": 101.33333, "question_key": "AAEAAI4O39e4YM+NPwu0kofPPX88QAE90qFrCPcLovoLIsAb"}
{"__ans__": 14.0, "question_key": "AAEAABLCJAcj5O/mGO8nsGHmRY+Mo32AmgA4J7NnO1eUJyzt"}
{"__ans__": 25.5, "question_key": "AAEAAI+4pD+4psUzQ1sclw66ZsfT3hjUJ/HqS3RNMxjO3jth"}
{"__ans__": 113.0, "question_key": "AAEAAHvIWsmQ/MjBU0mwImpsWLzTK4DrKSKiW4VEN55qasZc"}
{"__ans__": 46.33333, "question_key": "AAEAAIkFN/XkYBRs01BtF11hsGrvZUQFw19VvhPhQslOVM9k"}
{"__ans__": 9.5, "question_key": "AAEAAJnWpuTqVWnC93U1xcfoGGWG0L14UaJeLLCsTtucrHB7"}
{"__ans__": 24.0, "question_key": "AAEAAMA/AhQHOhmExFns2Qke8bTQ++qLLfdwdPGVghrAZaih"}
{"__ans__": 21.33333, "question_key": "AAEAAKYb5y+EBDN76xmDIUfYSP7oCuWms6WLeQvzc+AfvVjP"}
{"__ans__": 145.0, "question_key": "AAEAAA6d4+w1jLBvMRKWMgv5dpJWPXHOaIuhb05J5B6L/c86"}
{"__ans__": 85.25, "question_key": "AAEAAHbCcw0v3Y+TCw4ANtLhU8KCemGeUe933my4nLS3dzab"}
{"__ans__": 3.0, "question_key": "AAEAAAvqC7iBXdDxzNuWuSN7VTv9izlFNgYsmeS9O2U7dXOw"}
{"__ans__": 3.5, "question_key": "AAEAAL7uEYwK1noQ9hRG0cfMTWf3vDvzWHToWXXaaSiRFo4z"}
{"__ans__": 78.0, "question_key": "AAEAAACVWMj5JN3m2zzRlrKgyJQnNcFPb3BxEN82AMKgR3k2"}
{"__ans__": 29.0, "question_key": "AAEAAEf8ZQCzvRYOnyHUc9hfKpZnOSHfvb438cV/fKYLpPir"}
{"__ans__": 11.1, "question_key": "AAEAAD7wp1E3DX9n2mTvyhQ0SPEM7ztQORCmp8zeBzF96ZIg"}
{"__ans__": 65.5, "question_key": "AAEAAI2Hwrkn6ak7k7KNVE7aILrdUSrCsGQIrY8rupkgXogE"}
{"__ans__": 73.0, "question_key": "AAEAAOpw0hfCyoG9Rj7K/9HEnN6aMfM1ry5e/357ktBgWl9u"}
{"__ans__": 44.5, "question_key": "AAEAAMP7AhKAslgLI5vOYAPFfPxgc+czU56AoQTRiLIPeQSv"}
{"__ans__": 4.0, "question_key": "AAEAAFo/oB1+gHJ2+9snq3Mq2JVSjOHxXrImdAByoLFrxtbO"}
{"__ans__": 38.66667, "question_key": "AAEAAGca5f4nc6KBUjyuYxIol0YR04vSnOc85ifr5dxRF3We"}
{"__ans__": 24.33333, "question_key": "AAEAAOsNMs5Vi1n5vjmSqPH7y2fTTcjHp+75yUIFWkAwdexl"}
{"__ans__": 15.5, "question_key": "AAEAAJHsrqHIXbXzGDQ1u5JQo3GBN5RmpMNXBU8ttcNpLAdw"}
{"__ans__": 39.5, "question_key": "AAEAAAlefMjZ0gMgmge9I86aBby/dIcRZn18tQnUz3uYyidc"}
{"__ans__": 0.5, "question_key": "AAEAALmUGZw0RavEQalsqLI0Tttk0wzoDc4S6xOltk2k58Vy"}
{"__ans__": 42.0, "question_key": "AAEAAGvG6bSowaOtpTZmpKbsLsWoi8mwYijKlITEC4RWjkn9"}
{"__ans__": 35.0, "question_key": "AAEAAP3+9LpKPPe9Q+ySXfFesK64pNgH/u9wWxR3YdbocIgP"}
{"__ans__": 12.0, "question_key": "AAEAAAjm/wL3op0bMOUXwlsJLw4SWIojugRcRt4Fwj5M/Q3y"}
{"__ans__": 37.6, "question_key": "AAEAAE9IpUQJBQRpqU0WR0Erj22ZINeDu5n/UwNNB/MTnbCB"}
{"__ans__": 36.0, "question_key": "AAEAAOz7Y1Odk7CoHwHSs2PZMPcFysfuzmLYnlFn3GHyt7L2"}
{"__ans__": 245.0, "question_key": "AAEAALtZK+JUyjhKMZB8yn46Jf/nTg8mGsiYuyKsqFsg/uXd"}
{"__ans__": 73.5, "question_key": "AAEAAGgd/XrGCyn8cGVi21uNRyMXET8zkWkpTvJC9vUiZigG"}
{"__ans__": 9.0, "question_key": "AAEAALzpQgFz2P74YMxnkC2Attk1+FEQY/6qvRrnfUauBZMy"}
{"__ans__": 7.66667, "question_key": "AAEAAMW25BjHDQK9whOjnzoLlXacKOODNPvyTLT1KaIyoxTg"}
{"__ans__": 56.0, "question_key": "AAEAADMcZTkOHUaQ/k6qfio+avAKbrfxOX3K8cHJNSYZxCic"}
{"__ans__": 17.5, "question_key": "AAEAAEMOruXAzbeJVzPpOHuiYtLWxsuwnmVVJ3SkecNmgiYz"}
{"__ans__": 97.0, "question_key": "AAEAAMj39109idCmmWajM+nO+sJEDI4OWfbjbPYhAJFqgO7P"}
{"__ans__": 69.0, "question_key": "AAEAAPb0XQrRx5h3aZlpu3hFbxe82CHiglTR1pcgnOZsGYJ4"}
{"__ans__": 8.5, "question_key": "AAEAAOsvW0KxYrBdAU0jVX932WPR7mxhqCxnv1xdDbSSzR6z"}
{"__ans__": 50.33333, "question_key": "AAEAAA2dxOA73OiSp2ClDBKRyBZ3cmyaIxA77V1LLtVI1dxI"}
{"__ans__": 145.75, "question_key": "AAEAAFGHg2Kra3YHq6f9cpP6SD80zUKdZtTzSMVh7T5Lu5CO"}
{"__ans__": 71.5, "question_key": "AAEAAAaRyeEJxhCyqiRVFmZd0YuFFtRuLO3LMrr1z3lkjVNY"}
{"__ans__": 85.66667, "question_key": "AAEAABVPn09MNwlNNOdYLu1Q6sJ0aroDNZnMuNN81y9mjN87"}
{"__ans__": 124.5, "question_key": "AAEAAHfMoYJzcIg2BAqsG4cdo3ZppPiwWq447q5IB5c8w8wJ"}
{"__ans__": 37.0, "question_key": "AAEAANLMNfrdQP3ZP117zF53Hg2FT3fvyzXwwAzZGqU4y3IC"}
{"__ans__": 10.5, "question_key": "AAEAAO0SAh7hLzH4WTNQqph3MGYRMN9j8gVuq3RF5SOzURaK"}
{"__ans__": 199.0, "question_key": "AAEAAMqK7nAzfjky/S+soqpIHyj/4cIgUhXR55ZXe00VvZ+k"}
{"__ans__": 11.0, "question_key": "AAEAACZ4feYF0fDTLksSsdjfmwGO0f1fxgXbRlcN1JiXyd4A"}
{"__ans__": 11.0, "question_key": "AAEAAENQexoBPnDa1ODgw2ZUsc8kPeQ6yV15dz566JzCLTLb"}
{"__ans__": 39.25, "question_key": "AAEAAFxJRevm8223xU58YBGFgXSUQ1gpKfcCvAJBUt7xt/dv"}
{"__ans__": 37.5, "question_key": "AAEAAFXeG2Ru6f16FF76Tm3I4Kfvz3geu+t89yfxFf2cDxP+"}
{"__ans__": 4.5, "question_key": "AAEAAIykHQkLh7LLrtTuaYpzhPs1Mv8p14xxoX1Uv5o3SXQc"}
{"__ans__": 36.0, "question_key": "AAEAAOzuMMzZ64w+mDnCHItRpZm04/Qzb+ec/svtQPZknErb"}
{"__ans__": 53.5, "question_key": "AAEAANLoqG5Rry8xeFxA0VKOFBurREL2jmUa2rcM1LN1FCuP"}
{"__ans__": 1.5, "question_key": "AAEAACHl5vfhfG2O/h8BLraUTP8ZFsOxFYxSgN59B0WrL3VV"}
{"__ans__": 22.66667, "question_key": "AAEAALzDEYXu+yjTg4+UVcdL1POlav/q39UyRdiGqnVbxJxD"}
{"__ans__": 15.8, "question_key": "AAEAAJdPuafKREe994Pj5J1/KRDomBPlu2Y2eoTr+d8I49To"}
{"__ans__": 1.5, "question_key": "AAEAAPMBliaXKBrLHw90J3fdHDqhHgDRK2fguR8M9Q3eCxoD"}
{"__ans__": 9.5, "question_key": "AAEAAPKcMhy+CP2lMkq3CL9Yw5Xwe5y5mqYE8QKw61Pyknmi"}
{"__ans__": 92.5, "question_key": "AAEAAAEP+yKatkD0aumqeKdH70ZN9xeSV0A2gqCqz5DNhCLG"}
{"__ans__": 96.0, "question_key": "AAEAAD+XcrQfJzBtg+hAyXuzQ0lO1ahGPdAMeWUUhzsGUaAw"}
{"__ans__": 2.5, "question_key": "AAEAANjMDqXISf76a8gjSfosAJx8EVjQHHiHRMrPlLO0Uq7J"}
{"__ans__": 4.33333, "question_key": "AAEAAHlXPWWoLU1Z61iIarm92V1aiXxqBBDi3Okx4M2cMdia"}
{"__ans__": 5.2, "question_key": "AAEAAHQGxjZNqKaD0s+EcPOjT3DVr5Ph++nCs5cF6otXiaEu"}
{"__ans__": 77.5, "question_key": "AAEAAO7xE1qh4jgjiK4MHpHU5xG9cSryieDLu7AqMRYxSQRp"}
{"__ans__": 5.5, "question_key": "AAEAANcab2rzy/eh5UU03egSq8TbHzkScUU0eCXSiyyaMQhv"}
{"__ans__": 70.2, "question_key": "AAEAAA3nwyM3pv9aqY/eUKEpDxuN7LO/5WBMiMsadZyvDu96"}
{"__ans__": 8.4, "question_key": "AAEAAOvscOhJ6xKfEUY6uAEK8vguQOEyo/sBi/cy08O5uFoK"}
{"__ans__": 23.5, "question_key": "AAEAAGBPjh872Y3FK40sk+7zXj169rnv0CU9f7HMrLmLpEAu"}
{"__ans__": 22.5, "question_key": "AAEAAJ6disQU2wRHmm2aOr/rXepzHiAmTmsqKFgWwi3HyOYw"}
{"__ans__": 20.0, "question_key": "AAEAAL6wRQhokNqdXWy/f/cKfmDe1hqL0sBKXj0FoRSyYsEZ"}
{"__ans__": 14.8, "question_key": "AAEAAK8uJP8PctQRawUr6RvqPMqUFksTBGQ9ZtKlP42ikD/p"}
{"__ans__": 4.5, "question_key": "AAEAAED6AB0xFUMx+mPCvn7uwjcT5WlICUSn8TdqFh0f6EAp"}
{"__ans__": 48.0, "question_key": "AAEAAIj4r7jDXDjX+PR4AdglNfUkSXoaqnnKDQg9HPBwmVZR"}
{"__ans__": 74.66667, "question_key": "AAEAADS/h0VK+5a+GdXu8YQPS6rBaagwLJm5bIb1RWmBJRPd"}
{"__ans__": 7.75, "question_key": "AAEAABhPe415n0Z809nTJhCjAiC5U81DhMvF4J7YeEHihL5U"}
{"__ans__": 36.6, "question_key": "AAEAAINrx/xomid/gaVl2DqI4jYD4GoKTlkXVDMJHkoXQ/Q9"}
{"__ans__": 19.0, "question_key": "AAEAAL/clnnQwOxs/JWjsM1A9zvWARcMbMGenoQCR+PGKGMO"}
{"__ans__": 54.14286, "question_key": "AAEAAG1Cy5m5T5+jhgroKvEb/dhzAQKsEnMN+ABNL8qJF0SQ"}
{"__ans__": 4.33333, "question_key": "AAEAAJrVeCU4f7osslO+inRWJsjmfV6Q6aDVvqCJeru+EJok"}
{"__ans__": 112.33333, "question_key": "AAEAAGqUjw0YtAz9+g5ptFS0sn9NlXifbsVs5tSwbYdiGvT2"}
{"__ans__": 26.66667, "question_key": "AAEAABw1GXJb4lNZOq+bPdU/SBJt/u9oW+ozPXdgICH5tU98"}
{"__ans__": 178.0, "question_key": "AAEAABhW6yMKasH3H7TNnL17kILHmWRW02OVep3VmPvrbKat"}
{"__ans__": 10.66667, "question_key": "AAEAAMq10Q1Qk3c2aUJvQDO0FKSwMW6YJHbu7sAb6r0uUWeW"}
{"__ans__": 27.5, "question_key": "AAEAAEplEyiTY6tOs4WzkNCarAn1Zw0Nin2Phc0/PiUB6kID"}
{"__ans__": 83.625, "question_key": "AAEAAGsK2AFF77Mtg/QgxU86ag/zAGV/vBf+xFPsqwyTxat3"}
{"__ans__": 19.5, "question_key": "AAEAAJVTRxpRwTWps66SxW9/+HtpnhW0mj7+t4mJOvM3HuZK"}
{"__ans__": 40.66667, "question_key": "AAEAAAGbBZtY1Kz/IrrDcI7sPChMAaGRDJ3yJlEc3sc5UwYM"}
{"__ans__": 34.33333, "question_key": "AAEAABug8W9HlOX0QCRhBc9Xs6Dr443tS8WVzrVtCNt5pluT"}
{"__ans__": 20.0, "question_key": "AAEAAPexnwmvWSbRalPHaFdyKNOFHVAP5z6qnXefj6RrGOop"}
{"__ans__": 1.5, "question_key": "AAEAAC3qSfRVha2ikAMDCinlWVZTvtALrkc2D2g3dmfBvBtU"}
{"__ans__": 53.5, "question_key": "AAEAAL4LosV+oiNyJ0FxQeOjrXd6tlFwfoPRrC+hgD1KWi9b"}
{"__ans__": 9.0, "question_key": "AAEAAB0slAfuIgdKGFXhGJCYMjTpP89ZwOZ4q0JyldTAnrbB"}
{"__ans__": 60.33333, "question_key": "AAEAAMJzgvG+JtXnV4ZsiNLiU+sng0TZXSqYWkR1D4LohNiU"}
{"__ans__": 53.0, "question_key": "AAEAACDCXoUZ15Sv8Qyn+TDt3dy7W8L6SbDzbkOQSS2APmeC"}
{"__ans__": 48.33333, "question_key": "AAEAAKEzekVAODjLzAKcguRJkklAZ3JrO796cP5wXjjfuOXW"}
{"__ans__": 20.5, "question_key": "AAEAAEEqJkV0I2p1A5ijmg6jftXK930bLkSXcweinDfEf1t4"}
{"__ans__": 5.0, "question_key": "AAEAAMm/EJxSQ5Ec2Kp4WxYRC49mHU71XHPsUfhfS37WlreK"}
{"__ans__": 10.2, "question_key": "AAEAAFkpl9ywYTF0NjkfBC1fz0A5iRhTdR+jkG7RtX4SnXTy"}
{"__ans__": 91.25, "question_key": "AAEAAHXxYQrxtq42S3ufGzF9eCu5TfNuWlQvj8JKXu/HE2el"}
{"__ans__": 25.5, "question_key": "AAEAAOAuyDxmsULYXHUeT+RMVDigKUxWE4t5gB3qG2gGOENk"}
{"__ans__": 14.0, "question_key": "AAEAAGqr6ne/nDvOC6fYUmHj6Cjw//R0wwMOqx5vfJUBZavi"}
{"__ans__": 6.0, "question_key": "AAEAADprw4Utzw2t49EwbTg5mTLlJijYlx3lLp2YnueNB9e4"}
{"__ans__": 10.0, "question_key": "AAEAACkXs1qndUEW/5OnUiHf7lyGlZV567cPPSgU3W2aSTQ/"}
{"__ans__": 16.33333, "question_key": "AAEAAH1XhcW6kcAm8JmBeqGMwGoMPQHmvsHu1ptqBhRYb436"}
{"__ans__": 105.5, "question_key": "AAEAAO3f2UHZkf5wWzD+bx6h9Z64dXzTw4ly9ayrvefspeW7"}
{"__ans__": 63.0, "question_key": "AAEAAFHGbsdMt6q969/iYtUP8qbnDMFIEvpVVcaAFRnCPqf/"}
{"__ans__": 9.66667, "question_key": "AAEAAC6KhysJTdA+0kxBkZsQrFE7fmvk2waRawAYarLV0oBD"}
{"__ans__": 21.0, "question_key": "AAEAAEbl69dhi1Jmipt8YRb2OKF/Sp4p245ZN80rph5blt+A"}
{"__ans__": 48.5, "question_key": "AAEAAGG+2v3eRlPwVGk3Y8ZbTKgnv7UrKJ3o4yt1bJjtUh9l"}
{"__ans__": 28.6, "question_key": "AAEAAAQRvMUIK4PrO+Oz+s0Jhfyu7nDg5daeI1ac4KOdhnOu"}
{"__ans__": 23.5, "question_key": "AAEAAKsNGtEQqWdb2OZZzhLQB1Fs4kBIVQEOQaSfODiOWBg9"}
{"__ans__": 43.66667, "question_key": "AAEAAGNxFjtVzzrxbjniq52nzqu2f0bSoUXUk9Owr/+IkNnu"}
{"__ans__": 57.25, "question_key": "AAEAAGEkJR3Q9HWubyXJ39n37CppMIWohLM8+YHrvR2ZwQVI"}
{"__ans__": 60.0, "question_key": "AAEAAPeflV6276OarhSl2VlrRGqjxwyhRrSieA92nRque5/y"}
{"__ans__": 21.0, "question_key": "AAEAAKQfMK1v3PMQhvHoZetZ11qLBR11whZelP8hMhXFzP2j"}
{"__ans__": 1.0, "question_key": "AAEAAOr8bEZZHyxmstKQzr69zaoztDJrtEDIhzc8NI3K3EYS"}
{"__ans__": 38.33333, "question_key": "AAEAANHaoTtuPN1KkLy7Cm7bTAXdvcww42T0tdn2wgQWcdHM"}
{"__ans__": 10.0, "question_key": "AAEAAHr6lB1tqmfonzIbDEuzHBj8TvKRcFKkdyhR8rtBsvfn"}
{"__ans__": 53.5, "question_key": "AAEAAAbthgg6x9nd9XV7igvc5a+aMK0b0HnH+/YshfVc82nR"}
{"__ans__": 40.5, "question_key": "AAEAAHtkTn6mlW+GyLaErQQUNjxJQtqacqDzf1wAJKypmBt0"}
{"__ans__": 12.66667, "question_key": "AAEAAHGUYrek5kAjRSoe52+okfpAhgNqXsZWpjcZfa4JZw0p"}
{"__ans__": 18.5, "question_key": "AAEAAHmIe1hgFrjlJfafjVmPwgtVPJSAaf37FkwdFvcCREaL"}
{"__ans__": 20.28571, "question_key": "AAEAADwfWO/7R6+LEUpCpumo1ubXbVdBel1W+l+Dqwhs8sRG"}
{"__ans__": 5.0, "question_key": "AAEAAFNLOCrZ1n+a8tfS80lxpMCJ7blOYtHPVIU3DPYhTMio"}
{"__ans__": 24.0, "question_key": "AAEAAJFTRbrb3VZZ3zYCD51qqxiY4KXLMNL1kGjfLfTxxsao"}
{"__ans__": 20.5, "question_key": "AAEAAGYM0IX+jpV6ndc8pVNJfoLjjkrznTl2SHmkZ8eW1/1D"}
{"__ans__": 73.0, "question_key": "AAEAABNKK29RZ1BIIVUD3ye94YzozK/KlTzfD+Ot+LBxOha+"}
{"__ans__": 54.0, "question_key": "AAEAAHJriErOFE8joG4nVvD+mT3My+8lXD2TULQ1IF//wupe"}
{"__ans__": 18.0, "question_key": "AAEAAFZHvquR4rhYbPYQqQ+D4vWo/mxHp5VYLp8pOan/Ww5P"}
{"__ans__": 56.5, "question_key": "AAEAAHPxz10JGwvwwE0BiatVAm3Dd1RLGW2jHU7oW5coXR4+"}
{"__ans__": 17.25, "question_key": "AAEAADXMKaeQ9qfiJ+ih1OzN/2aJn7Py9ybvDle2Ai4ubsvR"}
{"__ans__": 29.0, "question_key": "AAEAAD4R6A5ybLCZMej2eUxUCX+R5wmMjDyNYhWug64Db1hj"}
{"__ans__": 4.0, "question_key": "AAEAACjw9R+m+gAIVayXtuwBPTZvlsS29mEB/hkH9QiE9ia/"}
{"__ans__": 40.0, "question_key": "AAEAAGTM+rAGB0BbopzT/E7lFLHDyPgMi7yGCtRe7iDkTrgw"}
{"__ans__": 66.33333, "question_key": "AAEAACPytGRTTgCSZqvcS6irbrk+pgFGV7/ofH20qrV3VGpn"}
{"__ans__": 74.5, "question_key": "AAEAAAXVEc+XsUlGIeJC2TBTH58XDawpOqGr8FsP7JsyEGfH"}
{"__ans__": 61.0, "question_key": "AAEAACsYNaUkKbaFmlZ4LrTMZTcQRASFTfg2I4Xqm2B9mh0Z"}
{"__ans__": 34.66667, "question_key": "AAEAAL72VGvCNtLf+KZVwM76kPFqMDqK5hx7V+TBIYk3Q48B"}
{"__ans__": 2.5, "question_key": "AAEAAJmxisoG2+SbwNejljXKxwL4F3wBWZxccad2euJJkGDR"}
{"__ans__": 29.5, "question_key": "AAEAAFzJO1XVMtZ61zFO+153J+OHKLkEvnh5cNev+/6UxfZ7"}
{"__ans__": 16.5, "question_key": "AAEAAHkjRCX/3XlUcIJe0zNa78NYHhv+PLosxp66OPhd2md0"}
{"__ans__": 36.0, "question_key": "AAEAAIeNxeTo9XW+Vl8zg7wiD38iTn9KSkedpdBznYVX5auJ"}
{"__ans__": 8.33333, "question_key": "AAEAAKFev1IYGy3dC5vduNzr/o9S6I7ehXzovhwvtxpOkXrZ"}
{"__ans__": 43.33333, "question_key": "AAEAAGMAnB0T/U/JNRTWp7RsYE8ZPgvzqrZg90T3n4QO8Bzo"}
{"__ans__": 7.5, "question_key": "AAEAAHxYEquFY9L4P8CGgff8VUa5cQeMFjMEgCeL2DlDIqwt"}
{"__ans__": 8.0, "question_key": "AAEAAOjStaV/bXN0hwXZkP4e0lullIMxarMGL5D9gxHaEBej"}
{"__ans__": 20.0, "question_key": "AAEAADIvHgL5VLF2CHCDpoXnGXeC5SNLcv6oXlNR5AiT6HO2"}
{"__ans__": 28.0, "question_key": "AAEAAHB/bq8eOYpBPRRYjqs+wNoc8k89K5Ec8RqqyPKU4Zlv"}
{"__ans__": 35.33333, "question_key": "AAEAAO+XOeAiI5unR9uFey6JFLLDdt8dLAUVSAABIe+5v25M"}
{"__ans__": 85.5, "question_key": "AAEAABfcUpjSHNW6kusIkXg8TJlSRVP6uc0IzmhQFt576O2Z"}
{"__ans__": 49.5, "question_key": "AAEAAAvt3i4yTf3evYUct5QoEQv5YfN+mZS4LGX0On61xu3S"}
{"__ans__": 27.0, "question_key": "AAEAANk6EcLgWyD8Os/AIRNevNY8INn6p2LfOxyB+K5DuNxG"}
{"__ans__": 23.55556, "question_key": "AAEAAFA6omQ0HT3IkdqgLbcd6hO5TNu+PqB23HoDHm2xum2g"}
{"__ans__": 10.0, "question_key": "AAEAAM7y33jwmr1Ap4gkXNvXEcJCfg3xkp33dKwqUyBK6oO1"}
{"__ans__": 28.0, "question_key": "AAEAAIW3UBFJbcURhmlFnhEXMC7MH74nBYtZ9KjksUWfjNl7"}
{"__ans__": 41.0, "question_key": "AAEAABHCw+rfGAD/SfH77CKBxStYvJRI7kGN2eCj7pnuvlAy"}
{"__ans__": 24.5, "question_key": "AAEAAGqjGP7QcM/jWM8Q5XEi7F0ZUNy2MAx0p4qCfQuCG5Ph"}
{"__ans__": 1.5, "question_key": "AAEAAHXTkjNqfE9w569lC43pkbCxWIjQMneiZ9c8EEW+dZLK"}
{"__ans__": 48.5, "question_key": "AAEAAKnkNvORH9QERj0QNpBqPJICRnWH3owMpJmEjokE0X+s"}
{"__ans__": 3.0, "question_key": "AAEAADuDAoQCCD/q+jxtOZj09N5l7bac+VWjcWZvo4jcMeEy"}
{"__ans__": 29.75, "question_key": "AAEAAGUAtauCcSMvqaY39NnubJ89mweP2SJb7okIQsG81egM"}
{"__ans__": 35.33333, "question_key": "AAEAAPfn6LYzfIkcZJmZ32MyiliFn8ft/p/lEI4qF11TewZ+"}
{"__ans__": 30.0, "question_key": "AAEAAJa0/umX8609hh+PdNMGO60/kyG8tTl9u/i+qkVVEFoe"}
{"__ans__": 6.0, "question_key": "AAEAAL7BVVsmfum1YwOfdGlM2GrywoeKxoZCc2lzLLFZ5uwS"}
{"__ans__": 155.5, "question_key": "AAEAAHENyZH9BIfHC3NfyhLMSS1Djp0i9OOdiBL5yL16KHNN"}
{"__ans__": 52.6, "question_key": "AAEAALfIypaFUM83vwjKyGJKiVGAaFtSiO4NnyIaplfsGakW"}
{"__ans__": 9.66667, "question_key": "AAEAAJgAT2iS8YLkVVVtXHTKsYnOI7QOYW3ZUUESY+Wk11Rk"}
{"__ans__": 6.0, "question_key": "AAEAAB3l4wL8LGtW4pVX0wsjZLB2y0Gn7FDTfB74HfX8GUOJ"}
{"__ans__": 29.5, "question_key": "AAEAADp8t5d/7vKG/GOmW4Eeb+ivhW1i38qpHF60gLZA+ZaQ"}
{"__ans__": 31.0, "question_key": "AAEAALBYiFzom1PZxEn+nI+Lmxfdxn73m6nL+77TkCs5er1S"}
{"__ans__": 9.5, "question_key": "AAEAAO/dnS4ddjZRneFKsxSwBjrcp7EJHTuDGHEXWawcHgXc"}
{"__ans__": 53.5, "question_key": "AAEAAKW315j00xR6WjOMXY9tXI/YOl5kep7OlY4Q3SR3o+cN"}
{"__ans__": 14.5, "question_key": "AAEAAC8WB+km28TU+VlSzQeB4+j1LoofHH3XqycmchZvu0wD"}
{"__ans__": 129.0, "question_key": "AAEAAPx/oQ7dEB1S/f3itwKAVCtmUsV9zY71aPtsvfsZL6Bl"}
{"__ans__": 55.5, "question_key": "AAEAAAsyLKEyVbL5VwKYxvq/CG/ZK1I22LSu25cOYsjf+82V"}
{"__ans__": 73.0, "question_key": "AAEAAKvGVtMkGbz72aGPv96Vn74vKc4LHeABDXolejoe0sIW"}
{"__ans__": 23.5, "question_key": "AAEAADcF5vxu6QcZscRsJZz6mXLDzxzXdC2wAisjw0FO9HoP"}
{"__ans__": 49.75, "question_key": "AAEAAOvJ6ujM2gx0w9UXVIAvCuTgssQaBf+DrNhxV6JeAO9R"}
{"__ans__": 17.0, "question_key": "AAEAALMpxqIYqz4YHM0JV4QD0qkhB/9YrKzeXw4cgeBN3IYj"}
{"__ans__": 75.18182, "question_key": "AAEAAKYNJ+1j8D2ijyflluSrUM6Wmy3NlKMV0xseXG2xTuTe"}
{"__ans__": 4.5, "question_key": "AAEAABE8XXmDbW5XLhBdryc9Gq+s/wsXScNapAC4MAickDDV"}
{"__ans__": 77.0, "question_key": "AAEAACklqFSHNgGPCpAu4ql16Zpr87qC5Xmf6Gh8eRyvTOvE"}
{"__ans__": 55.0, "question_key": "AAEAAPxwnZfKAe9lvNfotsV7j3n/wK31ZiInHviWI1VHT77P"}
{"__ans__": 4.0, "question_key": "AAEAAK0Rql1WqsJl6qTxpBQo/4VXPWlBSP5gIqpHSm9RazaY"}
{"__ans__": 8.33333, "question_key": "AAEAAMHAbhb3aEefDOWlCn2i3xdHnSvVMWFLBRc7LUtXgOOy"}
{"__ans__": 10.66667, "question_key": "AAEAANK3N5vpMGctWRPzUp8Jx0wCrDwhLFbTT1rB1RYfs0nG"}
{"__ans__": 77.5, "question_key": "AAEAACXeserO+5PqpQhRdfiee4db//hpZEBXAH1zLFqBVxVC"}
{"__ans__": 1.0, "question_key": "AAEAAAjINTJvyw0dyIdVhtfdiC96YhuBDkr+aiftFuuuHWyb"}
{"__ans__": 22.5, "question_key": "AAEAAAKCoFBrLiRRpjvhcwqMtKKjRZpLEdwlmy7f8LxplcTq"}
{"__ans__": 2.0, "question_key": "AAEAACk7FmoJbLL61fg8EfKwdL+ZZiXZepofMkI8Yjwz6HIA"}
{"__ans__": 112.25, "question_key": "AAEAAK1PfQ1aH2oqUA7TbmVYTmX0F6x/HZ06Ta6CRyc7k4x/"}
{"__ans__": 63.0, "question_key": "AAEAAAMAHfhBmhBcdzF26xq4+1DVWRrczycihYz665wRl1rz"}
{"__ans__": 20.5, "question_key": "AAEAAHlASqy4Gb3xbrPtco2FoQPqbpmOxq5i1O3GcARaK81K"}
{"__ans__": 15.0, "question_key": "AAEAAGZKyly8tnbO0aR4o8txqII28h3f+cryL7X+bd0ojSir"}
{"__ans__": 74.25, "question_key": "AAEAAMn9AWMhM9qfs8ltKjSbi3fnbW3+arlX0TLBWYkG17qy"}
{"__ans__": 59.0, "question_key": "AAEAAO499QOZnxd9+KuR5xHNhVbzyKfO3joIMUCUMZ0IWL6d"}
{"__ans__": 147.66667, "question_key": "AAEAAMBAZbcpqxF+KbLbVMOmGvLHKnjBPS7ibevPVpIbND5Q"}
{"__ans__": 17.5, "question_key": "AAEAAIho17u7Z6lUlddFwPhCpHrovpBa3vG2n+bCmuPpblL+"}
{"__ans__": 19.5, "question_key": "AAEAAE0lcy6mFNzkTPpcXauSWhLdMY5es8yr0HpXXLaX14jG"}
{"__ans__": 10.5, "question_key": "AAEAAAFWKKeQd5d+H0FtXGAhdkAq3i2P0hzQiuR1MQXoFmdv"}
{"__ans__": 5.0, "question_key": "AAEAANkGh3Dxf81zB8XS88nqYAV//Ly0CA37L621eK4o70E+"}
{"__ans__": 59.0, "question_key": "AAEAACl6yk+YizIVVZGfJSMPEwgzi8g9GGKqkoYA+eRo7ira"}
{"__ans__": 52.5, "question_key": "AAEAACJz+4tLPzitdndYTpF7MH0Qa8gaTqrqTtsD3toxB/iq"}
{"__ans__": 8.5, "question_key": "AAEAAGlnNDhR60Na58zYqWpG2VMbRY3jDkuK2x1Z50TJC+SJ"}
{"__ans__": 8.0, "question_key": "AAEAAMoUZrrpt2FH2i4+C4VDFNwNlrGLAvRTIih1I9cLl4rB"}
{"__ans__": 3.33333, "question_key": "AAEAAAAcZcpS5Ac+ZjoVoBPHBXtK8ndMPam9qpleVdd/Xp3X"}
{"__ans__": 26.5, "question_key": "AAEAAB2zndpdcxqB4AETPV9q+sq1rGsaZBxD1gYIGAZMa/sH"}
{"__ans__": 45.6, "question_key": "AAEAAHKa7uFp5pqGheTmaG9sOR/lF9S+8oMTO/W0A93ikgCW"}
{"__ans__": 1.5, "question_key": "AAEAAMaM+2SJZC1Qc+AVSWpG0FzQI3fNWtdFKQhq2qrq4l2G"}
{"__ans__": 55.0, "question_key": "AAEAAJupwCKB3iwWjY/lXLiDP1rqIhCAupEU6roovS/UI1dm"}
{"__ans__": 97.5, "question_key": "AAEAABb9Yf/P6lCR/0YfeM8ndH3f3do6lxAw5QaP5V8Yn9l/"}
{"__ans__": 50.28571, "question_key": "AAEAANLdNYnvYDxgxFH36Zpzr43X44bDddIHEYEPMQfS6ZvZ"}
{"__ans__": 12.5, "question_key": "AAEAAGpN5LBnHIW8AABmuMUhiH+2gdlfkqKoL3kVYM/+Hgi/"}
{"__ans__": 28.0, "question_key": "AAEAAG1k/xvWFCPiB1phmJUYxmvDDJyGuKXwWeyzWPZLsk3j"}
{"__ans__": 39.66667, "question_key": "AAEAAIz0dHvxJQG5cmnx6lsc+xrTLdSxz/xLK37yV654mqWI"}
{"__ans__": 12.5, "question_key": "AAEAAAv6gjgE0jEuBcjXd5O8cws+Jo4BiY7zhvsEG83cAH0I"}
{"__ans__": 6.5, "question_key": "AAEAAK9Xm/+ot7sYjPLQ32dADdqkb8sIU/DjgcFsug97IJ8i"}
{"__ans__": 27.0, "question_key": "AAEAAJmyybeSQDzSCeUZvCO/640qyp4gOdQSp4cNlZbSWlvr"}
{"__ans__": 113.66667, "question_key": "AAEAAC/2UEdDTuByr/VANOojz7H33mdtIUwuhsy9acqQINs3"}
{"__ans__": 20.5, "question_key": "AAEAAI/1sgWQJ8t6tptgrfljNTgiWFD+gXgDOLIW1P7EK7JR"}
{"__ans__": 29.0, "question_key": "AAEAAIYHqZDXRCeoX0ImTqSCGiiz9G3GE7gaNKwyBCAPZZdB"}
{"__ans__": 11.0, "question_key": "AAEAAJUXno+Zr2E3gTF6Oxqugj/KiHM9vFrR/oV5sPKUsZ6s"}
{"__ans__": 28.0, "question_key": "AAEAAF8Z7kLORENas16qfpOQVNTuyWSuOHhzWHd7UFxQEcVk"}
{"__ans__": 5.0, "question_key": "AAEAAA/7SJoKM2JdT/9scnFfywVFLJPtFDp1bjLVU+xyoiVm"}
{"__ans__": 9.0, "question_key": "AAEAADkJ5zEGChYNPQLDMXo4Yj9FNM9Kzsl+QZupTrkJFs6H"}
{"__ans__": 24.66667, "question_key": "AAEAAOVJDsLIEE+NaNQpzhidyFfOV5dqgKCdjuFnRWAxylFn"}
{"__ans__": 21.5, "question_key": "AAEAAKJcStWGEbRyG+SgpLoMZA4tID7ijo4grUy1VHkmJD1d"}
{"__ans__": 48.0, "question_key": "AAEAAMphNJ8RRFv3s4k7QSMIUQOKl9s4s0LyyQxPAQPfS5OZ"}
{"__ans__": 55.66667, "question_key": "AAEAAMuh+emh+hSuwi42K7IUVNZR+Xl9QdYVu3j/nob1rB4G"}
{"__ans__": 29.83333, "question_key": "AAEAAEY4lJ5ZSKVyFWe/R54BqIALn73S3PqsCXwRXvU45fbu"}
{"__ans__": 53.0, "question_key": "AAEAAIiquoy8fud4eaveRKqQTg4RZSRHLhnLKkBW14H4zLui"}
{"__ans__": 33.0, "question_key": "AAEAABUNZmFzdbkBGjE/iIl3LIn4Q2h6FWKunWHR2Z9pD6WI"}
{"__ans__": 135.0, "question_key": "AAEAABmb9pwUQC2sUBX19RVV1HAHufnTj3Shq7R14Q4oA1/o"}
{"__ans__": 40.0, "question_key": "AAEAAH76nZdZYTNYiTe6Q1qLtp3akqrYXSj9NdXHvX2Fdo0g"}
{"__ans__": 20.0, "question_key": "AAEAAINDjwnyfOnqp8bZHDQE9De8NJW0TxHK+40GmudueE2S"}
{"__ans__": 46.0, "question_key": "AAEAANKZoVAStkAatc5hJOZE86i3PRXvf6qCuREYO+XQs2A9"}
{"__ans__": 28.5, "question_key": "AAEAABH0NsUM+NB5QS8zyELGXKZKZQiOjqKZFAiI+XpTf9He"}
{"__ans__": 39.33333, "question_key": "AAEAAKgCj3sbdpKkkXdxJBW3lNQi4WQA72EfDqeoqTM0ZSap"}
{"__ans__": 45.0, "question_key": "AAEAAGn6E/AlyLjhQPhNTLAIk6UThKGcPwEkuqQJwyDveq0H"}
{"__ans__": 31.5, "question_key": "AAEAAGGTI+Prt0w+N1cYw6kWyzIu+jysCniO0N8cF+RK6Zhi"}
{"__ans__": 23.75, "question_key": "AAEAAGVdLc+U5/K22iEClREFVkYRo3luw4csA9HBjh0uY0rU"}
{"__ans__": 31.5, "question_key": "AAEAAPXHs9N2Fs/jAYzrQHg6tzJC7BRZ6gFcHHu3RWvVaCZj"}
{"__ans__": 51.5, "question_key": "AAEAAHmuro2e3ZIQtQqBjNDR4fhSlkWbR9cDUgPAy7Yzc7mz"}
{"__ans__": 14.0, "question_key": "AAEAAN0J1LJNQr0Zi/F84Us/uEPhgK1/TJfA0AuTVRMokzZx"}
{"__ans__": 17.33333, "question_key": "AAEAADgn1P2jPx9PYePgPt5/9M1wlcCjURxKpZO3xO8ylPMl"}
{"__ans__": 21.33333, "question_key": "AAEAAChnrQn0HtcP5okLrXQAZPbNRjHY5ZB5cj4CUtXxVfcl"}
{"__ans__": 20.0, "question_key": "AAEAAM+OiKbjGu5DbaGSkOH4JJ9mzRq9JY1y83CjOf2qmqnl"}
{"__ans__": 44.33333, "question_key": "AAEAAIzErJrpR8p2T6UDmh25kt+DwjOl8wBUliS9gRxPHukP"}
{"__ans__": 10.0, "question_key": "AAEAAPeIZq3ZV3Ie8yHfu/H3GTsntZTTaegPjo8kHNyGGY/i"}
{"__ans__": 10.5, "question_key": "AAEAAOI2lqA5ywMgKC5P3VIhDjdF9XclSmdyl/uasuZuRRpx"}
{"__ans__": 4.5, "question_key": "AAEAABV8cqsgtoGaKVw2/XjHihLRm5sKjGdLa6Q+chXDc7HF"}
{"__ans__": 10.5, "question_key": "AAEAADJhRE3ohvEFebNzrq2y+E2lYNuxGVY4a99te5WhGOx/"}
{"__ans__": 131.25, "question_key": "AAEAANI+flEJfvs44JU1ohB2P5Y4o2L+7uZ2HY297+uXmroy"}
{"__ans__": 99.0, "question_key": "AAEAAGT+Xr6iRmIXSxjMyK8EvAf1cKDDq7XIzdRo8pIqaKCk"}
{"__ans__": 28.5, "question_key": "AAEAAOvK6vq/lu99IWD/BqIokAsUhJ3KEuuCCyUfB+g/amTX"}
{"__ans__": 5.0, "question_key": "AAEAAJoKj0mKjuKtjPc4sxsErsw6C3X+YrxEj1NFJRlabnd9"}
{"__ans__": 30.5, "question_key": "AAEAAKT8/8kDkTlYFiqlww1Ds9eMg22wnsvYGXT4Ljb0/2qR"}
{"__ans__": 59.5, "question_key": "AAEAAD1/9zjTTDAG9bHU8rdoWQdTRQj0RfmLqNNn7BvEk+Xw"}
{"__ans__": 44.75, "question_key": "AAEAAB/9ntlYqlPZbwVIEujDpA861BCV1B5P0AXAizsq25qW"}
{"__ans__": 45.0, "question_key": "AAEAAFTSnq4E/MTqDlwD26mTW1pavtxbJPuJYwvpt32RkbUO"}
{"__ans__": 37.0, "question_key": "AAEAAAzcR4FpswRt0VGkz+z7fio0kXyZNfZOHPEq67wpAS9Y"}
{"__ans__": 28.5, "question_key": "AAEAAGOlaX0I9lPTU9w1S7o34PwJ7BaFN92FBYJHkm51GEVV"}
{"__ans__": 28.0, "question_key": "AAEAAMn/p8JazTGCk/N3weFqfdDp/N/KaX+ksrla8kqxPEZJ"}
{"__ans__": 39.0, "question_key": "AAEAAL0RcmK0cCo7J4FCUR0vdj3Njk4aJpNqyf+RdVlKX0V1"}
{"__ans__": 45.75, "question_key": "AAEAAO5NpFNbR+I2K81glBkZIcLZrYrsdl2HawJjVwfTCHo8"}
{"__ans__": 6.5, "question_key": "AAEAADK/nISdzLt1gNjpfGB9Zo3GAQez5oWlNFhZYulKE3gA"}
{"__ans__": 51.75, "question_key": "AAEAAEOk3M6/Vewe5g8dgFYif5Sj4cMLTpfjquqA1zLZNFBB"}
{"__ans__": 133.66667, "question_key": "AAEAALImKyb+C/XrYu2MTIj0Gkr7G0m8M2cmhtG9BiA380zQ"}
{"__ans__": 154.0, "question_key": "AAEAAGqlU2dAZRrA6P4I39J0V9H1pnqZ3noJWyQCYBzuD/kW"}
{"__ans__": 41.0, "question_key": "AAEAAJeO2QvlOytmKWodLZMporTJnsAtEb6nUEfwPeR1/tJf"}
{"__ans__": 27.0, "question_key": "AAEAAHFOkP/Fk6c8LcGT4YU5dws9ssGx9EUGCJb1GWZfVwMZ"}
{"__ans__": 32.5, "question_key": "AAEAAEvR+MVbb5CYg1W4ppYSiurFjNvyVCcPvySiJp8iC9OF"}
{"__ans__": 46.1, "question_key": "AAEAAEj3khkJwLgQpGiRH1rCPwXmBmnZfL/tGBIozHMNZuKH"}
{"__ans__": 21.5, "question_key": "AAEAANF7QlrfPOkiq+rG2wVseXWmdmg6C1bnLRHfV4y5V7sL"}
{"__ans__": 14.0, "question_key": "AAEAABAuaTgmAY88+5u2w5lzhM4z+6Qe4j1zrvz9ORCyI4vR"}
{"__ans__": 10.0, "question_key": "AAEAAGLm3gD/KUySlQVB9EBoq3UyMZrsqpVTw55EJ6Sc8qrf"}
{"__ans__": 24.66667, "question_key": "AAEAAHGuWBvRmTnjDPnNh7cZlRo9kg5b+5JTboSPK5Rw/rbo"}
{"__ans__": 11.33333, "question_key": "AAEAAKY8HTeG1T0EjEQt5kKCeuEpb/gY2HQ/V4JESjoskyeD"}
{"__ans__": 5.5, "question_key": "AAEAAHmfgyW/cdz3fNedOrBfSUABaEThitfrfLJrGxnAof1b"}
{"__ans__": 42.33333, "question_key": "AAEAAO7DRM4+d3yzHMWc3t5wsqWaOFGDYMsoY+o0jaIgHZKG"}
{"__ans__": 8.5, "question_key": "AAEAAJpfvmNiAgdqpJTZv+iDJ+B6cM8PS7RBMansnzqY2zGd"}
{"__ans__": 12.0, "question_key": "AAEAAL86iUCeQ4XorD4gIcKcDu+fyyTE9jZoiwwNZ2RLI4uE"}
{"__ans__": 6.0, "question_key": "AAEAAD7vnuL23Tbn3aJ2Qbx6faX5GZcgc5nnnaY2HugIDhOz"}
{"__ans__": 49.5, "question_key": "AAEAAAWlSCnjm8gaExU7Ct679/cwj5r9hgu8lksU3KGekm4E"}
{"__ans__": 18.0, "question_key": "AAEAAN1i7OfX873EP/5tMg/f41O3zT0VesYpn6hw1CPP8WAD"}
{"__ans__": 11.5, "question_key": "AAEAAE+Y84kCDN+eIpV8Ssw2MrLQKKmKlxNeLEXS+D9X0fjv"}
{"__ans__": 19.5, "question_key": "AAEAAKE9r2jDZqyeC8fHmM923I0AY1ATbEEmU/quYkevqCTC"}
